Using pre-set license
Built from '2020.3/staging' branch; Version is '2020.3.5f1 (8095aa901b9b) revision 8426922'; Using compiler version '192528614'; Build Type 'Release'
OS: 'Windows 10 Education; OS build 19042.1052; Version 2009; 64bit' Language: 'ko' Physical Memory: 7926 MB
BatchMode: 1, IsHumanControllingUs: 0, StartBugReporterOnCrash: 0, Is64bit: 1, IsPro: 0

 COMMAND LINE ARGUMENTS:
C:\Program Files\Unity\Hub\Editor\2020.3.5f1\Editor\Unity.exe
-adb2
-batchMode
-noUpm
-name
AssetImportWorker0
-projectPath
C:/Users/lenovo/Desktop/game/Defence
-logFile
Logs/AssetImportWorker0.log
-srvPort
1578
Successfully changed project path to: C:/Users/lenovo/Desktop/game/Defence
C:/Users/lenovo/Desktop/game/Defence
Using Asset Import Pipeline V2.
Refreshing native plugins compatible for Editor in 151.43 ms, found 1 plugins.
Preloading 0 native plugins for Editor in 0.00 ms.
Initialize engine version: 2020.3.5f1 (8095aa901b9b)
[Subsystems] Discovering subsystems at path C:/Program Files/Unity/Hub/Editor/2020.3.5f1/Editor/Data/Resources/UnitySubsystems
[Subsystems] Discovering subsystems at path C:/Users/lenovo/Desktop/game/Defence/Assets
GfxDevice: creating device client; threaded=0
Direct3D:
    Version:  Direct3D 11.0 [level 11.1]
    Renderer: Intel(R) HD Graphics 5500 (ID=0x1616)
    Vendor:   
    VRAM:     3963 MB
    Driver:   20.19.15.5144
Initialize mono
Mono path[0] = 'C:/Program Files/Unity/Hub/Editor/2020.3.5f1/Editor/Data/Managed'
Mono path[1] = 'C:/Program Files/Unity/Hub/Editor/2020.3.5f1/Editor/Data/MonoBleedingEdge/lib/mono/unityjit'
Mono config path = 'C:/Program Files/Unity/Hub/Editor/2020.3.5f1/Editor/Data/MonoBleedingEdge/etc'
Using monoOptions --debugger-agent=transport=dt_socket,embedding=1,server=y,suspend=n,address=127.0.0.1:56392
Begin MonoManager ReloadAssembly
Registering precompiled unity dll's ...
Register platform support module: C:/Program Files/Unity/Hub/Editor/2020.3.5f1/Editor/Data/PlaybackEngines/WindowsStandaloneSupport/UnityEditor.WindowsStandalone.Extensions.dll
Registered in 0.015999 seconds.
Native extension for WindowsStandalone target not found
Refreshing native plugins compatible for Editor in 59.63 ms, found 1 plugins.
Preloading 0 native plugins for Editor in 0.00 ms.
Mono: successfully reloaded assembly
- Completed reload, in  6.252 seconds
Platform modules already initialized, skipping
Registering precompiled user dll's ...
Registered in 0.005486 seconds.
Begin MonoManager ReloadAssembly
Native extension for WindowsStandalone target not found
Refreshing native plugins compatible for Editor in 56.61 ms, found 1 plugins.
Preloading 0 native plugins for Editor in 0.00 ms.
Mono: successfully reloaded assembly
- Completed reload, in  2.203 seconds
Platform modules already initialized, skipping
========================================================================
Worker process is ready to serve import requests
Launched and connected shader compiler UnityShaderCompiler.exe after 0.18 seconds
Refreshing native plugins compatible for Editor in 2.17 ms, found 1 plugins.
Preloading 0 native plugins for Editor in 0.00 ms.
Unloading 1819 Unused Serialized files (Serialized files now loaded: 0)
System memory in use before: 85.3 MB.
System memory in use after: 85.2 MB.

Unloading 24 unused Assets to reduce memory usage. Loaded Objects now: 2263.
Total: 2.991600 ms (FindLiveObjects: 0.428200 ms CreateObjectMapping: 0.197000 ms MarkObjects: 2.120000 ms  DeleteObjects: 0.244000 ms)

========================================================================
Received Import Request.
  path: Assets/PreFabs/Bullet.prefab
  artifactKey: Guid(13abcf223fd8a2d498f10621074590fe) Importer(815301076,1909f56bfc062723c751e8b465ee728b)
Start importing Assets/PreFabs/Bullet.prefab using Guid(13abcf223fd8a2d498f10621074590fe) Importer(815301076,1909f56bfc062723c751e8b465ee728b)  -> (artifact id: '3c8f7488fb44af0dc6ec0717abd7d9fe') in 0.239409 seconds
  Import took 0.246135 seconds .

========================================================================
Received Import Request.
  Time since last request: 0.000591 seconds.
  path: Assets/PreFabs/Granade.prefab
  artifactKey: Guid(28da67542b61042408d7c08e25e47a7b) Importer(815301076,1909f56bfc062723c751e8b465ee728b)
Start importing Assets/PreFabs/Granade.prefab using Guid(28da67542b61042408d7c08e25e47a7b) Importer(815301076,1909f56bfc062723c751e8b465ee728b)  -> (artifact id: '66a1083e4af7c50aca170ad73c280939') in 0.035948 seconds
  Import took 0.042264 seconds .

========================================================================
Received Import Request.
  Time since last request: 0.000411 seconds.
  path: Assets/PreFabs/Hp_enemy.prefab
  artifactKey: Guid(c5129206fc2c52243bce7473972ff4f9) Importer(815301076,1909f56bfc062723c751e8b465ee728b)
Start importing Assets/PreFabs/Hp_enemy.prefab using Guid(c5129206fc2c52243bce7473972ff4f9) Importer(815301076,1909f56bfc062723c751e8b465ee728b)  -> (artifact id: 'd5ae538cb7ecae13031c9f40095721f4') in 0.029142 seconds
  Import took 0.036052 seconds .

========================================================================
Received Import Request.
  Time since last request: 0.000446 seconds.
  path: Assets/PreFabs/Enemy.prefab
  artifactKey: Guid(61a8f593c65de114aade586d8aeaa3be) Importer(815301076,1909f56bfc062723c751e8b465ee728b)
Start importing Assets/PreFabs/Enemy.prefab using Guid(61a8f593c65de114aade586d8aeaa3be) Importer(815301076,1909f56bfc062723c751e8b465ee728b)  -> (artifact id: '71d06a347ca945c4c8bb24a13b78b2e3') in 0.034571 seconds
  Import took 0.040469 seconds .

========================================================================
Received Import Request.
  Time since last request: 0.000515 seconds.
  path: Assets/PreFabs/Explosion.prefab
  artifactKey: Guid(2c2ef8c0e21d5fa4298caa44330a17a6) Importer(815301076,1909f56bfc062723c751e8b465ee728b)
Start importing Assets/PreFabs/Explosion.prefab using Guid(2c2ef8c0e21d5fa4298caa44330a17a6) Importer(815301076,1909f56bfc062723c751e8b465ee728b)  -> (artifact id: '2ac4e3cb00545a055d951e0c64b8100f') in 0.030738 seconds
  Import took 0.036654 seconds .

========================================================================
Received Import Request.
  Time since last request: 0.000399 seconds.
  path: Assets/PreFabs/Target.prefab
  artifactKey: Guid(40750acc271606b4a94bf67152ac77a1) Importer(815301076,1909f56bfc062723c751e8b465ee728b)
Start importing Assets/PreFabs/Target.prefab using Guid(40750acc271606b4a94bf67152ac77a1) Importer(815301076,1909f56bfc062723c751e8b465ee728b)  -> (artifact id: '011f45bf6847718d0abff7888b888756') in 0.038409 seconds
  Import took 0.045396 seconds .

========================================================================
Received Prepare
Registering precompiled user dll's ...
Registered in 0.005293 seconds.
Begin MonoManager ReloadAssembly
Native extension for WindowsStandalone target not found
Refreshing native plugins compatible for Editor in 0.46 ms, found 1 plugins.
Preloading 0 native plugins for Editor in 0.00 ms.
Mono: successfully reloaded assembly
- Completed reload, in  2.042 seconds
Platform modules already initialized, skipping
Refreshing native plugins compatible for Editor in 0.80 ms, found 1 plugins.
Preloading 0 native plugins for Editor in 0.00 ms.
Unloading 1814 Unused Serialized files (Serialized files now loaded: 0)
System memory in use before: 88.3 MB.
System memory in use after: 88.3 MB.

Unloading 12 unused Assets to reduce memory usage. Loaded Objects now: 2274.
Total: 2.561500 ms (FindLiveObjects: 0.238900 ms CreateObjectMapping: 0.091400 ms MarkObjects: 2.096800 ms  DeleteObjects: 0.132300 ms)

========================================================================
Received Import Request.
  Time since last request: 86.524106 seconds.
  path: Assets/PreFabs/Button_Level1.prefab
  artifactKey: Guid(658f6b7eae1d9ce46b4f8831d88a2dc2) Importer(815301076,1909f56bfc062723c751e8b465ee728b)
Start importing Assets/PreFabs/Button_Level1.prefab using Guid(658f6b7eae1d9ce46b4f8831d88a2dc2) Importer(815301076,1909f56bfc062723c751e8b465ee728b)  -> (artifact id: 'b8eae1416b3fd5cde73564f65875871c') in 0.081393 seconds
  Import took 0.093142 seconds .

========================================================================
Received Import Request.
  Time since last request: 1059.845603 seconds.
  path: Assets/PreFabs/Button_DamageUp.prefab
  artifactKey: Guid(6f68b254025e52948a3253cfaaf01240) Importer(815301076,1909f56bfc062723c751e8b465ee728b)
Start importing Assets/PreFabs/Button_DamageUp.prefab using Guid(6f68b254025e52948a3253cfaaf01240) Importer(815301076,1909f56bfc062723c751e8b465ee728b)  -> (artifact id: 'b387ce098a3bf80c6f9f4090c597776c') in 0.019532 seconds
  Import took 0.030613 seconds .

========================================================================
Received Import Request.
  Time since last request: 2.414993 seconds.
  path: Assets/PreFabs/Button_HpUp.prefab
  artifactKey: Guid(a9fedcd1dfd762d4fbf8651aacfe6a4d) Importer(815301076,1909f56bfc062723c751e8b465ee728b)
Start importing Assets/PreFabs/Button_HpUp.prefab using Guid(a9fedcd1dfd762d4fbf8651aacfe6a4d) Importer(815301076,1909f56bfc062723c751e8b465ee728b)  -> (artifact id: 'd8fac24a87ca1a5d2401474b59baf69c') in 0.017771 seconds
  Import took 0.032791 seconds .

========================================================================
Received Import Request.
  Time since last request: 2.269996 seconds.
  path: Assets/PreFabs/Button_DelayUp.prefab
  artifactKey: Guid(63424b511e751af4bb967d5d99ec3015) Importer(815301076,1909f56bfc062723c751e8b465ee728b)
Start importing Assets/PreFabs/Button_DelayUp.prefab using Guid(63424b511e751af4bb967d5d99ec3015) Importer(815301076,1909f56bfc062723c751e8b465ee728b)  -> (artifact id: 'e8daa0fdf776f4447b9612b184f8ede9') in 0.019168 seconds
  Import took 0.028915 seconds .

========================================================================
Received Prepare
Registering precompiled user dll's ...
Registered in 0.008330 seconds.
Begin MonoManager ReloadAssembly
Native extension for WindowsStandalone target not found
Refreshing native plugins compatible for Editor in 0.44 ms, found 1 plugins.
Preloading 0 native plugins for Editor in 0.00 ms.
Mono: successfully reloaded assembly
- Completed reload, in  1.842 seconds
Platform modules already initialized, skipping
Refreshing native plugins compatible for Editor in 0.74 ms, found 1 plugins.
Preloading 0 native plugins for Editor in 0.00 ms.
Unloading 1814 Unused Serialized files (Serialized files now loaded: 0)
System memory in use before: 88.4 MB.
System memory in use after: 88.4 MB.

Unloading 13 unused Assets to reduce memory usage. Loaded Objects now: 2280.
Total: 2.772700 ms (FindLiveObjects: 0.251500 ms CreateObjectMapping: 0.083200 ms MarkObjects: 2.261700 ms  DeleteObjects: 0.174100 ms)

========================================================================
Received Prepare
Registering precompiled user dll's ...
Registered in 0.006168 seconds.
Begin MonoManager ReloadAssembly
Native extension for WindowsStandalone target not found
Refreshing native plugins compatible for Editor in 0.45 ms, found 1 plugins.
Preloading 0 native plugins for Editor in 0.00 ms.
Mono: successfully reloaded assembly
- Completed reload, in  2.052 seconds
Platform modules already initialized, skipping
Refreshing native plugins compatible for Editor in 1.73 ms, found 1 plugins.
Preloading 0 native plugins for Editor in 0.00 ms.
Unloading 1814 Unused Serialized files (Serialized files now loaded: 0)
System memory in use before: 88.4 MB.
System memory in use after: 88.4 MB.

Unloading 12 unused Assets to reduce memory usage. Loaded Objects now: 2284.
Total: 2.916000 ms (FindLiveObjects: 0.334300 ms CreateObjectMapping: 0.149300 ms MarkObjects: 2.247300 ms  DeleteObjects: 0.181800 ms)

========================================================================
Received Prepare
Registering precompiled user dll's ...
Registered in 0.007333 seconds.
Begin MonoManager ReloadAssembly
Native extension for WindowsStandalone target not found
Refreshing native plugins compatible for Editor in 0.80 ms, found 1 plugins.
Preloading 0 native plugins for Editor in 0.00 ms.
Mono: successfully reloaded assembly
- Completed reload, in  2.121 seconds
Platform modules already initialized, skipping
Refreshing native plugins compatible for Editor in 0.71 ms, found 1 plugins.
Preloading 0 native plugins for Editor in 0.00 ms.
Unloading 1814 Unused Serialized files (Serialized files now loaded: 0)
System memory in use before: 88.4 MB.
System memory in use after: 88.4 MB.

Unloading 12 unused Assets to reduce memory usage. Loaded Objects now: 2288.
Total: 2.427400 ms (FindLiveObjects: 0.203200 ms CreateObjectMapping: 0.075700 ms MarkObjects: 2.002400 ms  DeleteObjects: 0.144400 ms)

========================================================================
Received Prepare
Registering precompiled user dll's ...
Registered in 0.005113 seconds.
Begin MonoManager ReloadAssembly
Native extension for WindowsStandalone target not found
Refreshing native plugins compatible for Editor in 0.46 ms, found 1 plugins.
Preloading 0 native plugins for Editor in 0.00 ms.
Mono: successfully reloaded assembly
- Completed reload, in  2.597 seconds
Platform modules already initialized, skipping
Refreshing native plugins compatible for Editor in 3.92 ms, found 1 plugins.
Preloading 0 native plugins for Editor in 0.00 ms.
Unloading 1814 Unused Serialized files (Serialized files now loaded: 0)
System memory in use before: 88.5 MB.
System memory in use after: 88.4 MB.

Unloading 12 unused Assets to reduce memory usage. Loaded Objects now: 2292.
Total: 6.179600 ms (FindLiveObjects: 0.944800 ms CreateObjectMapping: 0.178000 ms MarkObjects: 4.876100 ms  DeleteObjects: 0.177800 ms)

========================================================================
Received Prepare
Registering precompiled user dll's ...
Registered in 0.010515 seconds.
Begin MonoManager ReloadAssembly
Native extension for WindowsStandalone target not found
Refreshing native plugins compatible for Editor in 2.28 ms, found 1 plugins.
Preloading 0 native plugins for Editor in 0.00 ms.
Mono: successfully reloaded assembly
- Completed reload, in  2.292 seconds
Platform modules already initialized, skipping
Refreshing native plugins compatible for Editor in 0.75 ms, found 1 plugins.
Preloading 0 native plugins for Editor in 0.00 ms.
Unloading 1814 Unused Serialized files (Serialized files now loaded: 0)
System memory in use before: 88.5 MB.
System memory in use after: 88.4 MB.

Unloading 12 unused Assets to reduce memory usage. Loaded Objects now: 2296.
Total: 2.590300 ms (FindLiveObjects: 0.236700 ms CreateObjectMapping: 0.086900 ms MarkObjects: 2.111200 ms  DeleteObjects: 0.153900 ms)

========================================================================
Received Import Request.
  Time since last request: 4684.891259 seconds.
  path: Assets/Image
  artifactKey: Guid(84fbeffd974a26f43b0885e8e8f8fdd0) Importer(815301076,1909f56bfc062723c751e8b465ee728b)
Start importing Assets/Image using Guid(84fbeffd974a26f43b0885e8e8f8fdd0) Importer(815301076,1909f56bfc062723c751e8b465ee728b)  -> (artifact id: '2315dc630ede3c4a2824e6f06985d542') in 0.025182 seconds
  Import took 0.034175 seconds .

========================================================================
Received Import Request.
  Time since last request: 0.006353 seconds.
  path: Assets/Image/aaThomas_right-removebg-preview.png
  artifactKey: Guid(806384ca0dc140343a55c42d467fd4e0) Importer(815301076,1909f56bfc062723c751e8b465ee728b)
Start importing Assets/Image/aaThomas_right-removebg-preview.png using Guid(806384ca0dc140343a55c42d467fd4e0) Importer(815301076,1909f56bfc062723c751e8b465ee728b)  -> (artifact id: 'fa66f59853dc8ae5bda900f99ca58d74') in 0.173962 seconds
  Import took 0.181169 seconds .

========================================================================
Received Import Request.
  Time since last request: 0.003613 seconds.
  path: Assets/Image/aaThomas_right-removebg-preview.png
  artifactKey: Guid(806384ca0dc140343a55c42d467fd4e0) Importer(815301076,1909f56bfc062723c751e8b465ee728b)
Start importing Assets/Image/aaThomas_right-removebg-preview.png using Guid(806384ca0dc140343a55c42d467fd4e0) Importer(815301076,1909f56bfc062723c751e8b465ee728b)  -> (artifact id: 'fa66f59853dc8ae5bda900f99ca58d74') in 0.034083 seconds
  Import took 0.046050 seconds .

========================================================================
Received Import Request.
  Time since last request: 3.921588 seconds.
  path: Assets/Image/PC_Computer_-_Total_Domination_-_Gun_Lv5-removebg-preview.png
  artifactKey: Guid(1d64daa6ad1d8184cbc672b5a7d48bfd) Importer(815301076,1909f56bfc062723c751e8b465ee728b)
Start importing Assets/Image/PC_Computer_-_Total_Domination_-_Gun_Lv5-removebg-preview.png using Guid(1d64daa6ad1d8184cbc672b5a7d48bfd) Importer(815301076,1909f56bfc062723c751e8b465ee728b)  -> (artifact id: '3b916acf965055724bfa53485e3a56bd') in 0.038956 seconds
  Import took 0.049618 seconds .

========================================================================
Received Import Request.
  Time since last request: 12.905785 seconds.
  path: Assets/Image/PC_Computer_-_Total_Domination_-_Gun_Lv5-removebg-preview.png
  artifactKey: Guid(1d64daa6ad1d8184cbc672b5a7d48bfd) Importer(815301076,1909f56bfc062723c751e8b465ee728b)
Start importing Assets/Image/PC_Computer_-_Total_Domination_-_Gun_Lv5-removebg-preview.png using Guid(1d64daa6ad1d8184cbc672b5a7d48bfd) Importer(815301076,1909f56bfc062723c751e8b465ee728b)  -> (artifact id: 'fa18fc66a38eb6987958916538c731fc') in 0.030540 seconds
  Import took 0.038227 seconds .

========================================================================
Received Import Request.
  Time since last request: 22.388935 seconds.
  path: Assets/Image/PC_Computer_-_Total_Domination_-_Gun_Lv5-removebg-preview.png
  artifactKey: Guid(1d64daa6ad1d8184cbc672b5a7d48bfd) Importer(815301076,1909f56bfc062723c751e8b465ee728b)
Start importing Assets/Image/PC_Computer_-_Total_Domination_-_Gun_Lv5-removebg-preview.png using Guid(1d64daa6ad1d8184cbc672b5a7d48bfd) Importer(815301076,1909f56bfc062723c751e8b465ee728b)  -> (artifact id: 'fa5df212a3f629945a224d53e1d43ace') in 0.066689 seconds
  Import took 0.074759 seconds .

========================================================================
Received Import Request.
  Time since last request: 189.360135 seconds.
  path: Assets/Image/PC_Computer_-_Total_Domination_-_Gun_Lv4-removebg-preview.png
  artifactKey: Guid(b3007845331191b429aaf422f0a1ab10) Importer(815301076,1909f56bfc062723c751e8b465ee728b)
Start importing Assets/Image/PC_Computer_-_Total_Domination_-_Gun_Lv4-removebg-preview.png using Guid(b3007845331191b429aaf422f0a1ab10) Importer(815301076,1909f56bfc062723c751e8b465ee728b)  -> (artifact id: '8b65bd4ea1f0106a9ce8819e516fd44b') in 0.048527 seconds
  Import took 0.057728 seconds .

========================================================================
Received Import Request.
  Time since last request: 15.435854 seconds.
  path: Assets/Image/PC_Computer_-_Total_Domination_-_Gun_Lv4-removebg-preview.png
  artifactKey: Guid(b3007845331191b429aaf422f0a1ab10) Importer(815301076,1909f56bfc062723c751e8b465ee728b)
Start importing Assets/Image/PC_Computer_-_Total_Domination_-_Gun_Lv4-removebg-preview.png using Guid(b3007845331191b429aaf422f0a1ab10) Importer(815301076,1909f56bfc062723c751e8b465ee728b)  -> (artifact id: 'da1d2a04e5d295f071ea6779a7e68a9d') in 0.030583 seconds
  Import took 0.042705 seconds .

========================================================================
Received Import Request.
  Time since last request: 93.694934 seconds.
  path: Assets/Image/PC_Computer_-_Total_Domination_-_Gun_Lv4-removebg-preview.png
  artifactKey: Guid(b3007845331191b429aaf422f0a1ab10) Importer(815301076,1909f56bfc062723c751e8b465ee728b)
Start importing Assets/Image/PC_Computer_-_Total_Domination_-_Gun_Lv4-removebg-preview.png using Guid(b3007845331191b429aaf422f0a1ab10) Importer(815301076,1909f56bfc062723c751e8b465ee728b)  -> (artifact id: 'af49c799ab5f36886a43f127a63965af') in 0.093742 seconds
  Import took 0.104445 seconds .

========================================================================
Received Prepare
Registering precompiled user dll's ...
Registered in 0.004816 seconds.
Begin MonoManager ReloadAssembly
Native extension for WindowsStandalone target not found
Refreshing native plugins compatible for Editor in 0.43 ms, found 1 plugins.
Preloading 0 native plugins for Editor in 0.00 ms.
Mono: successfully reloaded assembly
- Completed reload, in  2.288 seconds
Platform modules already initialized, skipping
Refreshing native plugins compatible for Editor in 0.99 ms, found 1 plugins.
Preloading 0 native plugins for Editor in 0.00 ms.
Unloading 1815 Unused Serialized files (Serialized files now loaded: 0)
System memory in use before: 88.6 MB.
System memory in use after: 88.6 MB.

Unloading 12 unused Assets to reduce memory usage. Loaded Objects now: 2347.
Total: 3.711600 ms (FindLiveObjects: 0.249200 ms CreateObjectMapping: 0.092000 ms MarkObjects: 2.912400 ms  DeleteObjects: 0.453800 ms)

========================================================================
Received Prepare
Registering precompiled user dll's ...
Registered in 0.006462 seconds.
Begin MonoManager ReloadAssembly
Native extension for WindowsStandalone target not found
Refreshing native plugins compatible for Editor in 1.04 ms, found 1 plugins.
Preloading 0 native plugins for Editor in 0.00 ms.
Mono: successfully reloaded assembly
- Completed reload, in  2.170 seconds
Platform modules already initialized, skipping
Refreshing native plugins compatible for Editor in 0.73 ms, found 1 plugins.
Preloading 0 native plugins for Editor in 0.00 ms.
Unloading 1815 Unused Serialized files (Serialized files now loaded: 0)
System memory in use before: 88.6 MB.
System memory in use after: 88.6 MB.

Unloading 12 unused Assets to reduce memory usage. Loaded Objects now: 2351.
Total: 3.115000 ms (FindLiveObjects: 0.327800 ms CreateObjectMapping: 0.165900 ms MarkObjects: 2.462900 ms  DeleteObjects: 0.156300 ms)

========================================================================
Received Import Request.
  Time since last request: 225.779068 seconds.
  path: Assets/PreFabs
  artifactKey: Guid(cd6053bc372292d478939eae6a62d901) Importer(815301076,1909f56bfc062723c751e8b465ee728b)
Start importing Assets/PreFabs using Guid(cd6053bc372292d478939eae6a62d901) Importer(815301076,1909f56bfc062723c751e8b465ee728b)  -> (artifact id: '0a438af18f766e431aea0dc2b47ce573') in 0.023299 seconds
  Import took 0.030336 seconds .

========================================================================
Received Prepare
Registering precompiled user dll's ...
Registered in 0.006908 seconds.
Begin MonoManager ReloadAssembly
Native extension for WindowsStandalone target not found
Refreshing native plugins compatible for Editor in 0.46 ms, found 1 plugins.
Preloading 0 native plugins for Editor in 0.00 ms.
Mono: successfully reloaded assembly
- Completed reload, in  2.490 seconds
Platform modules already initialized, skipping
Refreshing native plugins compatible for Editor in 3.17 ms, found 1 plugins.
Preloading 0 native plugins for Editor in 0.00 ms.
Unloading 1815 Unused Serialized files (Serialized files now loaded: 0)
System memory in use before: 88.6 MB.
System memory in use after: 88.6 MB.

Unloading 12 unused Assets to reduce memory usage. Loaded Objects now: 2355.
Total: 4.875400 ms (FindLiveObjects: 0.890400 ms CreateObjectMapping: 0.149400 ms MarkObjects: 3.601700 ms  DeleteObjects: 0.231300 ms)

========================================================================
Received Prepare
Registering precompiled user dll's ...
Registered in 0.005019 seconds.
Begin MonoManager ReloadAssembly
Native extension for WindowsStandalone target not found
Refreshing native plugins compatible for Editor in 0.41 ms, found 1 plugins.
Preloading 0 native plugins for Editor in 0.00 ms.
Mono: successfully reloaded assembly
- Completed reload, in  2.273 seconds
Platform modules already initialized, skipping
Refreshing native plugins compatible for Editor in 1.13 ms, found 1 plugins.
Preloading 0 native plugins for Editor in 0.00 ms.
Unloading 1815 Unused Serialized files (Serialized files now loaded: 0)
System memory in use before: 88.6 MB.
System memory in use after: 88.6 MB.

Unloading 12 unused Assets to reduce memory usage. Loaded Objects now: 2359.
Total: 2.657700 ms (FindLiveObjects: 0.307600 ms CreateObjectMapping: 0.091000 ms MarkObjects: 2.119100 ms  DeleteObjects: 0.138000 ms)

========================================================================
Received Import Request.
  Time since last request: 54.012975 seconds.
  path: Assets/PreFabs/Gun.prefab
  artifactKey: Guid(9e74a36cd12502546b117965144c3235) Importer(815301076,1909f56bfc062723c751e8b465ee728b)
Start importing Assets/PreFabs/Gun.prefab using Guid(9e74a36cd12502546b117965144c3235) Importer(815301076,1909f56bfc062723c751e8b465ee728b)  -> (artifact id: 'fd89b11682944531f4571ada1a48848e') in 0.102070 seconds
  Import took 0.108424 seconds .

========================================================================
Received Prepare
Registering precompiled user dll's ...
Registered in 0.007540 seconds.
Begin MonoManager ReloadAssembly
Native extension for WindowsStandalone target not found
Refreshing native plugins compatible for Editor in 0.43 ms, found 1 plugins.
Preloading 0 native plugins for Editor in 0.00 ms.
Mono: successfully reloaded assembly
- Completed reload, in  2.477 seconds
Platform modules already initialized, skipping
Refreshing native plugins compatible for Editor in 0.86 ms, found 1 plugins.
Preloading 0 native plugins for Editor in 0.00 ms.
Unloading 1815 Unused Serialized files (Serialized files now loaded: 0)
System memory in use before: 88.6 MB.
System memory in use after: 88.6 MB.

Unloading 12 unused Assets to reduce memory usage. Loaded Objects now: 2364.
Total: 4.946700 ms (FindLiveObjects: 0.253600 ms CreateObjectMapping: 0.141900 ms MarkObjects: 4.329800 ms  DeleteObjects: 0.218700 ms)

========================================================================
Received Prepare
Registering precompiled user dll's ...
Registered in 0.004744 seconds.
Begin MonoManager ReloadAssembly
Native extension for WindowsStandalone target not found
Refreshing native plugins compatible for Editor in 0.46 ms, found 1 plugins.
Preloading 0 native plugins for Editor in 0.00 ms.
Mono: successfully reloaded assembly
- Completed reload, in  2.114 seconds
Platform modules already initialized, skipping
Refreshing native plugins compatible for Editor in 0.72 ms, found 1 plugins.
Preloading 0 native plugins for Editor in 0.00 ms.
Unloading 1815 Unused Serialized files (Serialized files now loaded: 0)
System memory in use before: 88.6 MB.
System memory in use after: 88.6 MB.

Unloading 12 unused Assets to reduce memory usage. Loaded Objects now: 2368.
Total: 3.496900 ms (FindLiveObjects: 1.218600 ms CreateObjectMapping: 0.114300 ms MarkObjects: 2.019900 ms  DeleteObjects: 0.141900 ms)

========================================================================
Received Prepare
Registering precompiled user dll's ...
Registered in 0.006689 seconds.
Begin MonoManager ReloadAssembly
Native extension for WindowsStandalone target not found
Refreshing native plugins compatible for Editor in 0.51 ms, found 1 plugins.
Preloading 0 native plugins for Editor in 0.00 ms.
Mono: successfully reloaded assembly
- Completed reload, in  2.002 seconds
Platform modules already initialized, skipping
Refreshing native plugins compatible for Editor in 0.70 ms, found 1 plugins.
Preloading 0 native plugins for Editor in 0.00 ms.
Unloading 1815 Unused Serialized files (Serialized files now loaded: 0)
System memory in use before: 88.7 MB.
System memory in use after: 88.6 MB.

Unloading 12 unused Assets to reduce memory usage. Loaded Objects now: 2372.
Total: 2.759500 ms (FindLiveObjects: 0.300200 ms CreateObjectMapping: 0.141200 ms MarkObjects: 2.176000 ms  DeleteObjects: 0.140600 ms)

========================================================================
Received Prepare
Registering precompiled user dll's ...
Registered in 0.084738 seconds.
Begin MonoManager ReloadAssembly
Native extension for WindowsStandalone target not found
Refreshing native plugins compatible for Editor in 0.44 ms, found 1 plugins.
Preloading 0 native plugins for Editor in 0.00 ms.
Mono: successfully reloaded assembly
- Completed reload, in  2.350 seconds
Platform modules already initialized, skipping
Refreshing native plugins compatible for Editor in 0.71 ms, found 1 plugins.
Preloading 0 native plugins for Editor in 0.00 ms.
Unloading 1815 Unused Serialized files (Serialized files now loaded: 0)
System memory in use before: 88.7 MB.
System memory in use after: 88.6 MB.

Unloading 12 unused Assets to reduce memory usage. Loaded Objects now: 2376.
Total: 2.897700 ms (FindLiveObjects: 0.255700 ms CreateObjectMapping: 0.100100 ms MarkObjects: 2.391100 ms  DeleteObjects: 0.148600 ms)

========================================================================
Received Prepare
Registering precompiled user dll's ...
Registered in 0.006849 seconds.
Begin MonoManager ReloadAssembly
Native extension for WindowsStandalone target not found
Refreshing native plugins compatible for Editor in 0.46 ms, found 1 plugins.
Preloading 0 native plugins for Editor in 0.00 ms.
Mono: successfully reloaded assembly
- Completed reload, in  1.947 seconds
Platform modules already initialized, skipping
Refreshing native plugins compatible for Editor in 0.76 ms, found 1 plugins.
Preloading 0 native plugins for Editor in 0.00 ms.
Unloading 1815 Unused Serialized files (Serialized files now loaded: 0)
System memory in use before: 88.7 MB.
System memory in use after: 88.6 MB.

Unloading 12 unused Assets to reduce memory usage. Loaded Objects now: 2380.
Total: 2.559900 ms (FindLiveObjects: 0.233200 ms CreateObjectMapping: 0.088400 ms MarkObjects: 2.086800 ms  DeleteObjects: 0.149700 ms)

========================================================================
Received Prepare
Registering precompiled user dll's ...
Registered in 0.010757 seconds.
Begin MonoManager ReloadAssembly
Native extension for WindowsStandalone target not found
Refreshing native plugins compatible for Editor in 0.69 ms, found 1 plugins.
Preloading 0 native plugins for Editor in 0.00 ms.
Mono: successfully reloaded assembly
- Completed reload, in  5.190 seconds
Platform modules already initialized, skipping
Refreshing native plugins compatible for Editor in 2.09 ms, found 1 plugins.
Preloading 0 native plugins for Editor in 0.00 ms.
Unloading 1815 Unused Serialized files (Serialized files now loaded: 0)
System memory in use before: 88.7 MB.
System memory in use after: 88.7 MB.

Unloading 12 unused Assets to reduce memory usage. Loaded Objects now: 2384.
Total: 6.980600 ms (FindLiveObjects: 1.029900 ms CreateObjectMapping: 0.942500 ms MarkObjects: 4.830100 ms  DeleteObjects: 0.172900 ms)

========================================================================
Received Prepare
Registering precompiled user dll's ...
Registered in 0.007832 seconds.
Begin MonoManager ReloadAssembly
Native extension for WindowsStandalone target not found
Refreshing native plugins compatible for Editor in 0.48 ms, found 1 plugins.
Preloading 0 native plugins for Editor in 0.00 ms.
Mono: successfully reloaded assembly
- Completed reload, in  3.041 seconds
Platform modules already initialized, skipping
Refreshing native plugins compatible for Editor in 1.12 ms, found 1 plugins.
Preloading 0 native plugins for Editor in 0.00 ms.
Unloading 1815 Unused Serialized files (Serialized files now loaded: 0)
System memory in use before: 88.7 MB.
System memory in use after: 88.7 MB.

Unloading 12 unused Assets to reduce memory usage. Loaded Objects now: 2388.
Total: 3.149600 ms (FindLiveObjects: 0.389000 ms CreateObjectMapping: 0.169100 ms MarkObjects: 2.421300 ms  DeleteObjects: 0.167000 ms)

========================================================================
Received Prepare
Registering precompiled user dll's ...
Registered in 0.004974 seconds.
Begin MonoManager ReloadAssembly
Native extension for WindowsStandalone target not found
Refreshing native plugins compatible for Editor in 1.17 ms, found 1 plugins.
Preloading 0 native plugins for Editor in 0.00 ms.
Mono: successfully reloaded assembly
- Completed reload, in  2.499 seconds
Platform modules already initialized, skipping
Refreshing native plugins compatible for Editor in 0.72 ms, found 1 plugins.
Preloading 0 native plugins for Editor in 0.00 ms.
Unloading 1815 Unused Serialized files (Serialized files now loaded: 0)
System memory in use before: 88.7 MB.
System memory in use after: 88.7 MB.

Unloading 12 unused Assets to reduce memory usage. Loaded Objects now: 2392.
Total: 2.955900 ms (FindLiveObjects: 0.340300 ms CreateObjectMapping: 0.141300 ms MarkObjects: 2.312200 ms  DeleteObjects: 0.159800 ms)

========================================================================
Received Prepare
Registering precompiled user dll's ...
Registered in 0.004660 seconds.
Begin MonoManager ReloadAssembly
Native extension for WindowsStandalone target not found
Refreshing native plugins compatible for Editor in 0.46 ms, found 1 plugins.
Preloading 0 native plugins for Editor in 0.00 ms.
Mono: successfully reloaded assembly
- Completed reload, in  4.467 seconds
Platform modules already initialized, skipping
Refreshing native plugins compatible for Editor in 0.70 ms, found 1 plugins.
Preloading 0 native plugins for Editor in 0.00 ms.
Unloading 1815 Unused Serialized files (Serialized files now loaded: 0)
System memory in use before: 88.7 MB.
System memory in use after: 88.7 MB.

Unloading 12 unused Assets to reduce memory usage. Loaded Objects now: 2396.
Total: 2.696200 ms (FindLiveObjects: 0.303100 ms CreateObjectMapping: 0.091300 ms MarkObjects: 2.153200 ms  DeleteObjects: 0.146500 ms)

========================================================================
Received Prepare
Registering precompiled user dll's ...
Registered in 0.005822 seconds.
Begin MonoManager ReloadAssembly
Native extension for WindowsStandalone target not found
Refreshing native plugins compatible for Editor in 0.46 ms, found 1 plugins.
Preloading 0 native plugins for Editor in 0.00 ms.
Mono: successfully reloaded assembly
- Completed reload, in  2.049 seconds
Platform modules already initialized, skipping
Refreshing native plugins compatible for Editor in 0.71 ms, found 1 plugins.
Preloading 0 native plugins for Editor in 0.00 ms.
Unloading 1815 Unused Serialized files (Serialized files now loaded: 0)
System memory in use before: 88.7 MB.
System memory in use after: 88.7 MB.

Unloading 12 unused Assets to reduce memory usage. Loaded Objects now: 2400.
Total: 2.877900 ms (FindLiveObjects: 0.298700 ms CreateObjectMapping: 0.152000 ms MarkObjects: 2.274000 ms  DeleteObjects: 0.151400 ms)

========================================================================
Received Prepare
Registering precompiled user dll's ...
Registered in 0.005799 seconds.
Begin MonoManager ReloadAssembly
Native extension for WindowsStandalone target not found
Refreshing native plugins compatible for Editor in 0.50 ms, found 1 plugins.
Preloading 0 native plugins for Editor in 0.00 ms.
Mono: successfully reloaded assembly
- Completed reload, in  2.406 seconds
Platform modules already initialized, skipping
Refreshing native plugins compatible for Editor in 13.23 ms, found 1 plugins.
Preloading 0 native plugins for Editor in 0.00 ms.
Unloading 1815 Unused Serialized files (Serialized files now loaded: 0)
System memory in use before: 88.7 MB.
System memory in use after: 88.7 MB.

Unloading 12 unused Assets to reduce memory usage. Loaded Objects now: 2404.
Total: 8.158000 ms (FindLiveObjects: 0.904300 ms CreateObjectMapping: 0.570400 ms MarkObjects: 6.070700 ms  DeleteObjects: 0.607200 ms)

========================================================================
Received Prepare
Registering precompiled user dll's ...
Registered in 0.005411 seconds.
Begin MonoManager ReloadAssembly
Native extension for WindowsStandalone target not found
Refreshing native plugins compatible for Editor in 0.48 ms, found 1 plugins.
Preloading 0 native plugins for Editor in 0.00 ms.
Mono: successfully reloaded assembly
- Completed reload, in  2.278 seconds
Platform modules already initialized, skipping
Refreshing native plugins compatible for Editor in 3.12 ms, found 1 plugins.
Preloading 0 native plugins for Editor in 0.00 ms.
Unloading 1815 Unused Serialized files (Serialized files now loaded: 0)
System memory in use before: 88.7 MB.
System memory in use after: 88.7 MB.

Unloading 12 unused Assets to reduce memory usage. Loaded Objects now: 2408.
Total: 9.267500 ms (FindLiveObjects: 0.525800 ms CreateObjectMapping: 0.236900 ms MarkObjects: 8.107400 ms  DeleteObjects: 0.393700 ms)

========================================================================
Received Prepare
Registering precompiled user dll's ...
Registered in 0.004712 seconds.
Begin MonoManager ReloadAssembly
Native extension for WindowsStandalone target not found
Refreshing native plugins compatible for Editor in 0.47 ms, found 1 plugins.
Preloading 0 native plugins for Editor in 0.00 ms.
Mono: successfully reloaded assembly
- Completed reload, in  1.795 seconds
Platform modules already initialized, skipping
Refreshing native plugins compatible for Editor in 1.14 ms, found 1 plugins.
Preloading 0 native plugins for Editor in 0.00 ms.
Unloading 1815 Unused Serialized files (Serialized files now loaded: 0)
System memory in use before: 88.7 MB.
System memory in use after: 88.7 MB.

Unloading 12 unused Assets to reduce memory usage. Loaded Objects now: 2412.
Total: 2.645400 ms (FindLiveObjects: 0.237500 ms CreateObjectMapping: 0.089600 ms MarkObjects: 2.171700 ms  DeleteObjects: 0.144900 ms)

========================================================================
Received Prepare
Registering precompiled user dll's ...
Registered in 0.004900 seconds.
Begin MonoManager ReloadAssembly
Native extension for WindowsStandalone target not found
Refreshing native plugins compatible for Editor in 0.48 ms, found 1 plugins.
Preloading 0 native plugins for Editor in 0.00 ms.
Mono: successfully reloaded assembly
- Completed reload, in  2.096 seconds
Platform modules already initialized, skipping
Refreshing native plugins compatible for Editor in 0.75 ms, found 1 plugins.
Preloading 0 native plugins for Editor in 0.00 ms.
Unloading 1815 Unused Serialized files (Serialized files now loaded: 0)
System memory in use before: 88.7 MB.
System memory in use after: 88.7 MB.

Unloading 12 unused Assets to reduce memory usage. Loaded Objects now: 2416.
Total: 3.116500 ms (FindLiveObjects: 0.290200 ms CreateObjectMapping: 0.110000 ms MarkObjects: 2.556100 ms  DeleteObjects: 0.158100 ms)

========================================================================
Received Prepare
Registering precompiled user dll's ...
Registered in 0.007072 seconds.
Begin MonoManager ReloadAssembly
Native extension for WindowsStandalone target not found
Refreshing native plugins compatible for Editor in 0.45 ms, found 1 plugins.
Preloading 0 native plugins for Editor in 0.00 ms.
Mono: successfully reloaded assembly
- Completed reload, in  1.911 seconds
Platform modules already initialized, skipping
Refreshing native plugins compatible for Editor in 0.58 ms, found 1 plugins.
Preloading 0 native plugins for Editor in 0.00 ms.
Unloading 1816 Unused Serialized files (Serialized files now loaded: 0)
System memory in use before: 88.8 MB.
System memory in use after: 88.7 MB.

Unloading 12 unused Assets to reduce memory usage. Loaded Objects now: 2421.
Total: 4.161700 ms (FindLiveObjects: 0.376000 ms CreateObjectMapping: 0.135500 ms MarkObjects: 3.439900 ms  DeleteObjects: 0.207600 ms)

========================================================================
Received Prepare
Registering precompiled user dll's ...
Registered in 0.005339 seconds.
Begin MonoManager ReloadAssembly
Native extension for WindowsStandalone target not found
Refreshing native plugins compatible for Editor in 0.44 ms, found 1 plugins.
Preloading 0 native plugins for Editor in 0.00 ms.
Mono: successfully reloaded assembly
- Completed reload, in  2.139 seconds
Platform modules already initialized, skipping
Refreshing native plugins compatible for Editor in 0.73 ms, found 1 plugins.
Preloading 0 native plugins for Editor in 0.00 ms.
Unloading 1816 Unused Serialized files (Serialized files now loaded: 0)
System memory in use before: 88.8 MB.
System memory in use after: 88.8 MB.

Unloading 12 unused Assets to reduce memory usage. Loaded Objects now: 2425.
Total: 3.022000 ms (FindLiveObjects: 0.369400 ms CreateObjectMapping: 0.128500 ms MarkObjects: 2.308900 ms  DeleteObjects: 0.212500 ms)

========================================================================
Received Import Request.
  Time since last request: 3133.211232 seconds.
  path: Assets/PreFabs/Button_DamageUp.prefab
  artifactKey: Guid(6f68b254025e52948a3253cfaaf01240) Importer(815301076,1909f56bfc062723c751e8b465ee728b)
Start importing Assets/PreFabs/Button_DamageUp.prefab using Guid(6f68b254025e52948a3253cfaaf01240) Importer(815301076,1909f56bfc062723c751e8b465ee728b)  -> (artifact id: 'be28d778b00276b3fb4c240803247cf4') in 0.100763 seconds
  Import took 0.111491 seconds .

========================================================================
Received Import Request.
  Time since last request: 93.975486 seconds.
  path: Assets/Defence_Sprites/Background.png
  artifactKey: Guid(548efd6b14113fc4ca4e7a7156243279) Importer(815301076,1909f56bfc062723c751e8b465ee728b)
Start importing Assets/Defence_Sprites/Background.png using Guid(548efd6b14113fc4ca4e7a7156243279) Importer(815301076,1909f56bfc062723c751e8b465ee728b)  -> (artifact id: 'a2db1d955c1644b37a1755a4fcb2469f') in 0.099704 seconds
  Import took 0.110220 seconds .

========================================================================
Received Import Request.
  Time since last request: 0.002361 seconds.
  path: Assets/Defence_Sprites/Background.png
  artifactKey: Guid(548efd6b14113fc4ca4e7a7156243279) Importer(815301076,1909f56bfc062723c751e8b465ee728b)
Start importing Assets/Defence_Sprites/Background.png using Guid(548efd6b14113fc4ca4e7a7156243279) Importer(815301076,1909f56bfc062723c751e8b465ee728b)  -> (artifact id: 'a2db1d955c1644b37a1755a4fcb2469f') in 0.032095 seconds
  Import took 0.038728 seconds .

========================================================================
Received Import Request.
  Time since last request: 206.826245 seconds.
  path: Assets/PreFabs/Button_DamageUp.prefab
  artifactKey: Guid(6f68b254025e52948a3253cfaaf01240) Importer(815301076,1909f56bfc062723c751e8b465ee728b)
Start importing Assets/PreFabs/Button_DamageUp.prefab using Guid(6f68b254025e52948a3253cfaaf01240) Importer(815301076,1909f56bfc062723c751e8b465ee728b)  -> (artifact id: '2cd04d7cb3537eceb850deab780dae84') in 0.018975 seconds
  Import took 0.026659 seconds .

========================================================================
Received Prepare
Registering precompiled user dll's ...
Registered in 0.008218 seconds.
Begin MonoManager ReloadAssembly
Native extension for WindowsStandalone target not found
Refreshing native plugins compatible for Editor in 0.53 ms, found 1 plugins.
Preloading 0 native plugins for Editor in 0.00 ms.
Mono: successfully reloaded assembly
- Completed reload, in  1.955 seconds
Platform modules already initialized, skipping
Refreshing native plugins compatible for Editor in 1.62 ms, found 1 plugins.
Preloading 0 native plugins for Editor in 0.00 ms.
Unloading 1816 Unused Serialized files (Serialized files now loaded: 0)
System memory in use before: 88.8 MB.
System memory in use after: 88.8 MB.

Unloading 13 unused Assets to reduce memory usage. Loaded Objects now: 2432.
Total: 2.532400 ms (FindLiveObjects: 0.242600 ms CreateObjectMapping: 0.078600 ms MarkObjects: 2.052700 ms  DeleteObjects: 0.156700 ms)

========================================================================
Received Import Request.
  Time since last request: 158.865344 seconds.
  path: Assets/PreFabs/Button_DamageUp.prefab
  artifactKey: Guid(6f68b254025e52948a3253cfaaf01240) Importer(815301076,1909f56bfc062723c751e8b465ee728b)
Start importing Assets/PreFabs/Button_DamageUp.prefab using Guid(6f68b254025e52948a3253cfaaf01240) Importer(815301076,1909f56bfc062723c751e8b465ee728b)  -> (artifact id: '218023c9a1c9644bf5175d66f51426f6') in 0.087972 seconds
  Import took 0.097837 seconds .

========================================================================
Received Import Request.
  Time since last request: 0.001104 seconds.
  path: Assets/PreFabs/Button_DamageUp.prefab
  artifactKey: Guid(6f68b254025e52948a3253cfaaf01240) Importer(815301076,1909f56bfc062723c751e8b465ee728b)
Start importing Assets/PreFabs/Button_DamageUp.prefab using Guid(6f68b254025e52948a3253cfaaf01240) Importer(815301076,1909f56bfc062723c751e8b465ee728b)  -> (artifact id: '218023c9a1c9644bf5175d66f51426f6') in 0.017476 seconds
  Import took 0.025134 seconds .

========================================================================
Received Import Request.
  Time since last request: 33.419589 seconds.
  path: Assets/PreFabs/Button_DelayUp.prefab
  artifactKey: Guid(63424b511e751af4bb967d5d99ec3015) Importer(815301076,1909f56bfc062723c751e8b465ee728b)
Start importing Assets/PreFabs/Button_DelayUp.prefab using Guid(63424b511e751af4bb967d5d99ec3015) Importer(815301076,1909f56bfc062723c751e8b465ee728b)  -> (artifact id: 'aaf14148989196797acacae10bad137b') in 0.015567 seconds
  Import took 0.027754 seconds .

========================================================================
Received Import Request.
  Time since last request: 39.089154 seconds.
  path: Assets/PreFabs/Button_HpUp.prefab
  artifactKey: Guid(a9fedcd1dfd762d4fbf8651aacfe6a4d) Importer(815301076,1909f56bfc062723c751e8b465ee728b)
Start importing Assets/PreFabs/Button_HpUp.prefab using Guid(a9fedcd1dfd762d4fbf8651aacfe6a4d) Importer(815301076,1909f56bfc062723c751e8b465ee728b)  -> (artifact id: '9730227c09372751e7d5dcd54786d8f1') in 0.015323 seconds
  Import took 0.022347 seconds .

========================================================================
Received Import Request.
  Time since last request: 31.751004 seconds.
  path: Assets/PreFabs/Button_FullHp.prefab
  artifactKey: Guid(8dd924e2c6851b947a0e22d13f8f4937) Importer(815301076,1909f56bfc062723c751e8b465ee728b)
Start importing Assets/PreFabs/Button_FullHp.prefab using Guid(8dd924e2c6851b947a0e22d13f8f4937) Importer(815301076,1909f56bfc062723c751e8b465ee728b)  -> (artifact id: '7d4195909c8db85f4e6f7c08cbf16b2f') in 0.022431 seconds
  Import took 0.032342 seconds .

========================================================================
Received Import Request.
  Time since last request: 0.007988 seconds.
  path: Assets/PreFabs/Button_FullHp.prefab
  artifactKey: Guid(8dd924e2c6851b947a0e22d13f8f4937) Importer(815301076,1909f56bfc062723c751e8b465ee728b)
Start importing Assets/PreFabs/Button_FullHp.prefab using Guid(8dd924e2c6851b947a0e22d13f8f4937) Importer(815301076,1909f56bfc062723c751e8b465ee728b)  -> (artifact id: '7d4195909c8db85f4e6f7c08cbf16b2f') in 0.019568 seconds
  Import took 0.028465 seconds .

========================================================================
Received Prepare
Registering precompiled user dll's ...
Registered in 0.005063 seconds.
Begin MonoManager ReloadAssembly
Native extension for WindowsStandalone target not found
Refreshing native plugins compatible for Editor in 0.84 ms, found 1 plugins.
Preloading 0 native plugins for Editor in 0.00 ms.
Mono: successfully reloaded assembly
- Completed reload, in  3.104 seconds
Platform modules already initialized, skipping
Refreshing native plugins compatible for Editor in 0.87 ms, found 1 plugins.
Preloading 0 native plugins for Editor in 0.00 ms.
Unloading 1816 Unused Serialized files (Serialized files now loaded: 0)
System memory in use before: 88.8 MB.
System memory in use after: 88.8 MB.

Unloading 13 unused Assets to reduce memory usage. Loaded Objects now: 2436.
Total: 3.211300 ms (FindLiveObjects: 0.383000 ms CreateObjectMapping: 0.108300 ms MarkObjects: 2.564600 ms  DeleteObjects: 0.152800 ms)

========================================================================
Received Import Request.
  Time since last request: 746.107731 seconds.
  path: Assets/PreFabs/Button_DamageUp.prefab
  artifactKey: Guid(6f68b254025e52948a3253cfaaf01240) Importer(815301076,1909f56bfc062723c751e8b465ee728b)
Start importing Assets/PreFabs/Button_DamageUp.prefab using Guid(6f68b254025e52948a3253cfaaf01240) Importer(815301076,1909f56bfc062723c751e8b465ee728b)  -> (artifact id: '77d714086d65a45d6b7fecd210b126b2') in 0.099754 seconds
  Import took 0.107825 seconds .

========================================================================
Received Import Request.
  Time since last request: 0.062423 seconds.
  path: Assets/PreFabs/Button_DamageUp.prefab
  artifactKey: Guid(6f68b254025e52948a3253cfaaf01240) Importer(815301076,1909f56bfc062723c751e8b465ee728b)
Start importing Assets/PreFabs/Button_DamageUp.prefab using Guid(6f68b254025e52948a3253cfaaf01240) Importer(815301076,1909f56bfc062723c751e8b465ee728b)  -> (artifact id: '5b5691c44fca02b8f7bb6b3464b95f4f') in 0.017611 seconds
  Import took 0.026440 seconds .

========================================================================
Received Import Request.
  Time since last request: 1086.081926 seconds.
  path: ProjectSettings/TagManager.asset
  artifactKey: Guid(00000000000000003000000000000000) Importer(815301076,1909f56bfc062723c751e8b465ee728b)
Start importing ProjectSettings/TagManager.asset using Guid(00000000000000003000000000000000) Importer(815301076,1909f56bfc062723c751e8b465ee728b)  -> (artifact id: 'd9967e21ba068419aa030452e0858477') in 0.035748 seconds
  Import took 0.042238 seconds .

========================================================================
Received Import Request.
  Time since last request: 70.744898 seconds.
  path: Assets/PreFabs/Button_DamageUp.prefab
  artifactKey: Guid(6f68b254025e52948a3253cfaaf01240) Importer(815301076,1909f56bfc062723c751e8b465ee728b)
Start importing Assets/PreFabs/Button_DamageUp.prefab using Guid(6f68b254025e52948a3253cfaaf01240) Importer(815301076,1909f56bfc062723c751e8b465ee728b)  -> (artifact id: '44e96f75a14923f81ede62a850238ec0') in 0.018239 seconds
  Import took 0.025356 seconds .

========================================================================
Received Import Request.
  Time since last request: 5.082070 seconds.
  path: Assets/PreFabs/Button_DelayUp.prefab
  artifactKey: Guid(63424b511e751af4bb967d5d99ec3015) Importer(815301076,1909f56bfc062723c751e8b465ee728b)
Start importing Assets/PreFabs/Button_DelayUp.prefab using Guid(63424b511e751af4bb967d5d99ec3015) Importer(815301076,1909f56bfc062723c751e8b465ee728b)  -> (artifact id: '4062863de77a94736e879f7c196f0b06') in 0.019067 seconds
  Import took 0.027801 seconds .

========================================================================
Received Import Request.
  Time since last request: 5.402040 seconds.
  path: Assets/PreFabs/Button_FullHp.prefab
  artifactKey: Guid(8dd924e2c6851b947a0e22d13f8f4937) Importer(815301076,1909f56bfc062723c751e8b465ee728b)
Start importing Assets/PreFabs/Button_FullHp.prefab using Guid(8dd924e2c6851b947a0e22d13f8f4937) Importer(815301076,1909f56bfc062723c751e8b465ee728b)  -> (artifact id: '0789b1ce58c97bd3169e1d0881e7ebba') in 0.027137 seconds
  Import took 0.039828 seconds .

========================================================================
Received Import Request.
  Time since last request: 6.018712 seconds.
  path: Assets/PreFabs/Button_HpUp.prefab
  artifactKey: Guid(a9fedcd1dfd762d4fbf8651aacfe6a4d) Importer(815301076,1909f56bfc062723c751e8b465ee728b)
Start importing Assets/PreFabs/Button_HpUp.prefab using Guid(a9fedcd1dfd762d4fbf8651aacfe6a4d) Importer(815301076,1909f56bfc062723c751e8b465ee728b)  -> (artifact id: 'd257496706f0653fb0d56e74e03adabf') in 0.017187 seconds
  Import took 0.024794 seconds .

========================================================================
Received Import Request.
  Time since last request: 516.323461 seconds.
  path: Assets/PreFabs/Button_DamageUp.prefab
  artifactKey: Guid(6f68b254025e52948a3253cfaaf01240) Importer(815301076,1909f56bfc062723c751e8b465ee728b)
Start importing Assets/PreFabs/Button_DamageUp.prefab using Guid(6f68b254025e52948a3253cfaaf01240) Importer(815301076,1909f56bfc062723c751e8b465ee728b)  -> (artifact id: '7e430732a0ae42cfd4f6224321dcabb3') in 0.017041 seconds
  Import took 0.024079 seconds .

========================================================================
Received Import Request.
  Time since last request: 5.355592 seconds.
  path: Assets/PreFabs/Button_DelayUp.prefab
  artifactKey: Guid(63424b511e751af4bb967d5d99ec3015) Importer(815301076,1909f56bfc062723c751e8b465ee728b)
Start importing Assets/PreFabs/Button_DelayUp.prefab using Guid(63424b511e751af4bb967d5d99ec3015) Importer(815301076,1909f56bfc062723c751e8b465ee728b)  -> (artifact id: '8cbf029211442afa47684bef85fb695d') in 0.015746 seconds
  Import took 0.028308 seconds .

========================================================================
Received Import Request.
  Time since last request: 0.601497 seconds.
  path: Assets/PreFabs/Button_DelayUp.prefab
  artifactKey: Guid(63424b511e751af4bb967d5d99ec3015) Importer(815301076,1909f56bfc062723c751e8b465ee728b)
Start importing Assets/PreFabs/Button_DelayUp.prefab using Guid(63424b511e751af4bb967d5d99ec3015) Importer(815301076,1909f56bfc062723c751e8b465ee728b)  -> (artifact id: '289300d7c25ac2ffd05d3104f8a31e00') in 0.016119 seconds
  Import took 0.024202 seconds .

========================================================================
Received Import Request.
  Time since last request: 1.155108 seconds.
  path: Assets/PreFabs/Button_DelayUp.prefab
  artifactKey: Guid(63424b511e751af4bb967d5d99ec3015) Importer(815301076,1909f56bfc062723c751e8b465ee728b)
Start importing Assets/PreFabs/Button_DelayUp.prefab using Guid(63424b511e751af4bb967d5d99ec3015) Importer(815301076,1909f56bfc062723c751e8b465ee728b)  -> (artifact id: '34f797f47a471e70582da6a69d56b7ad') in 0.023661 seconds
  Import took 0.036084 seconds .

========================================================================
Received Import Request.
  Time since last request: 0.026203 seconds.
  path: Assets/PreFabs/Button_DelayUp.prefab
  artifactKey: Guid(63424b511e751af4bb967d5d99ec3015) Importer(815301076,1909f56bfc062723c751e8b465ee728b)
Start importing Assets/PreFabs/Button_DelayUp.prefab using Guid(63424b511e751af4bb967d5d99ec3015) Importer(815301076,1909f56bfc062723c751e8b465ee728b)  -> (artifact id: '34f797f47a471e70582da6a69d56b7ad') in 0.020496 seconds
  Import took 0.029894 seconds .

========================================================================
Received Import Request.
  Time since last request: 3.377576 seconds.
  path: Assets/PreFabs/Button_FullHp.prefab
  artifactKey: Guid(8dd924e2c6851b947a0e22d13f8f4937) Importer(815301076,1909f56bfc062723c751e8b465ee728b)
Start importing Assets/PreFabs/Button_FullHp.prefab using Guid(8dd924e2c6851b947a0e22d13f8f4937) Importer(815301076,1909f56bfc062723c751e8b465ee728b)  -> (artifact id: '9b8311e45ddfe2e6ac95e9429e39ca71') in 0.017520 seconds
  Import took 0.025202 seconds .

========================================================================
Received Import Request.
  Time since last request: 0.530417 seconds.
  path: Assets/PreFabs/Button_FullHp.prefab
  artifactKey: Guid(8dd924e2c6851b947a0e22d13f8f4937) Importer(815301076,1909f56bfc062723c751e8b465ee728b)
Start importing Assets/PreFabs/Button_FullHp.prefab using Guid(8dd924e2c6851b947a0e22d13f8f4937) Importer(815301076,1909f56bfc062723c751e8b465ee728b)  -> (artifact id: '125e1910c6d89bc3fc1426870f86150c') in 0.014743 seconds
  Import took 0.023881 seconds .

========================================================================
Received Import Request.
  Time since last request: 0.037723 seconds.
  path: Assets/PreFabs/Button_FullHp.prefab
  artifactKey: Guid(8dd924e2c6851b947a0e22d13f8f4937) Importer(815301076,1909f56bfc062723c751e8b465ee728b)
Start importing Assets/PreFabs/Button_FullHp.prefab using Guid(8dd924e2c6851b947a0e22d13f8f4937) Importer(815301076,1909f56bfc062723c751e8b465ee728b)  -> (artifact id: '125e1910c6d89bc3fc1426870f86150c') in 0.021936 seconds
  Import took 0.029925 seconds .

========================================================================
Received Import Request.
  Time since last request: 4.269091 seconds.
  path: Assets/PreFabs/Button_FullHp.prefab
  artifactKey: Guid(8dd924e2c6851b947a0e22d13f8f4937) Importer(815301076,1909f56bfc062723c751e8b465ee728b)
Start importing Assets/PreFabs/Button_FullHp.prefab using Guid(8dd924e2c6851b947a0e22d13f8f4937) Importer(815301076,1909f56bfc062723c751e8b465ee728b)  -> (artifact id: 'd4150670d4a75c1f3fbe06d0fbf48a9a') in 0.019465 seconds
  Import took 0.027845 seconds .

========================================================================
Received Import Request.
  Time since last request: 3.540656 seconds.
  path: Assets/PreFabs/Button_HpUp.prefab
  artifactKey: Guid(a9fedcd1dfd762d4fbf8651aacfe6a4d) Importer(815301076,1909f56bfc062723c751e8b465ee728b)
Start importing Assets/PreFabs/Button_HpUp.prefab using Guid(a9fedcd1dfd762d4fbf8651aacfe6a4d) Importer(815301076,1909f56bfc062723c751e8b465ee728b)  -> (artifact id: 'cf462a9176476f7182a81e3f6a653c9c') in 0.024518 seconds
  Import took 0.039485 seconds .

========================================================================
Received Import Request.
  Time since last request: 0.659185 seconds.
  path: Assets/PreFabs/Button_HpUp.prefab
  artifactKey: Guid(a9fedcd1dfd762d4fbf8651aacfe6a4d) Importer(815301076,1909f56bfc062723c751e8b465ee728b)
Start importing Assets/PreFabs/Button_HpUp.prefab using Guid(a9fedcd1dfd762d4fbf8651aacfe6a4d) Importer(815301076,1909f56bfc062723c751e8b465ee728b)  -> (artifact id: 'ae8acfdfda6d6740de3484214d2c4d92') in 0.022782 seconds
  Import took 0.039021 seconds .

========================================================================
Received Import Request.
  Time since last request: 2.974008 seconds.
  path: Assets/PreFabs/Button_HpUp.prefab
  artifactKey: Guid(a9fedcd1dfd762d4fbf8651aacfe6a4d) Importer(815301076,1909f56bfc062723c751e8b465ee728b)
Start importing Assets/PreFabs/Button_HpUp.prefab using Guid(a9fedcd1dfd762d4fbf8651aacfe6a4d) Importer(815301076,1909f56bfc062723c751e8b465ee728b)  -> (artifact id: 'fecdae6d2f7cc9a7d2e5512a32b48bb2') in 0.057471 seconds
  Import took 0.093373 seconds .

========================================================================
Received Prepare
Registering precompiled user dll's ...
Registered in 0.010159 seconds.
Begin MonoManager ReloadAssembly
Native extension for WindowsStandalone target not found
Refreshing native plugins compatible for Editor in 0.58 ms, found 1 plugins.
Preloading 0 native plugins for Editor in 0.00 ms.
Mono: successfully reloaded assembly
- Completed reload, in  2.044 seconds
Platform modules already initialized, skipping
Refreshing native plugins compatible for Editor in 1.01 ms, found 1 plugins.
Preloading 0 native plugins for Editor in 0.00 ms.
Unloading 1816 Unused Serialized files (Serialized files now loaded: 0)
System memory in use before: 88.8 MB.
System memory in use after: 88.8 MB.

Unloading 14 unused Assets to reduce memory usage. Loaded Objects now: 2440.
Total: 3.329700 ms (FindLiveObjects: 0.348800 ms CreateObjectMapping: 0.156600 ms MarkObjects: 2.594700 ms  DeleteObjects: 0.226800 ms)

