Using pre-set license
Built from '2020.3/staging' branch; Version is '2020.3.5f1 (8095aa901b9b) revision 8426922'; Using compiler version '192528614'; Build Type 'Release'
OS: 'Windows 10 Education; OS build 19042.1110; Version 2009; 64bit' Language: 'ko' Physical Memory: 7926 MB
BatchMode: 1, IsHumanControllingUs: 0, StartBugReporterOnCrash: 0, Is64bit: 1, IsPro: 0

 COMMAND LINE ARGUMENTS:
C:\Program Files\Unity\Hub\Editor\2020.3.5f1\Editor\Unity.exe
-adb2
-batchMode
-noUpm
-name
AssetImportWorker1
-projectPath
C:/Users/lenovo/Desktop/game/Defence
-logFile
Logs/AssetImportWorker1.log
-srvPort
14907
Successfully changed project path to: C:/Users/lenovo/Desktop/game/Defence
C:/Users/lenovo/Desktop/game/Defence
Using Asset Import Pipeline V2.
Refreshing native plugins compatible for Editor in 161.67 ms, found 1 plugins.
Preloading 0 native plugins for Editor in 0.00 ms.
Initialize engine version: 2020.3.5f1 (8095aa901b9b)
[Subsystems] Discovering subsystems at path C:/Program Files/Unity/Hub/Editor/2020.3.5f1/Editor/Data/Resources/UnitySubsystems
[Subsystems] Discovering subsystems at path C:/Users/lenovo/Desktop/game/Defence/Assets
GfxDevice: creating device client; threaded=0
Direct3D:
    Version:  Direct3D 11.0 [level 11.1]
    Renderer: Intel(R) HD Graphics 5500 (ID=0x1616)
    Vendor:   
    VRAM:     3963 MB
    Driver:   20.19.15.5144
Initialize mono
Mono path[0] = 'C:/Program Files/Unity/Hub/Editor/2020.3.5f1/Editor/Data/Managed'
Mono path[1] = 'C:/Program Files/Unity/Hub/Editor/2020.3.5f1/Editor/Data/MonoBleedingEdge/lib/mono/unityjit'
Mono config path = 'C:/Program Files/Unity/Hub/Editor/2020.3.5f1/Editor/Data/MonoBleedingEdge/etc'
Using monoOptions --debugger-agent=transport=dt_socket,embedding=1,server=y,suspend=n,address=127.0.0.1:56136
Begin MonoManager ReloadAssembly
Registering precompiled unity dll's ...
Register platform support module: C:/Program Files/Unity/Hub/Editor/2020.3.5f1/Editor/Data/PlaybackEngines/WindowsStandaloneSupport/UnityEditor.WindowsStandalone.Extensions.dll
Registered in 0.019255 seconds.
Native extension for WindowsStandalone target not found
Refreshing native plugins compatible for Editor in 74.96 ms, found 1 plugins.
Preloading 0 native plugins for Editor in 0.00 ms.
Mono: successfully reloaded assembly
- Completed reload, in  4.441 seconds
Platform modules already initialized, skipping
Registering precompiled user dll's ...
Registered in 0.007313 seconds.
Begin MonoManager ReloadAssembly
Native extension for WindowsStandalone target not found
Refreshing native plugins compatible for Editor in 101.16 ms, found 1 plugins.
Preloading 0 native plugins for Editor in 0.00 ms.
Mono: successfully reloaded assembly
- Completed reload, in  3.448 seconds
Platform modules already initialized, skipping
========================================================================
Worker process is ready to serve import requests
Launched and connected shader compiler UnityShaderCompiler.exe after 0.19 seconds
Refreshing native plugins compatible for Editor in 0.76 ms, found 1 plugins.
Preloading 0 native plugins for Editor in 0.00 ms.
Unloading 1833 Unused Serialized files (Serialized files now loaded: 0)
System memory in use before: 86.0 MB.
System memory in use after: 85.9 MB.

Unloading 24 unused Assets to reduce memory usage. Loaded Objects now: 2279.
Total: 2.869900 ms (FindLiveObjects: 0.305900 ms CreateObjectMapping: 0.082100 ms MarkObjects: 2.313000 ms  DeleteObjects: 0.166700 ms)

========================================================================
Received Import Request.
  path: Assets/Image/PC_Computer_-_Total_Domination_-_Gun_Lv4-removebg-preview.png
  artifactKey: Guid(b3007845331191b429aaf422f0a1ab10) Importer(815301076,1909f56bfc062723c751e8b465ee728b)
Start importing Assets/Image/PC_Computer_-_Total_Domination_-_Gun_Lv4-removebg-preview.png using Guid(b3007845331191b429aaf422f0a1ab10) Importer(815301076,1909f56bfc062723c751e8b465ee728b)  -> (artifact id: '67febbf76b9f05dcf9b6add3c16b3dd3') in 0.611993 seconds
  Import took 0.618587 seconds .

========================================================================
Received Import Request.
  Time since last request: 0.000400 seconds.
  path: Assets/Image/PC_Computer_-_Total_Domination_-_Gun_Lv5-removebg-preview.png
  artifactKey: Guid(1d64daa6ad1d8184cbc672b5a7d48bfd) Importer(815301076,1909f56bfc062723c751e8b465ee728b)
Start importing Assets/Image/PC_Computer_-_Total_Domination_-_Gun_Lv5-removebg-preview.png using Guid(1d64daa6ad1d8184cbc672b5a7d48bfd) Importer(815301076,1909f56bfc062723c751e8b465ee728b)  -> (artifact id: '283d7d3aae486dadd0e7a0474d2a71f6') in 0.066776 seconds
  Import took 0.077141 seconds .

========================================================================
Received Import Request.
  Time since last request: 0.000783 seconds.
  path: Assets/Image/PC Computer - Overwatch - Soldier 76.png
  artifactKey: Guid(d3fd02bf53fe2e94dbec3e1c4651d81f) Importer(815301076,1909f56bfc062723c751e8b465ee728b)
Start importing Assets/Image/PC Computer - Overwatch - Soldier 76.png using Guid(d3fd02bf53fe2e94dbec3e1c4651d81f) Importer(815301076,1909f56bfc062723c751e8b465ee728b)  -> (artifact id: '24a0aedc7e0bac8e2469c459598adc92') in 0.081750 seconds
  Import took 0.095717 seconds .

========================================================================
Received Import Request.
  Time since last request: 0.000428 seconds.
  path: Assets/Image/pet0179_0001.png
  artifactKey: Guid(c61cdae1a7dfcd7418ee925de1b6d407) Importer(815301076,1909f56bfc062723c751e8b465ee728b)
Start importing Assets/Image/pet0179_0001.png using Guid(c61cdae1a7dfcd7418ee925de1b6d407) Importer(815301076,1909f56bfc062723c751e8b465ee728b)  -> (artifact id: '979445646ca7baf9bec274910eaa0271') in 0.172325 seconds
  Import took 0.188135 seconds .

========================================================================
Received Import Request.
  Time since last request: 0.000658 seconds.
  path: Assets/Image/aaThomas_right-removebg-preview.png
  artifactKey: Guid(806384ca0dc140343a55c42d467fd4e0) Importer(815301076,1909f56bfc062723c751e8b465ee728b)
Start importing Assets/Image/aaThomas_right-removebg-preview.png using Guid(806384ca0dc140343a55c42d467fd4e0) Importer(815301076,1909f56bfc062723c751e8b465ee728b)  -> (artifact id: 'fa66f59853dc8ae5bda900f99ca58d74') in 0.091255 seconds
  Import took 0.111999 seconds .

========================================================================
Received Import Request.
  Time since last request: 0.000505 seconds.
  path: Assets/Image/turret/PC Computer - Battalion Modern - Turret Attack (1) 1.png
  artifactKey: Guid(045113d46a5732343b903c2a289edc9e) Importer(815301076,1909f56bfc062723c751e8b465ee728b)
Start importing Assets/Image/turret/PC Computer - Battalion Modern - Turret Attack (1) 1.png using Guid(045113d46a5732343b903c2a289edc9e) Importer(815301076,1909f56bfc062723c751e8b465ee728b)  -> (artifact id: '3ce134889148a0c8e37d3e366387f3c3') in 0.346218 seconds
  Import took 0.358997 seconds .

========================================================================
Received Import Request.
  Time since last request: 0.000458 seconds.
  path: Assets/Image
  artifactKey: Guid(84fbeffd974a26f43b0885e8e8f8fdd0) Importer(815301076,1909f56bfc062723c751e8b465ee728b)
Start importing Assets/Image using Guid(84fbeffd974a26f43b0885e8e8f8fdd0) Importer(815301076,1909f56bfc062723c751e8b465ee728b)  -> (artifact id: '2315dc630ede3c4a2824e6f06985d542') in 0.040590 seconds
  Import took 0.107783 seconds .

========================================================================
Received Import Request.
  Time since last request: 0.001187 seconds.
  path: Assets/Image/pngegg.png
  artifactKey: Guid(01e7318a137d64e429cef764bb1d412b) Importer(815301076,1909f56bfc062723c751e8b465ee728b)
Start importing Assets/Image/pngegg.png using Guid(01e7318a137d64e429cef764bb1d412b) Importer(815301076,1909f56bfc062723c751e8b465ee728b)  -> (artifact id: 'c01cae5542758a322b51b49605b676d2') in 0.069460 seconds
  Import took 0.088594 seconds .

========================================================================
Received Import Request.
  Time since last request: 0.000514 seconds.
  path: Assets/Image/PC Computer - Overwatch - Mercy.png
  artifactKey: Guid(5f88f4bf8657ba24ba319a58ef2de7a4) Importer(815301076,1909f56bfc062723c751e8b465ee728b)
Start importing Assets/Image/PC Computer - Overwatch - Mercy.png using Guid(5f88f4bf8657ba24ba319a58ef2de7a4) Importer(815301076,1909f56bfc062723c751e8b465ee728b)  -> (artifact id: 'd3479a3f465c317d710854df81539a5c') in 0.072674 seconds
  Import took 0.090244 seconds .

========================================================================
Received Import Request.
  Time since last request: 0.000541 seconds.
  path: Assets/Image/PC Computer - Overwatch - McCree.png
  artifactKey: Guid(8ea6a03a5c9631c40aca47d08f9f32ae) Importer(815301076,1909f56bfc062723c751e8b465ee728b)
Start importing Assets/Image/PC Computer - Overwatch - McCree.png using Guid(8ea6a03a5c9631c40aca47d08f9f32ae) Importer(815301076,1909f56bfc062723c751e8b465ee728b)  -> (artifact id: '58b7abf39cc3ce6fd599942046a00469') in 0.078221 seconds
  Import took 0.102639 seconds .

========================================================================
Received Import Request.
  Time since last request: 0.000495 seconds.
  path: Assets/Image/turret
  artifactKey: Guid(0e6d64c268a40d0498f925640fb135fd) Importer(815301076,1909f56bfc062723c751e8b465ee728b)
Start importing Assets/Image/turret using Guid(0e6d64c268a40d0498f925640fb135fd) Importer(815301076,1909f56bfc062723c751e8b465ee728b)  -> (artifact id: '27005ad564be46c5c5ae511ea3f45e26') in 0.017320 seconds
  Import took 0.031315 seconds .

========================================================================
Received Import Request.
  Time since last request: 0.000433 seconds.
  path: Assets/Image/65787465726e616c2f36382e6d656469612e74756d626c722e636f6d2f74756d626c725f6d7379657a724d75324a317331707561376f315f313238302e706e67-removebg-preview.png
  artifactKey: Guid(a5ce85ba7779aa54e90cc14c85deae36) Importer(815301076,1909f56bfc062723c751e8b465ee728b)
Start importing Assets/Image/65787465726e616c2f36382e6d656469612e74756d626c722e636f6d2f74756d626c725f6d7379657a724d75324a317331707561376f315f313238302e706e67-removebg-preview.png using Guid(a5ce85ba7779aa54e90cc14c85deae36) Importer(815301076,1909f56bfc062723c751e8b465ee728b)  -> (artifact id: '967c21526c5157b24ed4ccbe0cf0c759') in 0.076815 seconds
  Import took 0.086920 seconds .

========================================================================
Received Import Request.
  Time since last request: 66.734950 seconds.
  path: Assets/Image/PC Computer - Overwatch - Mercy.png
  artifactKey: Guid(5f88f4bf8657ba24ba319a58ef2de7a4) Importer(815301076,1909f56bfc062723c751e8b465ee728b)
Start importing Assets/Image/PC Computer - Overwatch - Mercy.png using Guid(5f88f4bf8657ba24ba319a58ef2de7a4) Importer(815301076,1909f56bfc062723c751e8b465ee728b)  -> (artifact id: 'dfc4b501767bdda906eb212fc912fc8c') in 0.040633 seconds
  Import took 0.052632 seconds .

========================================================================
Received Import Request.
  Time since last request: 1525.494103 seconds.
  path: Assets/HealEffectMove.cs
  artifactKey: Guid(966fd6b084915b9439396a5ca760011b) Importer(815301076,1909f56bfc062723c751e8b465ee728b)
Start importing Assets/HealEffectMove.cs using Guid(966fd6b084915b9439396a5ca760011b) Importer(815301076,1909f56bfc062723c751e8b465ee728b)  -> (artifact id: '0522bf9bb6b019b34eb11783341b564e') in 0.117891 seconds
  Import took 0.132776 seconds .

========================================================================
Received Prepare
Registering precompiled user dll's ...
Registered in 0.008077 seconds.
Begin MonoManager ReloadAssembly
Native extension for WindowsStandalone target not found
Refreshing native plugins compatible for Editor in 0.42 ms, found 1 plugins.
Preloading 0 native plugins for Editor in 0.00 ms.
Mono: successfully reloaded assembly
- Completed reload, in  1.850 seconds
Platform modules already initialized, skipping
Refreshing native plugins compatible for Editor in 0.72 ms, found 1 plugins.
Preloading 0 native plugins for Editor in 0.00 ms.
Unloading 1829 Unused Serialized files (Serialized files now loaded: 0)
System memory in use before: 89.1 MB.
System memory in use after: 89.1 MB.

Unloading 12 unused Assets to reduce memory usage. Loaded Objects now: 2349.
Total: 2.748300 ms (FindLiveObjects: 0.318100 ms CreateObjectMapping: 0.113100 ms MarkObjects: 2.169300 ms  DeleteObjects: 0.146000 ms)

========================================================================
Received Prepare
Registering precompiled user dll's ...
Registered in 0.006281 seconds.
Begin MonoManager ReloadAssembly
Native extension for WindowsStandalone target not found
Refreshing native plugins compatible for Editor in 0.93 ms, found 1 plugins.
Preloading 0 native plugins for Editor in 0.00 ms.
Mono: successfully reloaded assembly
- Completed reload, in  2.045 seconds
Platform modules already initialized, skipping
Refreshing native plugins compatible for Editor in 0.78 ms, found 1 plugins.
Preloading 0 native plugins for Editor in 0.00 ms.
Unloading 1829 Unused Serialized files (Serialized files now loaded: 0)
System memory in use before: 89.1 MB.
System memory in use after: 89.1 MB.

Unloading 12 unused Assets to reduce memory usage. Loaded Objects now: 2353.
Total: 2.450500 ms (FindLiveObjects: 0.266300 ms CreateObjectMapping: 0.077700 ms MarkObjects: 1.969600 ms  DeleteObjects: 0.135300 ms)

========================================================================
Received Import Request.
  Time since last request: 607.781888 seconds.
  path: Assets/PreFabs
  artifactKey: Guid(cd6053bc372292d478939eae6a62d901) Importer(815301076,1909f56bfc062723c751e8b465ee728b)
Start importing Assets/PreFabs using Guid(cd6053bc372292d478939eae6a62d901) Importer(815301076,1909f56bfc062723c751e8b465ee728b)  -> (artifact id: '0a438af18f766e431aea0dc2b47ce573') in 0.018638 seconds
  Import took 0.026740 seconds .

========================================================================
Received Import Request.
  Time since last request: 0.063888 seconds.
  path: Assets/PreFabs/Blaster.prefab
  artifactKey: Guid(8408330e5e226bc4a89426c49e646de6) Importer(815301076,1909f56bfc062723c751e8b465ee728b)
Start importing Assets/PreFabs/Blaster.prefab using Guid(8408330e5e226bc4a89426c49e646de6) Importer(815301076,1909f56bfc062723c751e8b465ee728b)  -> (artifact id: '981dd099ca65a0e900c56c330efbfc25') in 0.129114 seconds
  Import took 0.136226 seconds .

========================================================================
Received Import Request.
  Time since last request: 0.000403 seconds.
  path: Assets/PreFabs/Granade.prefab
  artifactKey: Guid(28da67542b61042408d7c08e25e47a7b) Importer(815301076,1909f56bfc062723c751e8b465ee728b)
Start importing Assets/PreFabs/Granade.prefab using Guid(28da67542b61042408d7c08e25e47a7b) Importer(815301076,1909f56bfc062723c751e8b465ee728b)  -> (artifact id: '74157546285ff4ef6b56a5c6e03cfc3e') in 0.039119 seconds
  Import took 0.049668 seconds .

========================================================================
Received Import Request.
  Time since last request: 0.000932 seconds.
  path: Assets/PreFabs/Target.prefab
  artifactKey: Guid(40750acc271606b4a94bf67152ac77a1) Importer(815301076,1909f56bfc062723c751e8b465ee728b)
Start importing Assets/PreFabs/Target.prefab using Guid(40750acc271606b4a94bf67152ac77a1) Importer(815301076,1909f56bfc062723c751e8b465ee728b)  -> (artifact id: '8cbc12028600b8db96ab0f23965ca6d5') in 0.042389 seconds
  Import took 0.053727 seconds .

========================================================================
Received Import Request.
  Time since last request: 0.000517 seconds.
  path: Assets/PreFabs/Bullet.prefab
  artifactKey: Guid(13abcf223fd8a2d498f10621074590fe) Importer(815301076,1909f56bfc062723c751e8b465ee728b)
Start importing Assets/PreFabs/Bullet.prefab using Guid(13abcf223fd8a2d498f10621074590fe) Importer(815301076,1909f56bfc062723c751e8b465ee728b)  -> (artifact id: '78f6c1586fb481b125182d8f66853f77') in 0.035578 seconds
  Import took 0.045347 seconds .

========================================================================
Received Import Request.
  Time since last request: 0.001461 seconds.
  path: Assets/PreFabs/Hp_enemy.prefab
  artifactKey: Guid(c5129206fc2c52243bce7473972ff4f9) Importer(815301076,1909f56bfc062723c751e8b465ee728b)
Start importing Assets/PreFabs/Hp_enemy.prefab using Guid(c5129206fc2c52243bce7473972ff4f9) Importer(815301076,1909f56bfc062723c751e8b465ee728b)  -> (artifact id: 'd5ae538cb7ecae13031c9f40095721f4') in 0.034170 seconds
  Import took 0.043439 seconds .

========================================================================
Received Import Request.
  Time since last request: 0.001926 seconds.
  path: Assets/PreFabs/RussianBullet.prefab
  artifactKey: Guid(38117aef2a7c58d4ab2ed6bc0b2e9f91) Importer(815301076,1909f56bfc062723c751e8b465ee728b)
Start importing Assets/PreFabs/RussianBullet.prefab using Guid(38117aef2a7c58d4ab2ed6bc0b2e9f91) Importer(815301076,1909f56bfc062723c751e8b465ee728b)  -> (artifact id: 'ad1eb5818483a1f5e01859c16ad9edbf') in 0.076968 seconds
  Import took 0.083447 seconds .

========================================================================
Received Import Request.
  Time since last request: 0.000387 seconds.
  path: Assets/PreFabs/Wall.prefab
  artifactKey: Guid(a17734ad73e8c6749a53ef6a3f3944cf) Importer(815301076,1909f56bfc062723c751e8b465ee728b)
Start importing Assets/PreFabs/Wall.prefab using Guid(a17734ad73e8c6749a53ef6a3f3944cf) Importer(815301076,1909f56bfc062723c751e8b465ee728b)  -> (artifact id: '60df30e4a4e77f847cf42e342f1da9fe') in 0.046480 seconds
  Import took 0.054104 seconds .

========================================================================
Received Import Request.
  Time since last request: 0.000457 seconds.
  path: Assets/PreFabs/Turret_soldier.prefab
  artifactKey: Guid(d034a79732a230046ac12caa79d066c1) Importer(815301076,1909f56bfc062723c751e8b465ee728b)
Start importing Assets/PreFabs/Turret_soldier.prefab using Guid(d034a79732a230046ac12caa79d066c1) Importer(815301076,1909f56bfc062723c751e8b465ee728b)  -> (artifact id: '29de34b3c04316f02873b1cf954fb43d') in 0.080386 seconds
  Import took 0.086810 seconds .

========================================================================
Received Import Request.
  Time since last request: 0.001532 seconds.
  path: Assets/PreFabs/Turret_bullet.prefab
  artifactKey: Guid(fa0a96960b52bdf4ba92c3c78bb93ad7) Importer(815301076,1909f56bfc062723c751e8b465ee728b)
Start importing Assets/PreFabs/Turret_bullet.prefab using Guid(fa0a96960b52bdf4ba92c3c78bb93ad7) Importer(815301076,1909f56bfc062723c751e8b465ee728b)  -> (artifact id: '9a22bcc2b240696b71689a156002e0eb') in 0.036360 seconds
  Import took 0.046637 seconds .

========================================================================
Received Import Request.
  Time since last request: 0.002089 seconds.
  path: Assets/PreFabs/Enemy_long.prefab
  artifactKey: Guid(8f8020a518ce9d0408563384da7e5008) Importer(815301076,1909f56bfc062723c751e8b465ee728b)
Start importing Assets/PreFabs/Enemy_long.prefab using Guid(8f8020a518ce9d0408563384da7e5008) Importer(815301076,1909f56bfc062723c751e8b465ee728b)  -> (artifact id: 'cb8b943c40366e3ba409275caab81e39') in 0.050047 seconds
  Import took 0.056711 seconds .

========================================================================
Received Import Request.
  Time since last request: 0.000418 seconds.
  path: Assets/PreFabs/McCree.prefab
  artifactKey: Guid(fb69257244c8f6448abe002102354e8e) Importer(815301076,1909f56bfc062723c751e8b465ee728b)
Start importing Assets/PreFabs/McCree.prefab using Guid(fb69257244c8f6448abe002102354e8e) Importer(815301076,1909f56bfc062723c751e8b465ee728b)  -> (artifact id: 'b32d79636f1f14a7475edb65b3095bf8') in 0.080294 seconds
  Import took 0.086895 seconds .

========================================================================
Received Import Request.
  Time since last request: 0.000354 seconds.
  path: Assets/PreFabs/Healer.prefab
  artifactKey: Guid(5c2f0fe9913c4434c98cd8e7ed3ba555) Importer(815301076,1909f56bfc062723c751e8b465ee728b)
Start importing Assets/PreFabs/Healer.prefab using Guid(5c2f0fe9913c4434c98cd8e7ed3ba555) Importer(815301076,1909f56bfc062723c751e8b465ee728b)  -> (artifact id: '7ecdfa4d1e545c71189c7ba828ceba0c') in 0.034272 seconds
  Import took 0.046659 seconds .

========================================================================
Received Import Request.
  Time since last request: 0.000589 seconds.
  path: Assets/PreFabs/Enemy.prefab
  artifactKey: Guid(61a8f593c65de114aade586d8aeaa3be) Importer(815301076,1909f56bfc062723c751e8b465ee728b)
Start importing Assets/PreFabs/Enemy.prefab using Guid(61a8f593c65de114aade586d8aeaa3be) Importer(815301076,1909f56bfc062723c751e8b465ee728b)  -> (artifact id: 'ba5e6f30f32a862d8aabfab97a7e484e') in 0.060545 seconds
  Import took 0.071782 seconds .

========================================================================
Received Import Request.
  Time since last request: 0.000479 seconds.
  path: Assets/PreFabs/Explosion.prefab
  artifactKey: Guid(2c2ef8c0e21d5fa4298caa44330a17a6) Importer(815301076,1909f56bfc062723c751e8b465ee728b)
Start importing Assets/PreFabs/Explosion.prefab using Guid(2c2ef8c0e21d5fa4298caa44330a17a6) Importer(815301076,1909f56bfc062723c751e8b465ee728b)  -> (artifact id: 'ac0c9145384e29b427a75400241b588e') in 0.076613 seconds
  Import took 0.087610 seconds .

========================================================================
Received Import Request.
  Time since last request: 0.002126 seconds.
  path: Assets/PreFabs/Boss_Tomas.prefab
  artifactKey: Guid(a274990a71d6293479a07acf723e5273) Importer(815301076,1909f56bfc062723c751e8b465ee728b)
Start importing Assets/PreFabs/Boss_Tomas.prefab using Guid(a274990a71d6293479a07acf723e5273) Importer(815301076,1909f56bfc062723c751e8b465ee728b)  -> (artifact id: '1da481f0cad33665b3659dabe36732bf') in 0.061834 seconds
  Import took 0.135928 seconds .

========================================================================
Received Import Request.
  Time since last request: 0.000372 seconds.
  path: Assets/PreFabs/Turret.prefab
  artifactKey: Guid(8674dae670590c54fb567d4ac3554cc9) Importer(815301076,1909f56bfc062723c751e8b465ee728b)
Start importing Assets/PreFabs/Turret.prefab using Guid(8674dae670590c54fb567d4ac3554cc9) Importer(815301076,1909f56bfc062723c751e8b465ee728b)  -> (artifact id: '2fe7ab93bc78842cb544ddc23cdbcfae') in 0.074543 seconds
  Import took 0.082153 seconds .

========================================================================
Received Import Request.
  Time since last request: 0.000513 seconds.
  path: Assets/PreFabs/Drone.prefab
  artifactKey: Guid(d85c7e376497b4d40bd6fbfc2c122b23) Importer(815301076,1909f56bfc062723c751e8b465ee728b)
Start importing Assets/PreFabs/Drone.prefab using Guid(d85c7e376497b4d40bd6fbfc2c122b23) Importer(815301076,1909f56bfc062723c751e8b465ee728b)  -> (artifact id: 'e93e3df4969e02072881b59d348c5994') in 0.105230 seconds
  Import took 0.120324 seconds .

========================================================================
Received Import Request.
  Time since last request: 0.001133 seconds.
  path: Assets/PreFabs/russianEffect.prefab
  artifactKey: Guid(5d5d838206ca8a94fa4e3a7562aade39) Importer(815301076,1909f56bfc062723c751e8b465ee728b)
Start importing Assets/PreFabs/russianEffect.prefab using Guid(5d5d838206ca8a94fa4e3a7562aade39) Importer(815301076,1909f56bfc062723c751e8b465ee728b)  -> (artifact id: 'a3b6cf1376b3356c1e44c2d7ef2a87dd') in 0.048354 seconds
  Import took 0.061740 seconds .

========================================================================
Received Import Request.
  Time since last request: 0.004147 seconds.
  path: Assets/PreFabs/Drone.prefab
  artifactKey: Guid(d85c7e376497b4d40bd6fbfc2c122b23) Importer(815301076,1909f56bfc062723c751e8b465ee728b)
Start importing Assets/PreFabs/Drone.prefab using Guid(d85c7e376497b4d40bd6fbfc2c122b23) Importer(815301076,1909f56bfc062723c751e8b465ee728b)  -> (artifact id: 'e93e3df4969e02072881b59d348c5994') in 0.286409 seconds
  Import took 0.297484 seconds .

========================================================================
Received Import Request.
  Time since last request: 0.000575 seconds.
  path: Assets/PreFabs/Rock.prefab
  artifactKey: Guid(ae90e81cf3c70d7449a5c09793280902) Importer(815301076,1909f56bfc062723c751e8b465ee728b)
Start importing Assets/PreFabs/Rock.prefab using Guid(ae90e81cf3c70d7449a5c09793280902) Importer(815301076,1909f56bfc062723c751e8b465ee728b)  -> (artifact id: 'bcc87eb4f985f4091cad9699e7aaefdf') in 0.062224 seconds
  Import took 0.077280 seconds .

========================================================================
Received Import Request.
  Time since last request: 1.113052 seconds.
  path: Assets/PreFabs/Heal_Effect.prefab
  artifactKey: Guid(c3823b5facaf48c47a2040848785383e) Importer(815301076,1909f56bfc062723c751e8b465ee728b)
Start importing Assets/PreFabs/Heal_Effect.prefab using Guid(c3823b5facaf48c47a2040848785383e) Importer(815301076,1909f56bfc062723c751e8b465ee728b)  -> (artifact id: '3bd376b11a0657d13590090e6c630a1c') in 0.036337 seconds
  Import took 0.043212 seconds .

========================================================================
Received Import Request.
  Time since last request: 0.012413 seconds.
  path: Assets/PreFabs/Heal_Effect.prefab
  artifactKey: Guid(c3823b5facaf48c47a2040848785383e) Importer(815301076,1909f56bfc062723c751e8b465ee728b)
Start importing Assets/PreFabs/Heal_Effect.prefab using Guid(c3823b5facaf48c47a2040848785383e) Importer(815301076,1909f56bfc062723c751e8b465ee728b)  -> (artifact id: '3bd376b11a0657d13590090e6c630a1c') in 0.025448 seconds
  Import took 0.031500 seconds .

========================================================================
Received Prepare
Registering precompiled user dll's ...
Registered in 0.006277 seconds.
Begin MonoManager ReloadAssembly
Native extension for WindowsStandalone target not found
Refreshing native plugins compatible for Editor in 0.48 ms, found 1 plugins.
Preloading 0 native plugins for Editor in 0.00 ms.
Mono: successfully reloaded assembly
- Completed reload, in  1.991 seconds
Platform modules already initialized, skipping
Refreshing native plugins compatible for Editor in 0.77 ms, found 1 plugins.
Preloading 0 native plugins for Editor in 0.00 ms.
Unloading 1829 Unused Serialized files (Serialized files now loaded: 0)
System memory in use before: 89.5 MB.
System memory in use after: 89.5 MB.

Unloading 12 unused Assets to reduce memory usage. Loaded Objects now: 2361.
Total: 2.648100 ms (FindLiveObjects: 0.284800 ms CreateObjectMapping: 0.091700 ms MarkObjects: 2.133700 ms  DeleteObjects: 0.136100 ms)

========================================================================
Received Prepare
Registering precompiled user dll's ...
Registered in 0.005782 seconds.
Begin MonoManager ReloadAssembly
Native extension for WindowsStandalone target not found
Refreshing native plugins compatible for Editor in 0.44 ms, found 1 plugins.
Preloading 0 native plugins for Editor in 0.00 ms.
Mono: successfully reloaded assembly
- Completed reload, in  1.906 seconds
Platform modules already initialized, skipping
Refreshing native plugins compatible for Editor in 0.73 ms, found 1 plugins.
Preloading 0 native plugins for Editor in 0.00 ms.
Unloading 1829 Unused Serialized files (Serialized files now loaded: 0)
System memory in use before: 89.5 MB.
System memory in use after: 89.5 MB.

Unloading 12 unused Assets to reduce memory usage. Loaded Objects now: 2365.
Total: 2.527600 ms (FindLiveObjects: 0.227500 ms CreateObjectMapping: 0.097900 ms MarkObjects: 2.071900 ms  DeleteObjects: 0.128200 ms)

========================================================================
Received Import Request.
  Time since last request: 164.692543 seconds.
  path: Assets/PreFabs/Healer.prefab
  artifactKey: Guid(5c2f0fe9913c4434c98cd8e7ed3ba555) Importer(815301076,1909f56bfc062723c751e8b465ee728b)
Start importing Assets/PreFabs/Healer.prefab using Guid(5c2f0fe9913c4434c98cd8e7ed3ba555) Importer(815301076,1909f56bfc062723c751e8b465ee728b)  -> (artifact id: '8431d09594882f50c137531ead1ea427') in 0.088075 seconds
  Import took 0.095951 seconds .

========================================================================
Received Import Request.
  Time since last request: 7.963733 seconds.
  path: Assets/PreFabs/Healer.prefab
  artifactKey: Guid(5c2f0fe9913c4434c98cd8e7ed3ba555) Importer(815301076,1909f56bfc062723c751e8b465ee728b)
Start importing Assets/PreFabs/Healer.prefab using Guid(5c2f0fe9913c4434c98cd8e7ed3ba555) Importer(815301076,1909f56bfc062723c751e8b465ee728b)  -> (artifact id: '36b5caf5e8ef22dd79ea8b9b551948e7') in 0.036200 seconds
  Import took 0.042281 seconds .

========================================================================
Received Import Request.
  Time since last request: 3.041744 seconds.
  path: Assets/Scenes
  artifactKey: Guid(6349c2aa27f23064e95aac7257acd28e) Importer(815301076,1909f56bfc062723c751e8b465ee728b)
Start importing Assets/Scenes using Guid(6349c2aa27f23064e95aac7257acd28e) Importer(815301076,1909f56bfc062723c751e8b465ee728b)  -> (artifact id: 'afd5353eb0b0ade3ba7d5e7ac0fa348c') in 0.015838 seconds
  Import took 0.021874 seconds .

========================================================================
Received Import Request.
  Time since last request: 2.320153 seconds.
  path: Assets/Scenes/MainMenu.unity
  artifactKey: Guid(5eae0af17f7627a44b1d1f87ec852a67) Importer(815301076,1909f56bfc062723c751e8b465ee728b)
Start importing Assets/Scenes/MainMenu.unity using Guid(5eae0af17f7627a44b1d1f87ec852a67) Importer(815301076,1909f56bfc062723c751e8b465ee728b)  -> (artifact id: '4b80647f68721c1e950299f0c6be17e8') in 0.017445 seconds
  Import took 0.025088 seconds .

========================================================================
Received Prepare
Registering precompiled user dll's ...
Registered in 0.011606 seconds.
Begin MonoManager ReloadAssembly
Native extension for WindowsStandalone target not found
Refreshing native plugins compatible for Editor in 0.83 ms, found 1 plugins.
Preloading 0 native plugins for Editor in 0.00 ms.
Mono: successfully reloaded assembly
- Completed reload, in  4.503 seconds
Platform modules already initialized, skipping
Refreshing native plugins compatible for Editor in 8.02 ms, found 1 plugins.
Preloading 0 native plugins for Editor in 0.00 ms.
Unloading 1829 Unused Serialized files (Serialized files now loaded: 0)
System memory in use before: 89.5 MB.
System memory in use after: 89.5 MB.

Unloading 12 unused Assets to reduce memory usage. Loaded Objects now: 2370.
Total: 7.356700 ms (FindLiveObjects: 1.202600 ms CreateObjectMapping: 0.232700 ms MarkObjects: 5.639200 ms  DeleteObjects: 0.276100 ms)

========================================================================
Received Import Request.
  Time since last request: 5756.912419 seconds.
  path: Assets/Image/PC Computer - Overwatch - Moira.png
  artifactKey: Guid(af9e249d4f99f424fac7512078cd1054) Importer(815301076,1909f56bfc062723c751e8b465ee728b)
Start importing Assets/Image/PC Computer - Overwatch - Moira.png using Guid(af9e249d4f99f424fac7512078cd1054) Importer(815301076,1909f56bfc062723c751e8b465ee728b)  -> (artifact id: 'd52cbd3fed58132253f9f42c5d8e510e') in 0.189358 seconds
  Import took 0.416539 seconds .

========================================================================
Received Import Request.
  Time since last request: 1221.554429 seconds.
  path: Assets/Scenes/MainScene.unity
  artifactKey: Guid(2cda990e2423bbf4892e6590ba056729) Importer(815301076,1909f56bfc062723c751e8b465ee728b)
Start importing Assets/Scenes/MainScene.unity using Guid(2cda990e2423bbf4892e6590ba056729) Importer(815301076,1909f56bfc062723c751e8b465ee728b)  -> (artifact id: '91a4f13e85e7057309d3fd56a7667aed') in 0.016725 seconds
  Import took 0.023860 seconds .

========================================================================
Received Prepare
Registering precompiled user dll's ...
Registered in 0.005704 seconds.
Begin MonoManager ReloadAssembly
Native extension for WindowsStandalone target not found
Refreshing native plugins compatible for Editor in 0.89 ms, found 1 plugins.
Preloading 0 native plugins for Editor in 0.00 ms.
Mono: successfully reloaded assembly
- Completed reload, in  2.054 seconds
Platform modules already initialized, skipping
Refreshing native plugins compatible for Editor in 0.76 ms, found 1 plugins.
Preloading 0 native plugins for Editor in 0.00 ms.
Unloading 1829 Unused Serialized files (Serialized files now loaded: 0)
System memory in use before: 89.6 MB.
System memory in use after: 89.5 MB.

Unloading 12 unused Assets to reduce memory usage. Loaded Objects now: 2376.
Total: 5.078800 ms (FindLiveObjects: 0.274500 ms CreateObjectMapping: 0.095000 ms MarkObjects: 4.124500 ms  DeleteObjects: 0.582500 ms)

========================================================================
Received Import Request.
  Time since last request: 6815.825181 seconds.
  path: Assets/Image/PC Computer - Overwatch - Junkrat.png
  artifactKey: Guid(b58a8b17a89b7c74484f226e4c101072) Importer(815301076,1909f56bfc062723c751e8b465ee728b)
Start importing Assets/Image/PC Computer - Overwatch - Junkrat.png using Guid(b58a8b17a89b7c74484f226e4c101072) Importer(815301076,1909f56bfc062723c751e8b465ee728b)  -> (artifact id: '96500403ae9314c2735edb25fea755dc') in 0.146076 seconds
  Import took 0.155607 seconds .

========================================================================
Received Import Request.
  Time since last request: 104.922631 seconds.
  path: Assets/Image/PC Computer - Overwatch - Junkrat.png
  artifactKey: Guid(b58a8b17a89b7c74484f226e4c101072) Importer(815301076,1909f56bfc062723c751e8b465ee728b)
Start importing Assets/Image/PC Computer - Overwatch - Junkrat.png using Guid(b58a8b17a89b7c74484f226e4c101072) Importer(815301076,1909f56bfc062723c751e8b465ee728b)  -> (artifact id: 'ba88fd1a51e925f496f7f83d64049147') in 0.039885 seconds
  Import took 0.054197 seconds .

========================================================================
Received Import Request.
  Time since last request: 49.899631 seconds.
  path: Assets/Image/PC Computer - Overwatch - Junkrat.png
  artifactKey: Guid(b58a8b17a89b7c74484f226e4c101072) Importer(815301076,1909f56bfc062723c751e8b465ee728b)
Start importing Assets/Image/PC Computer - Overwatch - Junkrat.png using Guid(b58a8b17a89b7c74484f226e4c101072) Importer(815301076,1909f56bfc062723c751e8b465ee728b)  -> (artifact id: '1346d6b2579045b08f04a6fc9c6e9a61') in 0.038284 seconds
  Import took 0.044655 seconds .

========================================================================
Received Import Request.
  Time since last request: 68.558553 seconds.
  path: ProjectSettings/TagManager.asset
  artifactKey: Guid(00000000000000003000000000000000) Importer(815301076,1909f56bfc062723c751e8b465ee728b)
Start importing ProjectSettings/TagManager.asset using Guid(00000000000000003000000000000000) Importer(815301076,1909f56bfc062723c751e8b465ee728b)  -> (artifact id: '87192b32ae86ed9f98e046d21afe313d') in 0.031709 seconds
  Import took 0.037329 seconds .

========================================================================
Received Import Request.
  Time since last request: 32.153579 seconds.
  path: Assets/BombMove.cs
  artifactKey: Guid(4ec56781af56ba94a9e1b0b89148c65d) Importer(815301076,1909f56bfc062723c751e8b465ee728b)
Start importing Assets/BombMove.cs using Guid(4ec56781af56ba94a9e1b0b89148c65d) Importer(815301076,1909f56bfc062723c751e8b465ee728b)  -> (artifact id: '039f7f921bdc7501038758f06525f759') in 0.019321 seconds
  Import took 0.032770 seconds .

========================================================================
Received Prepare
Registering precompiled user dll's ...
Registered in 0.006114 seconds.
Begin MonoManager ReloadAssembly
Native extension for WindowsStandalone target not found
Refreshing native plugins compatible for Editor in 0.44 ms, found 1 plugins.
Preloading 0 native plugins for Editor in 0.00 ms.
Mono: successfully reloaded assembly
- Completed reload, in  2.654 seconds
Platform modules already initialized, skipping
Refreshing native plugins compatible for Editor in 0.79 ms, found 1 plugins.
Preloading 0 native plugins for Editor in 0.00 ms.
Unloading 1830 Unused Serialized files (Serialized files now loaded: 0)
System memory in use before: 89.6 MB.
System memory in use after: 89.6 MB.

Unloading 13 unused Assets to reduce memory usage. Loaded Objects now: 2383.
Total: 2.523500 ms (FindLiveObjects: 0.229300 ms CreateObjectMapping: 0.089800 ms MarkObjects: 2.066800 ms  DeleteObjects: 0.135600 ms)

========================================================================
Received Import Request.
  Time since last request: 1542.841178 seconds.
  path: Assets/BombMove.cs
  artifactKey: Guid(4ec56781af56ba94a9e1b0b89148c65d) Importer(815301076,1909f56bfc062723c751e8b465ee728b)
Start importing Assets/BombMove.cs using Guid(4ec56781af56ba94a9e1b0b89148c65d) Importer(815301076,1909f56bfc062723c751e8b465ee728b)  -> (artifact id: '4246e9801c795c947a8b09d6f40c3331') in 0.050104 seconds
  Import took 0.057527 seconds .

========================================================================
Received Import Request.
  Time since last request: 0.036489 seconds.
  path: Assets/BombMove.cs
  artifactKey: Guid(4ec56781af56ba94a9e1b0b89148c65d) Importer(815301076,1909f56bfc062723c751e8b465ee728b)
Start importing Assets/BombMove.cs using Guid(4ec56781af56ba94a9e1b0b89148c65d) Importer(815301076,1909f56bfc062723c751e8b465ee728b)  -> (artifact id: '4246e9801c795c947a8b09d6f40c3331') in 0.012614 seconds
  Import took 0.019302 seconds .

========================================================================
Received Prepare
Registering precompiled user dll's ...
Registered in 0.006372 seconds.
Begin MonoManager ReloadAssembly
Native extension for WindowsStandalone target not found
Refreshing native plugins compatible for Editor in 0.52 ms, found 1 plugins.
Preloading 0 native plugins for Editor in 0.00 ms.
Mono: successfully reloaded assembly
- Completed reload, in  1.982 seconds
Platform modules already initialized, skipping
Refreshing native plugins compatible for Editor in 0.74 ms, found 1 plugins.
Preloading 0 native plugins for Editor in 0.00 ms.
Unloading 1830 Unused Serialized files (Serialized files now loaded: 0)
System memory in use before: 89.6 MB.
System memory in use after: 89.6 MB.

Unloading 12 unused Assets to reduce memory usage. Loaded Objects now: 2387.
Total: 3.467600 ms (FindLiveObjects: 0.271900 ms CreateObjectMapping: 0.168800 ms MarkObjects: 2.872300 ms  DeleteObjects: 0.152300 ms)

========================================================================
Received Import Request.
  Time since last request: 31.570637 seconds.
  path: Assets/BombMove.cs
  artifactKey: Guid(4ec56781af56ba94a9e1b0b89148c65d) Importer(815301076,1909f56bfc062723c751e8b465ee728b)
Start importing Assets/BombMove.cs using Guid(4ec56781af56ba94a9e1b0b89148c65d) Importer(815301076,1909f56bfc062723c751e8b465ee728b)  -> (artifact id: '2e07ed6828109a4b24153294ce9227a9') in 0.016444 seconds
  Import took 0.026387 seconds .

========================================================================
Received Import Request.
  Time since last request: 26.462703 seconds.
  path: Assets/PreFabs/Bomb.prefab
  artifactKey: Guid(38802f4ce827ec548ae835ba1a1c6e3c) Importer(815301076,1909f56bfc062723c751e8b465ee728b)
Start importing Assets/PreFabs/Bomb.prefab using Guid(38802f4ce827ec548ae835ba1a1c6e3c) Importer(815301076,1909f56bfc062723c751e8b465ee728b)  -> (artifact id: '47711157f20eccfba2176cc24cd36822') in 0.152272 seconds
  Import took 0.160678 seconds .

========================================================================
Received Prepare
Registering precompiled user dll's ...
Registered in 0.005215 seconds.
Begin MonoManager ReloadAssembly
Native extension for WindowsStandalone target not found
Refreshing native plugins compatible for Editor in 0.47 ms, found 1 plugins.
Preloading 0 native plugins for Editor in 0.00 ms.
Mono: successfully reloaded assembly
- Completed reload, in  1.881 seconds
Platform modules already initialized, skipping
Refreshing native plugins compatible for Editor in 0.71 ms, found 1 plugins.
Preloading 0 native plugins for Editor in 0.00 ms.
Unloading 1830 Unused Serialized files (Serialized files now loaded: 0)
System memory in use before: 89.6 MB.
System memory in use after: 89.6 MB.

Unloading 12 unused Assets to reduce memory usage. Loaded Objects now: 2392.
Total: 2.471500 ms (FindLiveObjects: 0.212700 ms CreateObjectMapping: 0.079400 ms MarkObjects: 2.040600 ms  DeleteObjects: 0.137300 ms)

========================================================================
Received Import Request.
  Time since last request: 30.717306 seconds.
  path: Assets/Scenes/MainScene.unity
  artifactKey: Guid(2cda990e2423bbf4892e6590ba056729) Importer(815301076,1909f56bfc062723c751e8b465ee728b)
Start importing Assets/Scenes/MainScene.unity using Guid(2cda990e2423bbf4892e6590ba056729) Importer(815301076,1909f56bfc062723c751e8b465ee728b)  -> (artifact id: '4de39b238e207fe0f493c795770b2d8a') in 0.033933 seconds
  Import took 0.045735 seconds .

========================================================================
Received Prepare
Registering precompiled user dll's ...
Registered in 0.005036 seconds.
Begin MonoManager ReloadAssembly
Native extension for WindowsStandalone target not found
Refreshing native plugins compatible for Editor in 0.44 ms, found 1 plugins.
Preloading 0 native plugins for Editor in 0.00 ms.
Mono: successfully reloaded assembly
- Completed reload, in  1.893 seconds
Platform modules already initialized, skipping
Refreshing native plugins compatible for Editor in 0.75 ms, found 1 plugins.
Preloading 0 native plugins for Editor in 0.00 ms.
Unloading 1830 Unused Serialized files (Serialized files now loaded: 0)
System memory in use before: 89.7 MB.
System memory in use after: 89.6 MB.

Unloading 12 unused Assets to reduce memory usage. Loaded Objects now: 2396.
Total: 2.523300 ms (FindLiveObjects: 0.250200 ms CreateObjectMapping: 0.088300 ms MarkObjects: 2.046100 ms  DeleteObjects: 0.136700 ms)

========================================================================
Received Prepare
Registering precompiled user dll's ...
Registered in 0.004742 seconds.
Begin MonoManager ReloadAssembly
Native extension for WindowsStandalone target not found
Refreshing native plugins compatible for Editor in 0.48 ms, found 1 plugins.
Preloading 0 native plugins for Editor in 0.00 ms.
Mono: successfully reloaded assembly
- Completed reload, in  1.940 seconds
Platform modules already initialized, skipping
Refreshing native plugins compatible for Editor in 0.76 ms, found 1 plugins.
Preloading 0 native plugins for Editor in 0.00 ms.
Unloading 1830 Unused Serialized files (Serialized files now loaded: 0)
System memory in use before: 89.7 MB.
System memory in use after: 89.7 MB.

Unloading 12 unused Assets to reduce memory usage. Loaded Objects now: 2400.
Total: 2.504100 ms (FindLiveObjects: 0.209000 ms CreateObjectMapping: 0.079500 ms MarkObjects: 2.081000 ms  DeleteObjects: 0.132300 ms)

========================================================================
Received Prepare
Registering precompiled user dll's ...
Registered in 0.012066 seconds.
Begin MonoManager ReloadAssembly
Native extension for WindowsStandalone target not found
Refreshing native plugins compatible for Editor in 0.76 ms, found 1 plugins.
Preloading 0 native plugins for Editor in 0.00 ms.
Mono: successfully reloaded assembly
- Completed reload, in  2.077 seconds
Platform modules already initialized, skipping
Refreshing native plugins compatible for Editor in 1.58 ms, found 1 plugins.
Preloading 0 native plugins for Editor in 0.00 ms.
Unloading 1830 Unused Serialized files (Serialized files now loaded: 0)
System memory in use before: 89.7 MB.
System memory in use after: 89.7 MB.

Unloading 12 unused Assets to reduce memory usage. Loaded Objects now: 2404.
Total: 3.637300 ms (FindLiveObjects: 0.317200 ms CreateObjectMapping: 0.149800 ms MarkObjects: 2.762900 ms  DeleteObjects: 0.404400 ms)

========================================================================
Received Import Request.
  Time since last request: 90.401796 seconds.
  path: Assets/PreFabs/Bomb.prefab
  artifactKey: Guid(38802f4ce827ec548ae835ba1a1c6e3c) Importer(815301076,1909f56bfc062723c751e8b465ee728b)
Start importing Assets/PreFabs/Bomb.prefab using Guid(38802f4ce827ec548ae835ba1a1c6e3c) Importer(815301076,1909f56bfc062723c751e8b465ee728b)  -> (artifact id: 'b3e9875b86b9e8c9a09a653ec6bbba37') in 0.100325 seconds
  Import took 0.111069 seconds .

========================================================================
Received Import Request.
  Time since last request: 8.247107 seconds.
  path: Assets/PreFabs/Bomb.prefab
  artifactKey: Guid(38802f4ce827ec548ae835ba1a1c6e3c) Importer(815301076,1909f56bfc062723c751e8b465ee728b)
Start importing Assets/PreFabs/Bomb.prefab using Guid(38802f4ce827ec548ae835ba1a1c6e3c) Importer(815301076,1909f56bfc062723c751e8b465ee728b)  -> (artifact id: '1f8cead026fbedcdd8d908a6c5b0e275') in 0.083455 seconds
  Import took 0.091804 seconds .

========================================================================
Received Import Request.
  Time since last request: 6.937997 seconds.
  path: Assets/PreFabs/Bomb.prefab
  artifactKey: Guid(38802f4ce827ec548ae835ba1a1c6e3c) Importer(815301076,1909f56bfc062723c751e8b465ee728b)
Start importing Assets/PreFabs/Bomb.prefab using Guid(38802f4ce827ec548ae835ba1a1c6e3c) Importer(815301076,1909f56bfc062723c751e8b465ee728b)  -> (artifact id: '5db5cd01acb6d36f90a577d34003a95d') in 0.093748 seconds
  Import took 0.173205 seconds .

========================================================================
Received Import Request.
  Time since last request: 2.720831 seconds.
  path: Assets/PreFabs/Bomb.prefab
  artifactKey: Guid(38802f4ce827ec548ae835ba1a1c6e3c) Importer(815301076,1909f56bfc062723c751e8b465ee728b)
Start importing Assets/PreFabs/Bomb.prefab using Guid(38802f4ce827ec548ae835ba1a1c6e3c) Importer(815301076,1909f56bfc062723c751e8b465ee728b)  -> (artifact id: '0215abd7a2bf6d1da3ada897baaa7bed') in 0.106098 seconds
  Import took 0.144181 seconds .

========================================================================
Received Import Request.
  Time since last request: 6.105208 seconds.
  path: Assets/PreFabs/Bomb.prefab
  artifactKey: Guid(38802f4ce827ec548ae835ba1a1c6e3c) Importer(815301076,1909f56bfc062723c751e8b465ee728b)
Start importing Assets/PreFabs/Bomb.prefab using Guid(38802f4ce827ec548ae835ba1a1c6e3c) Importer(815301076,1909f56bfc062723c751e8b465ee728b)  -> (artifact id: '597215df8b60617d1051930eda69d62e') in 0.041009 seconds
  Import took 0.053854 seconds .

========================================================================
Received Import Request.
  Time since last request: 4.448374 seconds.
  path: Assets/PreFabs/Bomb.prefab
  artifactKey: Guid(38802f4ce827ec548ae835ba1a1c6e3c) Importer(815301076,1909f56bfc062723c751e8b465ee728b)
Start importing Assets/PreFabs/Bomb.prefab using Guid(38802f4ce827ec548ae835ba1a1c6e3c) Importer(815301076,1909f56bfc062723c751e8b465ee728b)  -> (artifact id: '80aab803437544032bf1a39fdaead407') in 0.038226 seconds
  Import took 0.052914 seconds .

========================================================================
Received Import Request.
  Time since last request: 6.523182 seconds.
  path: Assets/PreFabs/Bomb.prefab
  artifactKey: Guid(38802f4ce827ec548ae835ba1a1c6e3c) Importer(815301076,1909f56bfc062723c751e8b465ee728b)
Start importing Assets/PreFabs/Bomb.prefab using Guid(38802f4ce827ec548ae835ba1a1c6e3c) Importer(815301076,1909f56bfc062723c751e8b465ee728b)  -> (artifact id: '3f9d3d637928fb9189fb4c444e057a3d') in 0.044557 seconds
  Import took 0.054927 seconds .

========================================================================
Received Import Request.
  Time since last request: 4.947514 seconds.
  path: Assets/PreFabs/Bomb.prefab
  artifactKey: Guid(38802f4ce827ec548ae835ba1a1c6e3c) Importer(815301076,1909f56bfc062723c751e8b465ee728b)
Start importing Assets/PreFabs/Bomb.prefab using Guid(38802f4ce827ec548ae835ba1a1c6e3c) Importer(815301076,1909f56bfc062723c751e8b465ee728b)  -> (artifact id: '7da192338a6bd5f946acc8a977fcceed') in 0.039687 seconds
  Import took 0.048185 seconds .

========================================================================
Received Prepare
Registering precompiled user dll's ...
Registered in 0.004949 seconds.
Begin MonoManager ReloadAssembly
Native extension for WindowsStandalone target not found
Refreshing native plugins compatible for Editor in 0.44 ms, found 1 plugins.
Preloading 0 native plugins for Editor in 0.00 ms.
Mono: successfully reloaded assembly
- Completed reload, in  2.099 seconds
Platform modules already initialized, skipping
Refreshing native plugins compatible for Editor in 0.73 ms, found 1 plugins.
Preloading 0 native plugins for Editor in 0.00 ms.
Unloading 1830 Unused Serialized files (Serialized files now loaded: 0)
System memory in use before: 89.7 MB.
System memory in use after: 89.7 MB.

Unloading 12 unused Assets to reduce memory usage. Loaded Objects now: 2409.
Total: 4.497100 ms (FindLiveObjects: 0.479700 ms CreateObjectMapping: 0.221100 ms MarkObjects: 3.585800 ms  DeleteObjects: 0.207500 ms)

========================================================================
Received Import Request.
  Time since last request: 503.687792 seconds.
  path: Assets/PreFabs/Boss_Tomas.prefab
  artifactKey: Guid(a274990a71d6293479a07acf723e5273) Importer(815301076,1909f56bfc062723c751e8b465ee728b)
Start importing Assets/PreFabs/Boss_Tomas.prefab using Guid(a274990a71d6293479a07acf723e5273) Importer(815301076,1909f56bfc062723c751e8b465ee728b)  -> (artifact id: '52d75b53f7e67e4221dd89122e471899') in 0.144603 seconds
  Import took 0.153156 seconds .

========================================================================
Received Import Request.
  Time since last request: 3.061107 seconds.
  path: Assets/PreFabs/Boss_Tomas.prefab
  artifactKey: Guid(a274990a71d6293479a07acf723e5273) Importer(815301076,1909f56bfc062723c751e8b465ee728b)
Start importing Assets/PreFabs/Boss_Tomas.prefab using Guid(a274990a71d6293479a07acf723e5273) Importer(815301076,1909f56bfc062723c751e8b465ee728b)  -> (artifact id: 'c1470887990d49e28d27875c13797a87') in 0.071659 seconds
  Import took 0.083664 seconds .

========================================================================
Received Prepare
Registering precompiled user dll's ...
Registered in 0.004845 seconds.
Begin MonoManager ReloadAssembly
Native extension for WindowsStandalone target not found
Refreshing native plugins compatible for Editor in 0.42 ms, found 1 plugins.
Preloading 0 native plugins for Editor in 0.00 ms.
Mono: successfully reloaded assembly
- Completed reload, in  1.996 seconds
Platform modules already initialized, skipping
Refreshing native plugins compatible for Editor in 0.73 ms, found 1 plugins.
Preloading 0 native plugins for Editor in 0.00 ms.
Unloading 1830 Unused Serialized files (Serialized files now loaded: 0)
System memory in use before: 89.7 MB.
System memory in use after: 89.7 MB.

Unloading 12 unused Assets to reduce memory usage. Loaded Objects now: 2414.
Total: 3.842000 ms (FindLiveObjects: 0.330800 ms CreateObjectMapping: 0.113500 ms MarkObjects: 3.248300 ms  DeleteObjects: 0.147200 ms)

========================================================================
Received Prepare
Registering precompiled user dll's ...
Registered in 0.004604 seconds.
Begin MonoManager ReloadAssembly
Native extension for WindowsStandalone target not found
Refreshing native plugins compatible for Editor in 0.71 ms, found 1 plugins.
Preloading 0 native plugins for Editor in 0.00 ms.
Mono: successfully reloaded assembly
- Completed reload, in  2.748 seconds
Platform modules already initialized, skipping
Refreshing native plugins compatible for Editor in 3.45 ms, found 1 plugins.
Preloading 0 native plugins for Editor in 0.00 ms.
Unloading 1830 Unused Serialized files (Serialized files now loaded: 0)
System memory in use before: 89.7 MB.
System memory in use after: 89.7 MB.

Unloading 12 unused Assets to reduce memory usage. Loaded Objects now: 2418.
Total: 7.097500 ms (FindLiveObjects: 2.535600 ms CreateObjectMapping: 0.216700 ms MarkObjects: 4.063400 ms  DeleteObjects: 0.278500 ms)

========================================================================
Received Prepare
Registering precompiled user dll's ...
Registered in 0.006498 seconds.
Begin MonoManager ReloadAssembly
Native extension for WindowsStandalone target not found
Refreshing native plugins compatible for Editor in 1.14 ms, found 1 plugins.
Preloading 0 native plugins for Editor in 0.00 ms.
Mono: successfully reloaded assembly
- Completed reload, in  4.497 seconds
Platform modules already initialized, skipping
Refreshing native plugins compatible for Editor in 4.07 ms, found 1 plugins.
Preloading 0 native plugins for Editor in 0.00 ms.
Unloading 1830 Unused Serialized files (Serialized files now loaded: 0)
System memory in use before: 89.7 MB.
System memory in use after: 89.7 MB.

Unloading 12 unused Assets to reduce memory usage. Loaded Objects now: 2422.
Total: 7.890200 ms (FindLiveObjects: 0.937700 ms CreateObjectMapping: 0.467800 ms MarkObjects: 6.035800 ms  DeleteObjects: 0.442700 ms)

========================================================================
Received Import Request.
  Time since last request: 136.379384 seconds.
  path: Assets/PreFabs/Bomb.prefab
  artifactKey: Guid(38802f4ce827ec548ae835ba1a1c6e3c) Importer(815301076,1909f56bfc062723c751e8b465ee728b)
Start importing Assets/PreFabs/Bomb.prefab using Guid(38802f4ce827ec548ae835ba1a1c6e3c) Importer(815301076,1909f56bfc062723c751e8b465ee728b)  -> (artifact id: '91a78d3092b5148a3aa2b9d70a30b86c') in 0.239421 seconds
  Import took 0.251702 seconds .

========================================================================
Received Prepare
Registering precompiled user dll's ...
Registered in 0.007342 seconds.
Begin MonoManager ReloadAssembly
Native extension for WindowsStandalone target not found
Refreshing native plugins compatible for Editor in 0.84 ms, found 1 plugins.
Preloading 0 native plugins for Editor in 0.00 ms.
Mono: successfully reloaded assembly
- Completed reload, in  4.403 seconds
Platform modules already initialized, skipping
Refreshing native plugins compatible for Editor in 0.75 ms, found 1 plugins.
Preloading 0 native plugins for Editor in 0.00 ms.
Unloading 1830 Unused Serialized files (Serialized files now loaded: 0)
System memory in use before: 89.7 MB.
System memory in use after: 89.7 MB.

Unloading 12 unused Assets to reduce memory usage. Loaded Objects now: 2427.
Total: 4.202200 ms (FindLiveObjects: 0.767700 ms CreateObjectMapping: 0.693600 ms MarkObjects: 2.552400 ms  DeleteObjects: 0.184300 ms)

========================================================================
Received Import Request.
  Time since last request: 180.061107 seconds.
  path: Assets/PreFabs/Heal_Effect.prefab
  artifactKey: Guid(c3823b5facaf48c47a2040848785383e) Importer(815301076,1909f56bfc062723c751e8b465ee728b)
Start importing Assets/PreFabs/Heal_Effect.prefab using Guid(c3823b5facaf48c47a2040848785383e) Importer(815301076,1909f56bfc062723c751e8b465ee728b)  -> (artifact id: '813184dfa99a499cc35f0f7564cb432a') in 0.123797 seconds
  Import took 0.129631 seconds .

========================================================================
Received Prepare
Registering precompiled user dll's ...
Registered in 0.005761 seconds.
Begin MonoManager ReloadAssembly
Native extension for WindowsStandalone target not found
Refreshing native plugins compatible for Editor in 0.45 ms, found 1 plugins.
Preloading 0 native plugins for Editor in 0.00 ms.
Mono: successfully reloaded assembly
- Completed reload, in  2.088 seconds
Platform modules already initialized, skipping
Refreshing native plugins compatible for Editor in 1.03 ms, found 1 plugins.
Preloading 0 native plugins for Editor in 0.00 ms.
Unloading 1830 Unused Serialized files (Serialized files now loaded: 0)
System memory in use before: 89.8 MB.
System memory in use after: 89.7 MB.

Unloading 12 unused Assets to reduce memory usage. Loaded Objects now: 2432.
Total: 2.720300 ms (FindLiveObjects: 0.256900 ms CreateObjectMapping: 0.091800 ms MarkObjects: 2.221500 ms  DeleteObjects: 0.147500 ms)

========================================================================
Received Prepare
Refreshing native plugins compatible for Editor in 13.10 ms, found 1 plugins.
Preloading 0 native plugins for Editor in 0.00 ms.
Unloading 10 Unused Serialized files (Serialized files now loaded: 0)
System memory in use before: 53.8 MB.
System memory in use after: 53.8 MB.

Unloading 10 unused Assets to reduce memory usage. Loaded Objects now: 2432.
Total: 3.769800 ms (FindLiveObjects: 0.353300 ms CreateObjectMapping: 0.118400 ms MarkObjects: 3.090400 ms  DeleteObjects: 0.204600 ms)

AssetImportWorkerClient::OnTransportError - code=2 error=End of file
