Using pre-set license
Built from '2020.3/staging' branch; Version is '2020.3.5f1 (8095aa901b9b) revision 8426922'; Using compiler version '192528614'; Build Type 'Release'
OS: 'Windows 10 Education; OS build 19042.1083; Version 2009; 64bit' Language: 'ko' Physical Memory: 7926 MB
BatchMode: 1, IsHumanControllingUs: 0, StartBugReporterOnCrash: 0, Is64bit: 1, IsPro: 0

 COMMAND LINE ARGUMENTS:
C:\Program Files\Unity\Hub\Editor\2020.3.5f1\Editor\Unity.exe
-adb2
-batchMode
-noUpm
-name
AssetImportWorker0
-projectPath
C:/Users/lenovo/Desktop/game/Defence
-logFile
Logs/AssetImportWorker0.log
-srvPort
4144
Successfully changed project path to: C:/Users/lenovo/Desktop/game/Defence
C:/Users/lenovo/Desktop/game/Defence
Using Asset Import Pipeline V2.
Refreshing native plugins compatible for Editor in 63.90 ms, found 1 plugins.
Preloading 0 native plugins for Editor in 0.00 ms.
Initialize engine version: 2020.3.5f1 (8095aa901b9b)
[Subsystems] Discovering subsystems at path C:/Program Files/Unity/Hub/Editor/2020.3.5f1/Editor/Data/Resources/UnitySubsystems
[Subsystems] Discovering subsystems at path C:/Users/lenovo/Desktop/game/Defence/Assets
GfxDevice: creating device client; threaded=0
Direct3D:
    Version:  Direct3D 11.0 [level 11.1]
    Renderer: Intel(R) HD Graphics 5500 (ID=0x1616)
    Vendor:   
    VRAM:     3963 MB
    Driver:   20.19.15.5144
Initialize mono
Mono path[0] = 'C:/Program Files/Unity/Hub/Editor/2020.3.5f1/Editor/Data/Managed'
Mono path[1] = 'C:/Program Files/Unity/Hub/Editor/2020.3.5f1/Editor/Data/MonoBleedingEdge/lib/mono/unityjit'
Mono config path = 'C:/Program Files/Unity/Hub/Editor/2020.3.5f1/Editor/Data/MonoBleedingEdge/etc'
Using monoOptions --debugger-agent=transport=dt_socket,embedding=1,server=y,suspend=n,address=127.0.0.1:56012
Begin MonoManager ReloadAssembly
Registering precompiled unity dll's ...
Register platform support module: C:/Program Files/Unity/Hub/Editor/2020.3.5f1/Editor/Data/PlaybackEngines/WindowsStandaloneSupport/UnityEditor.WindowsStandalone.Extensions.dll
Registered in 0.022194 seconds.
Native extension for WindowsStandalone target not found
Refreshing native plugins compatible for Editor in 60.00 ms, found 1 plugins.
Preloading 0 native plugins for Editor in 0.00 ms.
Mono: successfully reloaded assembly
- Completed reload, in  2.920 seconds
Platform modules already initialized, skipping
Registering precompiled user dll's ...
Registered in 0.004682 seconds.
Begin MonoManager ReloadAssembly
Native extension for WindowsStandalone target not found
Refreshing native plugins compatible for Editor in 55.94 ms, found 1 plugins.
Preloading 0 native plugins for Editor in 0.00 ms.
Mono: successfully reloaded assembly
- Completed reload, in  2.143 seconds
Platform modules already initialized, skipping
========================================================================
Worker process is ready to serve import requests
Launched and connected shader compiler UnityShaderCompiler.exe after 0.14 seconds
Refreshing native plugins compatible for Editor in 0.99 ms, found 1 plugins.
Preloading 0 native plugins for Editor in 0.00 ms.
Unloading 1824 Unused Serialized files (Serialized files now loaded: 0)
System memory in use before: 85.4 MB.
System memory in use after: 85.3 MB.

Unloading 24 unused Assets to reduce memory usage. Loaded Objects now: 2268.
Total: 2.553900 ms (FindLiveObjects: 0.241800 ms CreateObjectMapping: 0.086800 ms MarkObjects: 2.059100 ms  DeleteObjects: 0.164000 ms)

========================================================================
Received Import Request.
  path: Assets/Image/PC_Computer_-_Total_Domination_-_Gun_Lv4-removebg-preview.png
  artifactKey: Guid(b3007845331191b429aaf422f0a1ab10) Importer(815301076,1909f56bfc062723c751e8b465ee728b)
Start importing Assets/Image/PC_Computer_-_Total_Domination_-_Gun_Lv4-removebg-preview.png using Guid(b3007845331191b429aaf422f0a1ab10) Importer(815301076,1909f56bfc062723c751e8b465ee728b)  -> (artifact id: '7bd877d9a705ee8a39b217895092501e') in 0.528810 seconds
  Import took 0.534663 seconds .

========================================================================
Received Import Request.
  Time since last request: 0.000394 seconds.
  path: Assets/Image/PC_Computer_-_Total_Domination_-_Gun_Lv5-removebg-preview.png
  artifactKey: Guid(1d64daa6ad1d8184cbc672b5a7d48bfd) Importer(815301076,1909f56bfc062723c751e8b465ee728b)
Start importing Assets/Image/PC_Computer_-_Total_Domination_-_Gun_Lv5-removebg-preview.png using Guid(1d64daa6ad1d8184cbc672b5a7d48bfd) Importer(815301076,1909f56bfc062723c751e8b465ee728b)  -> (artifact id: '6ce83d9fb22bf1ad4aacc82657445996') in 0.063630 seconds
  Import took 0.071219 seconds .

========================================================================
Received Import Request.
  Time since last request: 0.000475 seconds.
  path: Assets/Scenes
  artifactKey: Guid(6349c2aa27f23064e95aac7257acd28e) Importer(815301076,1909f56bfc062723c751e8b465ee728b)
Start importing Assets/Scenes using Guid(6349c2aa27f23064e95aac7257acd28e) Importer(815301076,1909f56bfc062723c751e8b465ee728b)  -> (artifact id: 'afd5353eb0b0ade3ba7d5e7ac0fa348c') in 0.011688 seconds
  Import took 0.017678 seconds .

========================================================================
Received Import Request.
  Time since last request: 0.000385 seconds.
  path: Assets/Image/PC Computer - Overwatch - Soldier 76.png
  artifactKey: Guid(d3fd02bf53fe2e94dbec3e1c4651d81f) Importer(815301076,1909f56bfc062723c751e8b465ee728b)
Start importing Assets/Image/PC Computer - Overwatch - Soldier 76.png using Guid(d3fd02bf53fe2e94dbec3e1c4651d81f) Importer(815301076,1909f56bfc062723c751e8b465ee728b)  -> (artifact id: 'fe8edba01273e9773e7778d2094b60bc') in 0.063814 seconds
  Import took 0.071084 seconds .

========================================================================
Received Import Request.
  Time since last request: 0.000414 seconds.
  path: Assets/Image/aaThomas_right-removebg-preview.png
  artifactKey: Guid(806384ca0dc140343a55c42d467fd4e0) Importer(815301076,1909f56bfc062723c751e8b465ee728b)
Start importing Assets/Image/aaThomas_right-removebg-preview.png using Guid(806384ca0dc140343a55c42d467fd4e0) Importer(815301076,1909f56bfc062723c751e8b465ee728b)  -> (artifact id: 'fa66f59853dc8ae5bda900f99ca58d74') in 0.047570 seconds
  Import took 0.056434 seconds .

========================================================================
Received Import Request.
  Time since last request: 0.001388 seconds.
  path: Assets/Image
  artifactKey: Guid(84fbeffd974a26f43b0885e8e8f8fdd0) Importer(815301076,1909f56bfc062723c751e8b465ee728b)
Start importing Assets/Image using Guid(84fbeffd974a26f43b0885e8e8f8fdd0) Importer(815301076,1909f56bfc062723c751e8b465ee728b)  -> (artifact id: '2315dc630ede3c4a2824e6f06985d542') in 0.025126 seconds
  Import took 0.040213 seconds .

========================================================================
Received Import Request.
  Time since last request: 0.000461 seconds.
  path: Assets/Scenes/MainScene.unity
  artifactKey: Guid(2cda990e2423bbf4892e6590ba056729) Importer(815301076,1909f56bfc062723c751e8b465ee728b)
Start importing Assets/Scenes/MainScene.unity using Guid(2cda990e2423bbf4892e6590ba056729) Importer(815301076,1909f56bfc062723c751e8b465ee728b)  -> (artifact id: '9f84ee11fcf88610892f35c55f906108') in 0.020831 seconds
  Import took 0.032600 seconds .

========================================================================
Received Import Request.
  Time since last request: 0.003015 seconds.
  path: Assets/Image
  artifactKey: Guid(84fbeffd974a26f43b0885e8e8f8fdd0) Importer(815301076,1909f56bfc062723c751e8b465ee728b)
Start importing Assets/Image using Guid(84fbeffd974a26f43b0885e8e8f8fdd0) Importer(815301076,1909f56bfc062723c751e8b465ee728b)  -> (artifact id: '2315dc630ede3c4a2824e6f06985d542') in 0.022405 seconds
  Import took 0.035513 seconds .

========================================================================
Received Import Request.
  Time since last request: 0.000451 seconds.
  path: Assets/Image/PC Computer - Overwatch - McCree.png
  artifactKey: Guid(8ea6a03a5c9631c40aca47d08f9f32ae) Importer(815301076,1909f56bfc062723c751e8b465ee728b)
Start importing Assets/Image/PC Computer - Overwatch - McCree.png using Guid(8ea6a03a5c9631c40aca47d08f9f32ae) Importer(815301076,1909f56bfc062723c751e8b465ee728b)  -> (artifact id: '58b7abf39cc3ce6fd599942046a00469') in 0.069209 seconds
  Import took 0.076845 seconds .

========================================================================
Received Import Request.
  Time since last request: 0.875827 seconds.
  path: Assets/Defence_Sprites
  artifactKey: Guid(a7e76abca1ce75149994602dea45e1b3) Importer(815301076,1909f56bfc062723c751e8b465ee728b)
Start importing Assets/Defence_Sprites using Guid(a7e76abca1ce75149994602dea45e1b3) Importer(815301076,1909f56bfc062723c751e8b465ee728b)  -> (artifact id: '0705ed0e463be1fdf6eff288477952e3') in 0.022938 seconds
  Import took 0.031682 seconds .

========================================================================
Received Import Request.
  Time since last request: 0.037079 seconds.
  path: Assets/Defence_Sprites/Background.png
  artifactKey: Guid(548efd6b14113fc4ca4e7a7156243279) Importer(815301076,1909f56bfc062723c751e8b465ee728b)
Start importing Assets/Defence_Sprites/Background.png using Guid(548efd6b14113fc4ca4e7a7156243279) Importer(815301076,1909f56bfc062723c751e8b465ee728b)  -> (artifact id: '9dbb014983268bfc180cb6ccd698fdb9') in 0.059573 seconds
  Import took 0.072369 seconds .

========================================================================
Received Import Request.
  Time since last request: 0.000483 seconds.
  path: Assets/Defence_Sprites/cloud.png
  artifactKey: Guid(abc84c2f1311dcc46b425adb90c16d7e) Importer(815301076,1909f56bfc062723c751e8b465ee728b)
Start importing Assets/Defence_Sprites/cloud.png using Guid(abc84c2f1311dcc46b425adb90c16d7e) Importer(815301076,1909f56bfc062723c751e8b465ee728b)  -> (artifact id: '3da436b22197cc0ffde2fd61c4f38a1a') in 0.039564 seconds
  Import took 0.047844 seconds .

========================================================================
Received Import Request.
  Time since last request: 0.001022 seconds.
  path: Assets/Defence_Sprites/ground.png
  artifactKey: Guid(3d192f5036d5d0b438ad6e134b797270) Importer(815301076,1909f56bfc062723c751e8b465ee728b)
Start importing Assets/Defence_Sprites/ground.png using Guid(3d192f5036d5d0b438ad6e134b797270) Importer(815301076,1909f56bfc062723c751e8b465ee728b)  -> (artifact id: '6d9cb481424781337ffd8532f28cdee3') in 0.038084 seconds
  Import took 0.052403 seconds .

========================================================================
Received Import Request.
  Time since last request: 0.000535 seconds.
  path: Assets/Defence_Sprites/sky.png
  artifactKey: Guid(8c624a29990ac9f47ae80db9a71f31ca) Importer(815301076,1909f56bfc062723c751e8b465ee728b)
Start importing Assets/Defence_Sprites/sky.png using Guid(8c624a29990ac9f47ae80db9a71f31ca) Importer(815301076,1909f56bfc062723c751e8b465ee728b)  -> (artifact id: 'ce462dda37efe9ea7f7fa5305f9ef537') in 0.056770 seconds
  Import took 0.064619 seconds .

========================================================================
Received Import Request.
  Time since last request: 0.000449 seconds.
  path: Assets/Defence_Sprites/castle.png
  artifactKey: Guid(d9a1527fd41845746bdd740fc96fbaff) Importer(815301076,1909f56bfc062723c751e8b465ee728b)
Start importing Assets/Defence_Sprites/castle.png using Guid(d9a1527fd41845746bdd740fc96fbaff) Importer(815301076,1909f56bfc062723c751e8b465ee728b)  -> (artifact id: 'b4256da1b876c7f8b66f8430c1db1049') in 0.042008 seconds
  Import took 0.050745 seconds .

========================================================================
Received Import Request.
  Time since last request: 0.000481 seconds.
  path: Assets/Defence_Sprites/Score.png
  artifactKey: Guid(511004ee2f080bd40be7c29371398168) Importer(815301076,1909f56bfc062723c751e8b465ee728b)
Start importing Assets/Defence_Sprites/Score.png using Guid(511004ee2f080bd40be7c29371398168) Importer(815301076,1909f56bfc062723c751e8b465ee728b)  -> (artifact id: '6bf0231e531e52a8578dca4d35dec8b8') in 0.083601 seconds
  Import took 0.091550 seconds .

========================================================================
Received Import Request.
  Time since last request: 0.000367 seconds.
  path: Assets/Defence_Sprites/enemy.png
  artifactKey: Guid(e985bf2589671ec45970863deeedac4c) Importer(815301076,1909f56bfc062723c751e8b465ee728b)
Start importing Assets/Defence_Sprites/enemy.png using Guid(e985bf2589671ec45970863deeedac4c) Importer(815301076,1909f56bfc062723c751e8b465ee728b)  -> (artifact id: '141f21b0a89313d4dbfe21f11e51702e') in 0.040162 seconds
  Import took 0.048534 seconds .

========================================================================
Received Import Request.
  Time since last request: 2564.523482 seconds.
  path: Assets/EffectMove.cs
  artifactKey: Guid(6cb4ee5709fa12f41930a55f556290a5) Importer(815301076,1909f56bfc062723c751e8b465ee728b)
Start importing Assets/EffectMove.cs using Guid(6cb4ee5709fa12f41930a55f556290a5) Importer(815301076,1909f56bfc062723c751e8b465ee728b)  -> (artifact id: '3bfbcfb3b51822bfd61afd9f2a2c783c') in 0.126543 seconds
  Import took 0.136227 seconds .

========================================================================
Received Prepare
Registering precompiled user dll's ...
Registered in 0.014831 seconds.
Begin MonoManager ReloadAssembly
Native extension for WindowsStandalone target not found
Refreshing native plugins compatible for Editor in 0.48 ms, found 1 plugins.
Preloading 0 native plugins for Editor in 0.00 ms.
Mono: successfully reloaded assembly
- Completed reload, in  2.246 seconds
Platform modules already initialized, skipping
Refreshing native plugins compatible for Editor in 0.76 ms, found 1 plugins.
Preloading 0 native plugins for Editor in 0.00 ms.
Unloading 1820 Unused Serialized files (Serialized files now loaded: 0)
System memory in use before: 88.5 MB.
System memory in use after: 88.4 MB.

Unloading 12 unused Assets to reduce memory usage. Loaded Objects now: 2336.
Total: 2.653100 ms (FindLiveObjects: 0.229600 ms CreateObjectMapping: 0.086100 ms MarkObjects: 2.202300 ms  DeleteObjects: 0.133200 ms)

========================================================================
Received Import Request.
  Time since last request: 496.476131 seconds.
  path: Assets/EffectMove.cs
  artifactKey: Guid(6cb4ee5709fa12f41930a55f556290a5) Importer(815301076,1909f56bfc062723c751e8b465ee728b)
Start importing Assets/EffectMove.cs using Guid(6cb4ee5709fa12f41930a55f556290a5) Importer(815301076,1909f56bfc062723c751e8b465ee728b)  -> (artifact id: 'c4a4c185c50ed6d79f7ea6147e07fcbe') in 0.030079 seconds
  Import took 0.044118 seconds .

========================================================================
Received Prepare
Registering precompiled user dll's ...
Registered in 0.006623 seconds.
Begin MonoManager ReloadAssembly
Native extension for WindowsStandalone target not found
Refreshing native plugins compatible for Editor in 0.45 ms, found 1 plugins.
Preloading 0 native plugins for Editor in 0.00 ms.
Mono: successfully reloaded assembly
- Completed reload, in  2.039 seconds
Platform modules already initialized, skipping
Refreshing native plugins compatible for Editor in 0.72 ms, found 1 plugins.
Preloading 0 native plugins for Editor in 0.00 ms.
Unloading 1820 Unused Serialized files (Serialized files now loaded: 0)
System memory in use before: 88.5 MB.
System memory in use after: 88.5 MB.

Unloading 12 unused Assets to reduce memory usage. Loaded Objects now: 2340.
Total: 2.824400 ms (FindLiveObjects: 0.449000 ms CreateObjectMapping: 0.130300 ms MarkObjects: 2.102900 ms  DeleteObjects: 0.140300 ms)

========================================================================
Received Import Request.
  Time since last request: 269.999543 seconds.
  path: Assets/EffectMove.cs
  artifactKey: Guid(6cb4ee5709fa12f41930a55f556290a5) Importer(815301076,1909f56bfc062723c751e8b465ee728b)
Start importing Assets/EffectMove.cs using Guid(6cb4ee5709fa12f41930a55f556290a5) Importer(815301076,1909f56bfc062723c751e8b465ee728b)  -> (artifact id: 'db63b4a145e0d1228859d5ec01e7c46a') in 0.011986 seconds
  Import took 0.020246 seconds .

========================================================================
Received Prepare
Registering precompiled user dll's ...
Registered in 0.004624 seconds.
Begin MonoManager ReloadAssembly
Native extension for WindowsStandalone target not found
Refreshing native plugins compatible for Editor in 0.48 ms, found 1 plugins.
Preloading 0 native plugins for Editor in 0.00 ms.
Mono: successfully reloaded assembly
- Completed reload, in  2.235 seconds
Platform modules already initialized, skipping
Refreshing native plugins compatible for Editor in 0.44 ms, found 1 plugins.
Preloading 0 native plugins for Editor in 0.00 ms.
Unloading 1820 Unused Serialized files (Serialized files now loaded: 0)
System memory in use before: 88.5 MB.
System memory in use after: 88.5 MB.

Unloading 12 unused Assets to reduce memory usage. Loaded Objects now: 2344.
Total: 2.486900 ms (FindLiveObjects: 0.223300 ms CreateObjectMapping: 0.088200 ms MarkObjects: 2.027600 ms  DeleteObjects: 0.145900 ms)

========================================================================
Received Prepare
Registering precompiled user dll's ...
Registered in 0.009749 seconds.
Begin MonoManager ReloadAssembly
Native extension for WindowsStandalone target not found
Refreshing native plugins compatible for Editor in 2.70 ms, found 1 plugins.
Preloading 0 native plugins for Editor in 0.00 ms.
Mono: successfully reloaded assembly
- Completed reload, in  2.121 seconds
Platform modules already initialized, skipping
Refreshing native plugins compatible for Editor in 0.72 ms, found 1 plugins.
Preloading 0 native plugins for Editor in 0.00 ms.
Unloading 1820 Unused Serialized files (Serialized files now loaded: 0)
System memory in use before: 88.6 MB.
System memory in use after: 88.5 MB.

Unloading 12 unused Assets to reduce memory usage. Loaded Objects now: 2348.
Total: 4.346400 ms (FindLiveObjects: 0.371800 ms CreateObjectMapping: 0.158500 ms MarkObjects: 3.617600 ms  DeleteObjects: 0.196000 ms)

========================================================================
Received Import Request.
  Time since last request: 192.010938 seconds.
  path: Assets/Sound
  artifactKey: Guid(f9027affc8901c047944c5db1a2d513b) Importer(815301076,1909f56bfc062723c751e8b465ee728b)
Start importing Assets/Sound using Guid(f9027affc8901c047944c5db1a2d513b) Importer(815301076,1909f56bfc062723c751e8b465ee728b)  -> (artifact id: '74829459f0da56a8cd2be1fcdd351e19') in 0.040958 seconds
  Import took 0.048955 seconds .

========================================================================
Received Import Request.
  Time since last request: 0.043059 seconds.
  path: Assets/Sound/427594__michorvath__22-magnum-pistol-shot (mp3cut.net).wav
  artifactKey: Guid(c69cb28f1741f274891972f7d6c0563d) Importer(815301076,1909f56bfc062723c751e8b465ee728b)
Start importing Assets/Sound/427594__michorvath__22-magnum-pistol-shot (mp3cut.net).wav using Guid(c69cb28f1741f274891972f7d6c0563d) Importer(815301076,1909f56bfc062723c751e8b465ee728b)  -> (artifact id: '4082cb16b1e4ec2f1b173affd8c86eb7') in 0.514728 seconds
  Import took 0.520695 seconds .

========================================================================
Received Import Request.
  Time since last request: 0.000663 seconds.
  path: Assets/Sound/GunshotRifle_BW.57683.wav
  artifactKey: Guid(dfebaeb8a683dd84a9178f1bbfa95af1) Importer(815301076,1909f56bfc062723c751e8b465ee728b)
Start importing Assets/Sound/GunshotRifle_BW.57683.wav using Guid(dfebaeb8a683dd84a9178f1bbfa95af1) Importer(815301076,1909f56bfc062723c751e8b465ee728b)  -> (artifact id: 'c757dab9f95c11ec9a73941a15110d21') in 0.038024 seconds
  Import took 0.045682 seconds .

========================================================================
Received Prepare
Registering precompiled user dll's ...
Registered in 0.006043 seconds.
Begin MonoManager ReloadAssembly
Native extension for WindowsStandalone target not found
Refreshing native plugins compatible for Editor in 0.48 ms, found 1 plugins.
Preloading 0 native plugins for Editor in 0.00 ms.
Mono: successfully reloaded assembly
- Completed reload, in  2.335 seconds
Platform modules already initialized, skipping
Refreshing native plugins compatible for Editor in 0.93 ms, found 1 plugins.
Preloading 0 native plugins for Editor in 0.00 ms.
Unloading 1820 Unused Serialized files (Serialized files now loaded: 0)
System memory in use before: 88.6 MB.
System memory in use after: 88.6 MB.

Unloading 12 unused Assets to reduce memory usage. Loaded Objects now: 2358.
Total: 2.802300 ms (FindLiveObjects: 0.261600 ms CreateObjectMapping: 0.103600 ms MarkObjects: 2.292100 ms  DeleteObjects: 0.142200 ms)

========================================================================
Received Import Request.
  Time since last request: 18.019828 seconds.
  path: Assets/Scenes/MainMenu.unity
  artifactKey: Guid(5eae0af17f7627a44b1d1f87ec852a67) Importer(815301076,1909f56bfc062723c751e8b465ee728b)
Start importing Assets/Scenes/MainMenu.unity using Guid(5eae0af17f7627a44b1d1f87ec852a67) Importer(815301076,1909f56bfc062723c751e8b465ee728b)  -> (artifact id: '1a771fa38622ff2edb6d47642c74aa03') in 0.030929 seconds
  Import took 0.037352 seconds .

========================================================================
Received Import Request.
  Time since last request: 0.018378 seconds.
  path: Assets/Scenes/MainMenu.unity
  artifactKey: Guid(5eae0af17f7627a44b1d1f87ec852a67) Importer(815301076,1909f56bfc062723c751e8b465ee728b)
Start importing Assets/Scenes/MainMenu.unity using Guid(5eae0af17f7627a44b1d1f87ec852a67) Importer(815301076,1909f56bfc062723c751e8b465ee728b)  -> (artifact id: '1a771fa38622ff2edb6d47642c74aa03') in 0.014005 seconds
  Import took 0.021015 seconds .

========================================================================
Received Prepare
Registering precompiled user dll's ...
Registered in 0.006029 seconds.
Begin MonoManager ReloadAssembly
Native extension for WindowsStandalone target not found
Refreshing native plugins compatible for Editor in 0.42 ms, found 1 plugins.
Preloading 0 native plugins for Editor in 0.00 ms.
Mono: successfully reloaded assembly
- Completed reload, in  1.982 seconds
Platform modules already initialized, skipping
Refreshing native plugins compatible for Editor in 0.72 ms, found 1 plugins.
Preloading 0 native plugins for Editor in 0.00 ms.
Unloading 1820 Unused Serialized files (Serialized files now loaded: 0)
System memory in use before: 88.7 MB.
System memory in use after: 88.6 MB.

Unloading 12 unused Assets to reduce memory usage. Loaded Objects now: 2362.
Total: 2.605200 ms (FindLiveObjects: 0.232000 ms CreateObjectMapping: 0.088600 ms MarkObjects: 2.139800 ms  DeleteObjects: 0.143100 ms)

========================================================================
Received Prepare
Registering precompiled user dll's ...
Registered in 0.006360 seconds.
Begin MonoManager ReloadAssembly
Native extension for WindowsStandalone target not found
Refreshing native plugins compatible for Editor in 1.06 ms, found 1 plugins.
Preloading 0 native plugins for Editor in 0.00 ms.
Mono: successfully reloaded assembly
- Completed reload, in  2.266 seconds
Platform modules already initialized, skipping
Refreshing native plugins compatible for Editor in 0.71 ms, found 1 plugins.
Preloading 0 native plugins for Editor in 0.00 ms.
Unloading 1820 Unused Serialized files (Serialized files now loaded: 0)
System memory in use before: 88.7 MB.
System memory in use after: 88.6 MB.

Unloading 12 unused Assets to reduce memory usage. Loaded Objects now: 2366.
Total: 3.049500 ms (FindLiveObjects: 0.234300 ms CreateObjectMapping: 0.088300 ms MarkObjects: 2.582800 ms  DeleteObjects: 0.142300 ms)

========================================================================
Received Prepare
Registering precompiled user dll's ...
Registered in 0.006916 seconds.
Begin MonoManager ReloadAssembly
Native extension for WindowsStandalone target not found
Refreshing native plugins compatible for Editor in 0.50 ms, found 1 plugins.
Preloading 0 native plugins for Editor in 0.00 ms.
Mono: successfully reloaded assembly
- Completed reload, in  2.099 seconds
Platform modules already initialized, skipping
Refreshing native plugins compatible for Editor in 0.99 ms, found 1 plugins.
Preloading 0 native plugins for Editor in 0.00 ms.
Unloading 1820 Unused Serialized files (Serialized files now loaded: 0)
System memory in use before: 88.7 MB.
System memory in use after: 88.6 MB.

Unloading 12 unused Assets to reduce memory usage. Loaded Objects now: 2370.
Total: 2.595100 ms (FindLiveObjects: 0.355900 ms CreateObjectMapping: 0.087200 ms MarkObjects: 2.012000 ms  DeleteObjects: 0.138300 ms)

========================================================================
Received Import Request.
  Time since last request: 1479.847368 seconds.
  path: Assets/Image/Russian
  artifactKey: Guid(d32d85a8d4478c9439d939045da21a4f) Importer(815301076,1909f56bfc062723c751e8b465ee728b)
Start importing Assets/Image/Russian using Guid(d32d85a8d4478c9439d939045da21a4f) Importer(815301076,1909f56bfc062723c751e8b465ee728b)  -> (artifact id: 'cf1f5dfdc5527d87de0e89ce0dad563b') in 0.027355 seconds
  Import took 0.036353 seconds .

========================================================================
Received Import Request.
  Time since last request: 11.828293 seconds.
  path: Assets/Image/Russian/Evil Ryu_113.png
  artifactKey: Guid(90eb9b74aa8764c419b37a8ae875f8ce) Importer(815301076,1909f56bfc062723c751e8b465ee728b)
Start importing Assets/Image/Russian/Evil Ryu_113.png using Guid(90eb9b74aa8764c419b37a8ae875f8ce) Importer(815301076,1909f56bfc062723c751e8b465ee728b)  -> (artifact id: 'd6f23b609fbf13fa33321fad4a265f78') in 0.400683 seconds
  Import took 0.423822 seconds .

========================================================================
Received Import Request.
  Time since last request: 0.000536 seconds.
  path: Assets/Image/Russian/Evil Ryu_126.png
  artifactKey: Guid(bf3e22c7de2b2164c99d1a4a144587f3) Importer(815301076,1909f56bfc062723c751e8b465ee728b)
Start importing Assets/Image/Russian/Evil Ryu_126.png using Guid(bf3e22c7de2b2164c99d1a4a144587f3) Importer(815301076,1909f56bfc062723c751e8b465ee728b)  -> (artifact id: '22073715a35014126d76ed9af693d805') in 0.034679 seconds
  Import took 0.045231 seconds .

========================================================================
Received Import Request.
  Time since last request: 0.000367 seconds.
  path: Assets/Image/Russian/Evil Ryu_118.png
  artifactKey: Guid(a9301dcdc0cf103449ee5c3f636232b4) Importer(815301076,1909f56bfc062723c751e8b465ee728b)
Start importing Assets/Image/Russian/Evil Ryu_118.png using Guid(a9301dcdc0cf103449ee5c3f636232b4) Importer(815301076,1909f56bfc062723c751e8b465ee728b)  -> (artifact id: '4105f4ca65433156a1aa913d4233b0df') in 0.027267 seconds
  Import took 0.032415 seconds .

========================================================================
Received Import Request.
  Time since last request: 0.000364 seconds.
  path: Assets/Image/Russian/Evil Ryu_125.png
  artifactKey: Guid(782b32eb0ab740649b30987095bf3ee7) Importer(815301076,1909f56bfc062723c751e8b465ee728b)
Start importing Assets/Image/Russian/Evil Ryu_125.png using Guid(782b32eb0ab740649b30987095bf3ee7) Importer(815301076,1909f56bfc062723c751e8b465ee728b)  -> (artifact id: '79b7130c6524c802b6d92e08de8545de') in 0.090782 seconds
  Import took 0.101535 seconds .

========================================================================
Received Import Request.
  Time since last request: 0.007031 seconds.
  path: Assets/Image/Russian/Evil Ryu_119.png
  artifactKey: Guid(ca0bb46434da22740a122a884bb625fd) Importer(815301076,1909f56bfc062723c751e8b465ee728b)
Start importing Assets/Image/Russian/Evil Ryu_119.png using Guid(ca0bb46434da22740a122a884bb625fd) Importer(815301076,1909f56bfc062723c751e8b465ee728b)  -> (artifact id: '2859b2a73892cfbffcde9e46473865c0') in 0.072397 seconds
  Import took 0.081886 seconds .

========================================================================
Received Import Request.
  Time since last request: 0.000362 seconds.
  path: Assets/Image/Russian/Evil Ryu_123.png
  artifactKey: Guid(a6663ac0833133d44ac8f5ba060b8222) Importer(815301076,1909f56bfc062723c751e8b465ee728b)
Start importing Assets/Image/Russian/Evil Ryu_123.png using Guid(a6663ac0833133d44ac8f5ba060b8222) Importer(815301076,1909f56bfc062723c751e8b465ee728b)  -> (artifact id: 'ab6f02b7940554be9db254eefc3e7d73') in 0.136634 seconds
  Import took 0.147928 seconds .

========================================================================
Received Import Request.
  Time since last request: 0.000155 seconds.
  path: Assets/Image/Russian/Evil Ryu_120.png
  artifactKey: Guid(772b0b8b8eff68f49977523ffa993f0f) Importer(815301076,1909f56bfc062723c751e8b465ee728b)
Start importing Assets/Image/Russian/Evil Ryu_120.png using Guid(772b0b8b8eff68f49977523ffa993f0f) Importer(815301076,1909f56bfc062723c751e8b465ee728b)  -> (artifact id: 'cd13d6261062156e9b2c97acbdb24722') in 0.098027 seconds
  Import took 0.112730 seconds .

========================================================================
Received Import Request.
  Time since last request: 0.000740 seconds.
  path: Assets/Image/Russian/Evil Ryu_116.png
  artifactKey: Guid(c327173754f94064780d5c6617439b6a) Importer(815301076,1909f56bfc062723c751e8b465ee728b)
Start importing Assets/Image/Russian/Evil Ryu_116.png using Guid(c327173754f94064780d5c6617439b6a) Importer(815301076,1909f56bfc062723c751e8b465ee728b)  -> (artifact id: '06b41b874fa641be2fe3dc015b4282fe') in 0.061096 seconds
  Import took 0.070030 seconds .

========================================================================
Received Import Request.
  Time since last request: 0.000425 seconds.
  path: Assets/Image/Russian/Evil Ryu_122.png
  artifactKey: Guid(c61430eedc011d64fa2201057e5172c4) Importer(815301076,1909f56bfc062723c751e8b465ee728b)
Start importing Assets/Image/Russian/Evil Ryu_122.png using Guid(c61430eedc011d64fa2201057e5172c4) Importer(815301076,1909f56bfc062723c751e8b465ee728b)  -> (artifact id: 'e1b20ffe4496cf9f78986c00e9e8e005') in 0.062934 seconds
  Import took 0.069395 seconds .

========================================================================
Received Import Request.
  Time since last request: 0.000349 seconds.
  path: Assets/Image/Russian/Evil Ryu_117.png
  artifactKey: Guid(44ff8817695349e4997ce2bd189ec1ce) Importer(815301076,1909f56bfc062723c751e8b465ee728b)
Start importing Assets/Image/Russian/Evil Ryu_117.png using Guid(44ff8817695349e4997ce2bd189ec1ce) Importer(815301076,1909f56bfc062723c751e8b465ee728b)  -> (artifact id: '6b46ce84c7cff9beeb8b2c079a6b15e0') in 0.217303 seconds
  Import took 0.242099 seconds .

========================================================================
Received Import Request.
  Time since last request: 0.000534 seconds.
  path: Assets/Image/Russian/Evil Ryu_114.png
  artifactKey: Guid(8c6ed06304584ba42b92f26d719640c0) Importer(815301076,1909f56bfc062723c751e8b465ee728b)
Start importing Assets/Image/Russian/Evil Ryu_114.png using Guid(8c6ed06304584ba42b92f26d719640c0) Importer(815301076,1909f56bfc062723c751e8b465ee728b)  -> (artifact id: 'd481543334f756e5019b5420b5b8a154') in 0.159138 seconds
  Import took 0.173743 seconds .

========================================================================
Received Import Request.
  Time since last request: 0.000609 seconds.
  path: Assets/Image/Russian/Evil Ryu_115.png
  artifactKey: Guid(6ec93f01b0d76064b84da2b87957ef2f) Importer(815301076,1909f56bfc062723c751e8b465ee728b)
Start importing Assets/Image/Russian/Evil Ryu_115.png using Guid(6ec93f01b0d76064b84da2b87957ef2f) Importer(815301076,1909f56bfc062723c751e8b465ee728b)  -> (artifact id: '82c5e2d1f163b646bf913290bb4977e5') in 0.054279 seconds
  Import took 0.111310 seconds .

========================================================================
Received Import Request.
  Time since last request: 0.000560 seconds.
  path: Assets/Image/Russian/Evil Ryu_127.png
  artifactKey: Guid(658200387fffe98448784e837bcddd4f) Importer(815301076,1909f56bfc062723c751e8b465ee728b)
Start importing Assets/Image/Russian/Evil Ryu_127.png using Guid(658200387fffe98448784e837bcddd4f) Importer(815301076,1909f56bfc062723c751e8b465ee728b)  -> (artifact id: 'b1c76547ead6c4c13ba57b45d77da6d7') in 0.104656 seconds
  Import took 0.116976 seconds .

========================================================================
Received Import Request.
  Time since last request: 0.090488 seconds.
  path: Assets/Image/Russian/Evil Ryu_121.png
  artifactKey: Guid(fb9379ef59acb7a488e9b51469a25969) Importer(815301076,1909f56bfc062723c751e8b465ee728b)
Start importing Assets/Image/Russian/Evil Ryu_121.png using Guid(fb9379ef59acb7a488e9b51469a25969) Importer(815301076,1909f56bfc062723c751e8b465ee728b)  -> (artifact id: 'be9eb0756c0a748f93e56d649282c9ad') in 0.074844 seconds
  Import took 0.095020 seconds .

========================================================================
Received Import Request.
  Time since last request: 0.000627 seconds.
  path: Assets/Image/Russian/Evil Ryu_128.png
  artifactKey: Guid(930c148c34ba45c4a828c00345313680) Importer(815301076,1909f56bfc062723c751e8b465ee728b)
Start importing Assets/Image/Russian/Evil Ryu_128.png using Guid(930c148c34ba45c4a828c00345313680) Importer(815301076,1909f56bfc062723c751e8b465ee728b)  -> (artifact id: '544855e93879f339305137cd70e8509a') in 0.051591 seconds
  Import took 0.154972 seconds .

========================================================================
Received Import Request.
  Time since last request: 0.000574 seconds.
  path: Assets/Image/Russian/Evil Ryu_124.png
  artifactKey: Guid(d4f7eeba2eea71a4d9fbb2a9b6726ef3) Importer(815301076,1909f56bfc062723c751e8b465ee728b)
Start importing Assets/Image/Russian/Evil Ryu_124.png using Guid(d4f7eeba2eea71a4d9fbb2a9b6726ef3) Importer(815301076,1909f56bfc062723c751e8b465ee728b)  -> (artifact id: 'eb8bc04a741d7b1665fa399720add5e7') in 0.083743 seconds
  Import took 0.093885 seconds .

========================================================================
Received Import Request.
  Time since last request: 0.010961 seconds.
  path: Assets/Image/Russian/Evil Ryu_124.png
  artifactKey: Guid(d4f7eeba2eea71a4d9fbb2a9b6726ef3) Importer(815301076,1909f56bfc062723c751e8b465ee728b)
Start importing Assets/Image/Russian/Evil Ryu_124.png using Guid(d4f7eeba2eea71a4d9fbb2a9b6726ef3) Importer(815301076,1909f56bfc062723c751e8b465ee728b)  -> (artifact id: 'eb8bc04a741d7b1665fa399720add5e7') in 0.074551 seconds
  Import took 0.086231 seconds .

========================================================================
Received Import Request.
  Time since last request: 10.671736 seconds.
  path: Assets/Scenes/MainScene.unity
  artifactKey: Guid(2cda990e2423bbf4892e6590ba056729) Importer(815301076,1909f56bfc062723c751e8b465ee728b)
Start importing Assets/Scenes/MainScene.unity using Guid(2cda990e2423bbf4892e6590ba056729) Importer(815301076,1909f56bfc062723c751e8b465ee728b)  -> (artifact id: 'c9cf9874f4f569d1f39123d25bdc51af') in 0.026691 seconds
  Import took 0.035518 seconds .

========================================================================
Received Import Request.
  Time since last request: 113.937754 seconds.
  path: Assets/Image/Russian/Evil Ryu_113.controller
  artifactKey: Guid(d92413e41b22e164a8d618f810cfee9e) Importer(815301076,1909f56bfc062723c751e8b465ee728b)
Start importing Assets/Image/Russian/Evil Ryu_113.controller using Guid(d92413e41b22e164a8d618f810cfee9e) Importer(815301076,1909f56bfc062723c751e8b465ee728b)  -> (artifact id: '8025ddd02be70b9a419a160e4920413c') in 0.053544 seconds
  Import took 0.063492 seconds .

========================================================================
Received Prepare
Registering precompiled user dll's ...
Registered in 0.005607 seconds.
Begin MonoManager ReloadAssembly
Native extension for WindowsStandalone target not found
Refreshing native plugins compatible for Editor in 0.55 ms, found 1 plugins.
Preloading 0 native plugins for Editor in 0.00 ms.
Mono: successfully reloaded assembly
- Completed reload, in  3.784 seconds
Platform modules already initialized, skipping
Refreshing native plugins compatible for Editor in 0.77 ms, found 1 plugins.
Preloading 0 native plugins for Editor in 0.00 ms.
Unloading 1820 Unused Serialized files (Serialized files now loaded: 0)
System memory in use before: 88.7 MB.
System memory in use after: 88.7 MB.

Unloading 12 unused Assets to reduce memory usage. Loaded Objects now: 2377.
Total: 2.850000 ms (FindLiveObjects: 0.336200 ms CreateObjectMapping: 0.159300 ms MarkObjects: 2.215400 ms  DeleteObjects: 0.137000 ms)

========================================================================
Received Import Request.
  Time since last request: 69.185542 seconds.
  path: Assets/Image/Russian/Evil Ryu_113.png
  artifactKey: Guid(90eb9b74aa8764c419b37a8ae875f8ce) Importer(815301076,1909f56bfc062723c751e8b465ee728b)
Start importing Assets/Image/Russian/Evil Ryu_113.png using Guid(90eb9b74aa8764c419b37a8ae875f8ce) Importer(815301076,1909f56bfc062723c751e8b465ee728b)  -> (artifact id: 'aa86d4d7df5199d63a4ff389030e2186') in 0.112804 seconds
  Import took 0.120615 seconds .

========================================================================
Received Import Request.
  Time since last request: 74.701623 seconds.
  path: Assets/Image/Russian/Evil Ryu_114.png
  artifactKey: Guid(8c6ed06304584ba42b92f26d719640c0) Importer(815301076,1909f56bfc062723c751e8b465ee728b)
Start importing Assets/Image/Russian/Evil Ryu_114.png using Guid(8c6ed06304584ba42b92f26d719640c0) Importer(815301076,1909f56bfc062723c751e8b465ee728b)  -> (artifact id: 'c56d43386721cc859b778104cfd72d6a') in 0.024801 seconds
  Import took 0.032164 seconds .

========================================================================
Received Import Request.
  Time since last request: 10.274773 seconds.
  path: Assets/Image/Russian/Evil Ryu_114.png
  artifactKey: Guid(8c6ed06304584ba42b92f26d719640c0) Importer(815301076,1909f56bfc062723c751e8b465ee728b)
Start importing Assets/Image/Russian/Evil Ryu_114.png using Guid(8c6ed06304584ba42b92f26d719640c0) Importer(815301076,1909f56bfc062723c751e8b465ee728b)  -> (artifact id: '22e2b82be0b180dc55b44da52b4c7549') in 0.031433 seconds
  Import took 0.037306 seconds .

========================================================================
Received Import Request.
  Time since last request: 33.927501 seconds.
  path: Assets/Image/Russian/Evil Ryu_113.png
  artifactKey: Guid(90eb9b74aa8764c419b37a8ae875f8ce) Importer(815301076,1909f56bfc062723c751e8b465ee728b)
Start importing Assets/Image/Russian/Evil Ryu_113.png using Guid(90eb9b74aa8764c419b37a8ae875f8ce) Importer(815301076,1909f56bfc062723c751e8b465ee728b)  -> (artifact id: '72b3094bb4cf9de8638d23d8e6326f5f') in 0.027882 seconds
  Import took 0.034699 seconds .

========================================================================
Received Import Request.
  Time since last request: 119.356231 seconds.
  path: Assets/Image/Russian/Evil Ryu_113.png
  artifactKey: Guid(90eb9b74aa8764c419b37a8ae875f8ce) Importer(815301076,1909f56bfc062723c751e8b465ee728b)
Start importing Assets/Image/Russian/Evil Ryu_113.png using Guid(90eb9b74aa8764c419b37a8ae875f8ce) Importer(815301076,1909f56bfc062723c751e8b465ee728b)  -> (artifact id: 'ace5393e1a21b2efdf52b87ed94d40e5') in 0.032479 seconds
  Import took 0.042295 seconds .

========================================================================
Received Import Request.
  Time since last request: 15.010933 seconds.
  path: Assets/Image/Russian/Evil Ryu_114.png
  artifactKey: Guid(8c6ed06304584ba42b92f26d719640c0) Importer(815301076,1909f56bfc062723c751e8b465ee728b)
Start importing Assets/Image/Russian/Evil Ryu_114.png using Guid(8c6ed06304584ba42b92f26d719640c0) Importer(815301076,1909f56bfc062723c751e8b465ee728b)  -> (artifact id: '9e5d6e8697f762fc35978a85086ef961') in 0.024007 seconds
  Import took 0.037743 seconds .

========================================================================
Received Import Request.
  Time since last request: 0.026892 seconds.
  path: Assets/Image/Russian/Evil Ryu_114.png
  artifactKey: Guid(8c6ed06304584ba42b92f26d719640c0) Importer(815301076,1909f56bfc062723c751e8b465ee728b)
Start importing Assets/Image/Russian/Evil Ryu_114.png using Guid(8c6ed06304584ba42b92f26d719640c0) Importer(815301076,1909f56bfc062723c751e8b465ee728b)  -> (artifact id: '9e5d6e8697f762fc35978a85086ef961') in 0.033413 seconds
  Import took 0.038372 seconds .

========================================================================
Received Import Request.
  Time since last request: 36.074477 seconds.
  path: Assets/Image/Russian/Evil Ryu_114.png
  artifactKey: Guid(8c6ed06304584ba42b92f26d719640c0) Importer(815301076,1909f56bfc062723c751e8b465ee728b)
Start importing Assets/Image/Russian/Evil Ryu_114.png using Guid(8c6ed06304584ba42b92f26d719640c0) Importer(815301076,1909f56bfc062723c751e8b465ee728b)  -> (artifact id: '88ec1cac6f0625d9a5c31248ae14f099') in 0.026314 seconds
  Import took 0.034912 seconds .

========================================================================
Received Import Request.
  Time since last request: 8.756075 seconds.
  path: Assets/Image/Russian/Evil Ryu_115.png
  artifactKey: Guid(6ec93f01b0d76064b84da2b87957ef2f) Importer(815301076,1909f56bfc062723c751e8b465ee728b)
Start importing Assets/Image/Russian/Evil Ryu_115.png using Guid(6ec93f01b0d76064b84da2b87957ef2f) Importer(815301076,1909f56bfc062723c751e8b465ee728b)  -> (artifact id: '3d923e6b823e45500faab8443ed02106') in 0.021327 seconds
  Import took 0.029716 seconds .

========================================================================
Received Import Request.
  Time since last request: 30.184021 seconds.
  path: Assets/Image/Russian/Evil Ryu_115.png
  artifactKey: Guid(6ec93f01b0d76064b84da2b87957ef2f) Importer(815301076,1909f56bfc062723c751e8b465ee728b)
Start importing Assets/Image/Russian/Evil Ryu_115.png using Guid(6ec93f01b0d76064b84da2b87957ef2f) Importer(815301076,1909f56bfc062723c751e8b465ee728b)  -> (artifact id: '006969019d2009b955db2d71588c997b') in 0.031552 seconds
  Import took 0.038741 seconds .

========================================================================
Received Import Request.
  Time since last request: 11.260514 seconds.
  path: Assets/Image/Russian/Evil Ryu_114.png
  artifactKey: Guid(8c6ed06304584ba42b92f26d719640c0) Importer(815301076,1909f56bfc062723c751e8b465ee728b)
Start importing Assets/Image/Russian/Evil Ryu_114.png using Guid(8c6ed06304584ba42b92f26d719640c0) Importer(815301076,1909f56bfc062723c751e8b465ee728b)  -> (artifact id: '36cc67b775038b5c1c7d83201da422d5') in 0.029687 seconds
  Import took 0.038552 seconds .

========================================================================
Received Import Request.
  Time since last request: 10.278457 seconds.
  path: Assets/Image/Russian/Evil Ryu_113.png
  artifactKey: Guid(90eb9b74aa8764c419b37a8ae875f8ce) Importer(815301076,1909f56bfc062723c751e8b465ee728b)
Start importing Assets/Image/Russian/Evil Ryu_113.png using Guid(90eb9b74aa8764c419b37a8ae875f8ce) Importer(815301076,1909f56bfc062723c751e8b465ee728b)  -> (artifact id: '7d2bf2aef5a418953ebce9f44c05a8b9') in 0.037018 seconds
  Import took 0.050516 seconds .

========================================================================
Received Import Request.
  Time since last request: 17.491400 seconds.
  path: Assets/Image/Russian/Evil Ryu_116.png
  artifactKey: Guid(c327173754f94064780d5c6617439b6a) Importer(815301076,1909f56bfc062723c751e8b465ee728b)
Start importing Assets/Image/Russian/Evil Ryu_116.png using Guid(c327173754f94064780d5c6617439b6a) Importer(815301076,1909f56bfc062723c751e8b465ee728b)  -> (artifact id: 'b0a838f186eabeb0ac2c8fbdd57b8d6b') in 0.022261 seconds
  Import took 0.028519 seconds .

========================================================================
Received Import Request.
  Time since last request: 33.283820 seconds.
  path: Assets/Image/Russian/Evil Ryu_116.png
  artifactKey: Guid(c327173754f94064780d5c6617439b6a) Importer(815301076,1909f56bfc062723c751e8b465ee728b)
Start importing Assets/Image/Russian/Evil Ryu_116.png using Guid(c327173754f94064780d5c6617439b6a) Importer(815301076,1909f56bfc062723c751e8b465ee728b)  -> (artifact id: '1cf00cdb5013112199d1eed225abd9ff') in 0.033046 seconds
  Import took 0.042300 seconds .

========================================================================
Received Import Request.
  Time since last request: 9.833914 seconds.
  path: Assets/Image/Russian/Evil Ryu_117.png
  artifactKey: Guid(44ff8817695349e4997ce2bd189ec1ce) Importer(815301076,1909f56bfc062723c751e8b465ee728b)
Start importing Assets/Image/Russian/Evil Ryu_117.png using Guid(44ff8817695349e4997ce2bd189ec1ce) Importer(815301076,1909f56bfc062723c751e8b465ee728b)  -> (artifact id: '0593d43e360449a2daae3b0d424e2735') in 0.027102 seconds
  Import took 0.034527 seconds .

========================================================================
Received Import Request.
  Time since last request: 22.034785 seconds.
  path: Assets/Image/Russian/Evil Ryu_117.png
  artifactKey: Guid(44ff8817695349e4997ce2bd189ec1ce) Importer(815301076,1909f56bfc062723c751e8b465ee728b)
Start importing Assets/Image/Russian/Evil Ryu_117.png using Guid(44ff8817695349e4997ce2bd189ec1ce) Importer(815301076,1909f56bfc062723c751e8b465ee728b)  -> (artifact id: 'ee1bb51f0d7aee5f2d7dd1d6e8071b0d') in 0.024509 seconds
  Import took 0.033062 seconds .

========================================================================
Received Import Request.
  Time since last request: 12.313327 seconds.
  path: Assets/Image/Russian/Evil Ryu_118.png
  artifactKey: Guid(a9301dcdc0cf103449ee5c3f636232b4) Importer(815301076,1909f56bfc062723c751e8b465ee728b)
Start importing Assets/Image/Russian/Evil Ryu_118.png using Guid(a9301dcdc0cf103449ee5c3f636232b4) Importer(815301076,1909f56bfc062723c751e8b465ee728b)  -> (artifact id: '462777f4360960e884566fe55027a700') in 0.025902 seconds
  Import took 0.035170 seconds .

========================================================================
Received Import Request.
  Time since last request: 20.410860 seconds.
  path: Assets/Image/Russian/Evil Ryu_118.png
  artifactKey: Guid(a9301dcdc0cf103449ee5c3f636232b4) Importer(815301076,1909f56bfc062723c751e8b465ee728b)
Start importing Assets/Image/Russian/Evil Ryu_118.png using Guid(a9301dcdc0cf103449ee5c3f636232b4) Importer(815301076,1909f56bfc062723c751e8b465ee728b)  -> (artifact id: '39d85a1c977b76ac0aa7dba1cf48148e') in 0.031123 seconds
  Import took 0.041292 seconds .

========================================================================
Received Import Request.
  Time since last request: 6.354445 seconds.
  path: Assets/Image/Russian/Evil Ryu_119.png
  artifactKey: Guid(ca0bb46434da22740a122a884bb625fd) Importer(815301076,1909f56bfc062723c751e8b465ee728b)
Start importing Assets/Image/Russian/Evil Ryu_119.png using Guid(ca0bb46434da22740a122a884bb625fd) Importer(815301076,1909f56bfc062723c751e8b465ee728b)  -> (artifact id: 'd2cf1a942b572bc0d49cb34987112316') in 0.026396 seconds
  Import took 0.040653 seconds .

========================================================================
Received Import Request.
  Time since last request: 0.040911 seconds.
  path: Assets/Image/Russian/Evil Ryu_119.png
  artifactKey: Guid(ca0bb46434da22740a122a884bb625fd) Importer(815301076,1909f56bfc062723c751e8b465ee728b)
Start importing Assets/Image/Russian/Evil Ryu_119.png using Guid(ca0bb46434da22740a122a884bb625fd) Importer(815301076,1909f56bfc062723c751e8b465ee728b)  -> (artifact id: 'd2cf1a942b572bc0d49cb34987112316') in 0.033244 seconds
  Import took 0.041677 seconds .

========================================================================
Received Import Request.
  Time since last request: 16.322248 seconds.
  path: Assets/Image/Russian/Evil Ryu_119.png
  artifactKey: Guid(ca0bb46434da22740a122a884bb625fd) Importer(815301076,1909f56bfc062723c751e8b465ee728b)
Start importing Assets/Image/Russian/Evil Ryu_119.png using Guid(ca0bb46434da22740a122a884bb625fd) Importer(815301076,1909f56bfc062723c751e8b465ee728b)  -> (artifact id: '6f30872579a6f363686b6dbbeda6f0e2') in 0.034091 seconds
  Import took 0.043223 seconds .

========================================================================
Received Import Request.
  Time since last request: 12.646033 seconds.
  path: Assets/Image/Russian/Evil Ryu_120.png
  artifactKey: Guid(772b0b8b8eff68f49977523ffa993f0f) Importer(815301076,1909f56bfc062723c751e8b465ee728b)
Start importing Assets/Image/Russian/Evil Ryu_120.png using Guid(772b0b8b8eff68f49977523ffa993f0f) Importer(815301076,1909f56bfc062723c751e8b465ee728b)  -> (artifact id: '1372093f20a8a84956e8fbcc96fa6fe4') in 0.028863 seconds
  Import took 0.037755 seconds .

========================================================================
Received Import Request.
  Time since last request: 47.565175 seconds.
  path: Assets/Image/Russian/Evil Ryu_120.png
  artifactKey: Guid(772b0b8b8eff68f49977523ffa993f0f) Importer(815301076,1909f56bfc062723c751e8b465ee728b)
Start importing Assets/Image/Russian/Evil Ryu_120.png using Guid(772b0b8b8eff68f49977523ffa993f0f) Importer(815301076,1909f56bfc062723c751e8b465ee728b)  -> (artifact id: '15721a3f328fcf2aa17d4e282fa05a38') in 0.034916 seconds
  Import took 0.049586 seconds .

========================================================================
Received Import Request.
  Time since last request: 8.489519 seconds.
  path: Assets/Image/Russian/Evil Ryu_121.png
  artifactKey: Guid(fb9379ef59acb7a488e9b51469a25969) Importer(815301076,1909f56bfc062723c751e8b465ee728b)
Start importing Assets/Image/Russian/Evil Ryu_121.png using Guid(fb9379ef59acb7a488e9b51469a25969) Importer(815301076,1909f56bfc062723c751e8b465ee728b)  -> (artifact id: 'fd99f096dc7f3019816aa3319bef7fc6') in 0.022742 seconds
  Import took 0.028140 seconds .

========================================================================
Received Import Request.
  Time since last request: 17.801999 seconds.
  path: Assets/Image/Russian/Evil Ryu_121.png
  artifactKey: Guid(fb9379ef59acb7a488e9b51469a25969) Importer(815301076,1909f56bfc062723c751e8b465ee728b)
Start importing Assets/Image/Russian/Evil Ryu_121.png using Guid(fb9379ef59acb7a488e9b51469a25969) Importer(815301076,1909f56bfc062723c751e8b465ee728b)  -> (artifact id: '712609d068aaa7ee6e63f1604a8e6fda') in 0.028403 seconds
  Import took 0.034541 seconds .

========================================================================
Received Import Request.
  Time since last request: 7.836704 seconds.
  path: Assets/Image/Russian/Evil Ryu_122.png
  artifactKey: Guid(c61430eedc011d64fa2201057e5172c4) Importer(815301076,1909f56bfc062723c751e8b465ee728b)
Start importing Assets/Image/Russian/Evil Ryu_122.png using Guid(c61430eedc011d64fa2201057e5172c4) Importer(815301076,1909f56bfc062723c751e8b465ee728b)  -> (artifact id: '0a31a90bf16f0d4f48a662849e379183') in 0.026048 seconds
  Import took 0.032213 seconds .

========================================================================
Received Import Request.
  Time since last request: 34.669919 seconds.
  path: Assets/Image/Russian/Evil Ryu_122.png
  artifactKey: Guid(c61430eedc011d64fa2201057e5172c4) Importer(815301076,1909f56bfc062723c751e8b465ee728b)
Start importing Assets/Image/Russian/Evil Ryu_122.png using Guid(c61430eedc011d64fa2201057e5172c4) Importer(815301076,1909f56bfc062723c751e8b465ee728b)  -> (artifact id: '7bc00f472db722fde85eaae5c6dcf3d2') in 0.028355 seconds
  Import took 0.035717 seconds .

========================================================================
Received Import Request.
  Time since last request: 13.060939 seconds.
  path: Assets/Image/Russian/Evil Ryu_123.png
  artifactKey: Guid(a6663ac0833133d44ac8f5ba060b8222) Importer(815301076,1909f56bfc062723c751e8b465ee728b)
Start importing Assets/Image/Russian/Evil Ryu_123.png using Guid(a6663ac0833133d44ac8f5ba060b8222) Importer(815301076,1909f56bfc062723c751e8b465ee728b)  -> (artifact id: 'af6c59fdc593e0513cee70c10c3ec3e7') in 0.026727 seconds
  Import took 0.034646 seconds .

========================================================================
Received Import Request.
  Time since last request: 23.160384 seconds.
  path: Assets/Image/Russian/Evil Ryu_123.png
  artifactKey: Guid(a6663ac0833133d44ac8f5ba060b8222) Importer(815301076,1909f56bfc062723c751e8b465ee728b)
Start importing Assets/Image/Russian/Evil Ryu_123.png using Guid(a6663ac0833133d44ac8f5ba060b8222) Importer(815301076,1909f56bfc062723c751e8b465ee728b)  -> (artifact id: '2f32593311175d2936017930f55ff122') in 0.028871 seconds
  Import took 0.038959 seconds .

========================================================================
Received Import Request.
  Time since last request: 7.930019 seconds.
  path: Assets/Image/Russian/Evil Ryu_124.png
  artifactKey: Guid(d4f7eeba2eea71a4d9fbb2a9b6726ef3) Importer(815301076,1909f56bfc062723c751e8b465ee728b)
Start importing Assets/Image/Russian/Evil Ryu_124.png using Guid(d4f7eeba2eea71a4d9fbb2a9b6726ef3) Importer(815301076,1909f56bfc062723c751e8b465ee728b)  -> (artifact id: 'fcb93029cee097e37951e9caa7754fc5') in 0.021095 seconds
  Import took 0.032094 seconds .

========================================================================
Received Import Request.
  Time since last request: 20.064988 seconds.
  path: Assets/Image/Russian/Evil Ryu_124.png
  artifactKey: Guid(d4f7eeba2eea71a4d9fbb2a9b6726ef3) Importer(815301076,1909f56bfc062723c751e8b465ee728b)
Start importing Assets/Image/Russian/Evil Ryu_124.png using Guid(d4f7eeba2eea71a4d9fbb2a9b6726ef3) Importer(815301076,1909f56bfc062723c751e8b465ee728b)  -> (artifact id: '8cf03322ed7c2d6a3ab376b428714e1f') in 0.035568 seconds
  Import took 0.054400 seconds .

========================================================================
Received Import Request.
  Time since last request: 7.884442 seconds.
  path: Assets/Image/Russian/Evil Ryu_125.png
  artifactKey: Guid(782b32eb0ab740649b30987095bf3ee7) Importer(815301076,1909f56bfc062723c751e8b465ee728b)
Start importing Assets/Image/Russian/Evil Ryu_125.png using Guid(782b32eb0ab740649b30987095bf3ee7) Importer(815301076,1909f56bfc062723c751e8b465ee728b)  -> (artifact id: 'a396a18ac42d5424d3fc0bf5e0d6f3c9') in 0.025178 seconds
  Import took 0.032575 seconds .

========================================================================
Received Import Request.
  Time since last request: 17.562498 seconds.
  path: Assets/Image/Russian/Evil Ryu_125.png
  artifactKey: Guid(782b32eb0ab740649b30987095bf3ee7) Importer(815301076,1909f56bfc062723c751e8b465ee728b)
Start importing Assets/Image/Russian/Evil Ryu_125.png using Guid(782b32eb0ab740649b30987095bf3ee7) Importer(815301076,1909f56bfc062723c751e8b465ee728b)  -> (artifact id: '67b2a66749623bc5e7ca5c879929964b') in 0.027642 seconds
  Import took 0.036431 seconds .

========================================================================
Received Import Request.
  Time since last request: 8.860775 seconds.
  path: Assets/Image/Russian/Evil Ryu_126.png
  artifactKey: Guid(bf3e22c7de2b2164c99d1a4a144587f3) Importer(815301076,1909f56bfc062723c751e8b465ee728b)
Start importing Assets/Image/Russian/Evil Ryu_126.png using Guid(bf3e22c7de2b2164c99d1a4a144587f3) Importer(815301076,1909f56bfc062723c751e8b465ee728b)  -> (artifact id: '81b0c344b8b8dca2e01e2aa9088073f5') in 0.025178 seconds
  Import took 0.037233 seconds .

========================================================================
Received Import Request.
  Time since last request: 22.086104 seconds.
  path: Assets/Image/Russian/Evil Ryu_126.png
  artifactKey: Guid(bf3e22c7de2b2164c99d1a4a144587f3) Importer(815301076,1909f56bfc062723c751e8b465ee728b)
Start importing Assets/Image/Russian/Evil Ryu_126.png using Guid(bf3e22c7de2b2164c99d1a4a144587f3) Importer(815301076,1909f56bfc062723c751e8b465ee728b)  -> (artifact id: '69a9379dee1665c7a183781925c25bd8') in 0.024736 seconds
  Import took 0.031615 seconds .

========================================================================
Received Import Request.
  Time since last request: 9.778370 seconds.
  path: Assets/Image/Russian/Evil Ryu_127.png
  artifactKey: Guid(658200387fffe98448784e837bcddd4f) Importer(815301076,1909f56bfc062723c751e8b465ee728b)
Start importing Assets/Image/Russian/Evil Ryu_127.png using Guid(658200387fffe98448784e837bcddd4f) Importer(815301076,1909f56bfc062723c751e8b465ee728b)  -> (artifact id: '3da77aeda3c85e38f8e6e60fbae4fff9') in 0.021661 seconds
  Import took 0.027898 seconds .

========================================================================
Received Import Request.
  Time since last request: 28.062518 seconds.
  path: Assets/Image/Russian/Evil Ryu_127.png
  artifactKey: Guid(658200387fffe98448784e837bcddd4f) Importer(815301076,1909f56bfc062723c751e8b465ee728b)
Start importing Assets/Image/Russian/Evil Ryu_127.png using Guid(658200387fffe98448784e837bcddd4f) Importer(815301076,1909f56bfc062723c751e8b465ee728b)  -> (artifact id: 'd47936659a1738bcf1db90790e70d40d') in 0.032828 seconds
  Import took 0.040782 seconds .

========================================================================
Received Import Request.
  Time since last request: 7.553267 seconds.
  path: Assets/Image/Russian/Evil Ryu_128.png
  artifactKey: Guid(930c148c34ba45c4a828c00345313680) Importer(815301076,1909f56bfc062723c751e8b465ee728b)
Start importing Assets/Image/Russian/Evil Ryu_128.png using Guid(930c148c34ba45c4a828c00345313680) Importer(815301076,1909f56bfc062723c751e8b465ee728b)  -> (artifact id: '7dddb74ca28e58deacdde92edf5be5bc') in 0.024677 seconds
  Import took 0.030500 seconds .

========================================================================
Received Import Request.
  Time since last request: 16.962676 seconds.
  path: Assets/Image/Russian/Evil Ryu_128.png
  artifactKey: Guid(930c148c34ba45c4a828c00345313680) Importer(815301076,1909f56bfc062723c751e8b465ee728b)
Start importing Assets/Image/Russian/Evil Ryu_128.png using Guid(930c148c34ba45c4a828c00345313680) Importer(815301076,1909f56bfc062723c751e8b465ee728b)  -> (artifact id: '96721b2e5608bfe093212108126575b4') in 0.031476 seconds
  Import took 0.047418 seconds .

========================================================================
Received Prepare
Registering precompiled user dll's ...
Registered in 0.004822 seconds.
Begin MonoManager ReloadAssembly
Native extension for WindowsStandalone target not found
Refreshing native plugins compatible for Editor in 0.72 ms, found 1 plugins.
Preloading 0 native plugins for Editor in 0.00 ms.
Mono: successfully reloaded assembly
- Completed reload, in  2.543 seconds
Platform modules already initialized, skipping
Refreshing native plugins compatible for Editor in 2.89 ms, found 1 plugins.
Preloading 0 native plugins for Editor in 0.00 ms.
Unloading 1820 Unused Serialized files (Serialized files now loaded: 0)
System memory in use before: 89.0 MB.
System memory in use after: 88.9 MB.

Unloading 12 unused Assets to reduce memory usage. Loaded Objects now: 2386.
Total: 6.196000 ms (FindLiveObjects: 0.425500 ms CreateObjectMapping: 0.207200 ms MarkObjects: 5.148300 ms  DeleteObjects: 0.411400 ms)

========================================================================
Received Import Request.
  Time since last request: 117.058212 seconds.
  path: Assets/Image/Russian/RussianBullet.anim
  artifactKey: Guid(8458f90ebad0ad641bedee54d1c9f245) Importer(815301076,1909f56bfc062723c751e8b465ee728b)
Start importing Assets/Image/Russian/RussianBullet.anim using Guid(8458f90ebad0ad641bedee54d1c9f245) Importer(815301076,1909f56bfc062723c751e8b465ee728b)  -> (artifact id: '481d534369cffed67e1609ad579e07ca') in 0.056245 seconds
  Import took 0.063457 seconds .

========================================================================
Received Import Request.
  Time since last request: 6.231663 seconds.
  path: Assets/Image/Russian/Evil Ryu_113_0.controller
  artifactKey: Guid(40c48adf94cf86242a3b0c3c1bff7fe9) Importer(815301076,1909f56bfc062723c751e8b465ee728b)
Start importing Assets/Image/Russian/Evil Ryu_113_0.controller using Guid(40c48adf94cf86242a3b0c3c1bff7fe9) Importer(815301076,1909f56bfc062723c751e8b465ee728b)  -> (artifact id: 'd5c44052b7d8390c3aa82f206374cd6e') in 0.015411 seconds
  Import took 0.021351 seconds .

========================================================================
Received Prepare
Registering precompiled user dll's ...
Registered in 0.005147 seconds.
Begin MonoManager ReloadAssembly
Native extension for WindowsStandalone target not found
Refreshing native plugins compatible for Editor in 1.20 ms, found 1 plugins.
Preloading 0 native plugins for Editor in 0.00 ms.
Mono: successfully reloaded assembly
- Completed reload, in  2.305 seconds
Platform modules already initialized, skipping
Refreshing native plugins compatible for Editor in 2.02 ms, found 1 plugins.
Preloading 0 native plugins for Editor in 0.00 ms.
Unloading 1820 Unused Serialized files (Serialized files now loaded: 0)
System memory in use before: 89.0 MB.
System memory in use after: 89.0 MB.

Unloading 12 unused Assets to reduce memory usage. Loaded Objects now: 2390.
Total: 5.996400 ms (FindLiveObjects: 0.579800 ms CreateObjectMapping: 0.277300 ms MarkObjects: 4.994200 ms  DeleteObjects: 0.142700 ms)

========================================================================
Received Prepare
Registering precompiled user dll's ...
Registered in 0.025088 seconds.
Begin MonoManager ReloadAssembly
Native extension for WindowsStandalone target not found
Refreshing native plugins compatible for Editor in 1.20 ms, found 1 plugins.
Preloading 0 native plugins for Editor in 0.00 ms.
Mono: successfully reloaded assembly
- Completed reload, in  2.257 seconds
Platform modules already initialized, skipping
Refreshing native plugins compatible for Editor in 0.72 ms, found 1 plugins.
Preloading 0 native plugins for Editor in 0.00 ms.
Unloading 1820 Unused Serialized files (Serialized files now loaded: 0)
System memory in use before: 89.0 MB.
System memory in use after: 89.0 MB.

Unloading 12 unused Assets to reduce memory usage. Loaded Objects now: 2394.
Total: 4.304200 ms (FindLiveObjects: 0.422000 ms CreateObjectMapping: 0.167400 ms MarkObjects: 3.507400 ms  DeleteObjects: 0.204700 ms)

========================================================================
Received Import Request.
  Time since last request: 79.869168 seconds.
  path: Assets/RussianBulletMove.cs
  artifactKey: Guid(814f93fb5cf4f7d4d93e10ed96946b33) Importer(815301076,1909f56bfc062723c751e8b465ee728b)
Start importing Assets/RussianBulletMove.cs using Guid(814f93fb5cf4f7d4d93e10ed96946b33) Importer(815301076,1909f56bfc062723c751e8b465ee728b)  -> (artifact id: '5bf0589620e75e7b631dccc714899d20') in 0.053940 seconds
  Import took 0.061970 seconds .

========================================================================
Received Import Request.
  Time since last request: 0.026285 seconds.
  path: Assets/RussianBulletMove.cs
  artifactKey: Guid(814f93fb5cf4f7d4d93e10ed96946b33) Importer(815301076,1909f56bfc062723c751e8b465ee728b)
Start importing Assets/RussianBulletMove.cs using Guid(814f93fb5cf4f7d4d93e10ed96946b33) Importer(815301076,1909f56bfc062723c751e8b465ee728b)  -> (artifact id: '5bf0589620e75e7b631dccc714899d20') in 0.012497 seconds
  Import took 0.022612 seconds .

========================================================================
Received Prepare
Registering precompiled user dll's ...
Registered in 0.007783 seconds.
Begin MonoManager ReloadAssembly
Native extension for WindowsStandalone target not found
Refreshing native plugins compatible for Editor in 0.53 ms, found 1 plugins.
Preloading 0 native plugins for Editor in 0.00 ms.
Mono: successfully reloaded assembly
- Completed reload, in  2.078 seconds
Platform modules already initialized, skipping
Refreshing native plugins compatible for Editor in 0.78 ms, found 1 plugins.
Preloading 0 native plugins for Editor in 0.00 ms.
Unloading 1821 Unused Serialized files (Serialized files now loaded: 0)
System memory in use before: 89.0 MB.
System memory in use after: 89.0 MB.

Unloading 12 unused Assets to reduce memory usage. Loaded Objects now: 2399.
Total: 2.851100 ms (FindLiveObjects: 0.377000 ms CreateObjectMapping: 0.134500 ms MarkObjects: 2.190300 ms  DeleteObjects: 0.147100 ms)

========================================================================
Received Prepare
Registering precompiled user dll's ...
Registered in 0.007247 seconds.
Begin MonoManager ReloadAssembly
Native extension for WindowsStandalone target not found
Refreshing native plugins compatible for Editor in 0.45 ms, found 1 plugins.
Preloading 0 native plugins for Editor in 0.00 ms.
Mono: successfully reloaded assembly
- Completed reload, in  2.287 seconds
Platform modules already initialized, skipping
Refreshing native plugins compatible for Editor in 0.84 ms, found 1 plugins.
Preloading 0 native plugins for Editor in 0.00 ms.
Unloading 1821 Unused Serialized files (Serialized files now loaded: 0)
System memory in use before: 89.0 MB.
System memory in use after: 89.0 MB.

Unloading 12 unused Assets to reduce memory usage. Loaded Objects now: 2403.
Total: 3.707300 ms (FindLiveObjects: 0.529200 ms CreateObjectMapping: 0.254000 ms MarkObjects: 2.701600 ms  DeleteObjects: 0.220100 ms)

========================================================================
Received Prepare
Registering precompiled user dll's ...
Registered in 0.004816 seconds.
Begin MonoManager ReloadAssembly
Native extension for WindowsStandalone target not found
Refreshing native plugins compatible for Editor in 0.44 ms, found 1 plugins.
Preloading 0 native plugins for Editor in 0.00 ms.
Mono: successfully reloaded assembly
- Completed reload, in  2.003 seconds
Platform modules already initialized, skipping
Refreshing native plugins compatible for Editor in 0.73 ms, found 1 plugins.
Preloading 0 native plugins for Editor in 0.00 ms.
Unloading 1821 Unused Serialized files (Serialized files now loaded: 0)
System memory in use before: 89.0 MB.
System memory in use after: 89.0 MB.

Unloading 12 unused Assets to reduce memory usage. Loaded Objects now: 2407.
Total: 3.668200 ms (FindLiveObjects: 0.230400 ms CreateObjectMapping: 0.176100 ms MarkObjects: 3.057700 ms  DeleteObjects: 0.201700 ms)

========================================================================
Received Import Request.
  Time since last request: 456.770006 seconds.
  path: Assets/PreFabs
  artifactKey: Guid(cd6053bc372292d478939eae6a62d901) Importer(815301076,1909f56bfc062723c751e8b465ee728b)
Start importing Assets/PreFabs using Guid(cd6053bc372292d478939eae6a62d901) Importer(815301076,1909f56bfc062723c751e8b465ee728b)  -> (artifact id: '0a438af18f766e431aea0dc2b47ce573') in 0.025413 seconds
  Import took 0.031858 seconds .

========================================================================
Received Import Request.
  Time since last request: 0.069914 seconds.
  path: Assets/PreFabs/Bullet.prefab
  artifactKey: Guid(13abcf223fd8a2d498f10621074590fe) Importer(815301076,1909f56bfc062723c751e8b465ee728b)
Start importing Assets/PreFabs/Bullet.prefab using Guid(13abcf223fd8a2d498f10621074590fe) Importer(815301076,1909f56bfc062723c751e8b465ee728b)  -> (artifact id: '3c8f7488fb44af0dc6ec0717abd7d9fe') in 0.115715 seconds
  Import took 0.122933 seconds .

========================================================================
Received Import Request.
  Time since last request: 0.000456 seconds.
  path: Assets/PreFabs/Granade.prefab
  artifactKey: Guid(28da67542b61042408d7c08e25e47a7b) Importer(815301076,1909f56bfc062723c751e8b465ee728b)
Start importing Assets/PreFabs/Granade.prefab using Guid(28da67542b61042408d7c08e25e47a7b) Importer(815301076,1909f56bfc062723c751e8b465ee728b)  -> (artifact id: 'd5cde33ecc77ce2a19902e55e5e3221d') in 0.042366 seconds
  Import took 0.052081 seconds .

========================================================================
Received Import Request.
  Time since last request: 0.000531 seconds.
  path: Assets/PreFabs/Hp_enemy.prefab
  artifactKey: Guid(c5129206fc2c52243bce7473972ff4f9) Importer(815301076,1909f56bfc062723c751e8b465ee728b)
Start importing Assets/PreFabs/Hp_enemy.prefab using Guid(c5129206fc2c52243bce7473972ff4f9) Importer(815301076,1909f56bfc062723c751e8b465ee728b)  -> (artifact id: 'd5ae538cb7ecae13031c9f40095721f4') in 0.034728 seconds
  Import took 0.041209 seconds .

========================================================================
Received Import Request.
  Time since last request: 0.000390 seconds.
  path: Assets/PreFabs/Wall.prefab
  artifactKey: Guid(a17734ad73e8c6749a53ef6a3f3944cf) Importer(815301076,1909f56bfc062723c751e8b465ee728b)
Start importing Assets/PreFabs/Wall.prefab using Guid(a17734ad73e8c6749a53ef6a3f3944cf) Importer(815301076,1909f56bfc062723c751e8b465ee728b)  -> (artifact id: '60df30e4a4e77f847cf42e342f1da9fe') in 0.053381 seconds
  Import took 0.060750 seconds .

========================================================================
Received Import Request.
  Time since last request: 0.000396 seconds.
  path: Assets/PreFabs/Button_DamageUp.prefab
  artifactKey: Guid(6f68b254025e52948a3253cfaaf01240) Importer(815301076,1909f56bfc062723c751e8b465ee728b)
Start importing Assets/PreFabs/Button_DamageUp.prefab using Guid(6f68b254025e52948a3253cfaaf01240) Importer(815301076,1909f56bfc062723c751e8b465ee728b)  -> (artifact id: 'd92ec53716618781d277072926426626') in 0.060655 seconds
  Import took 0.066693 seconds .

========================================================================
Received Import Request.
  Time since last request: 0.000517 seconds.
  path: Assets/PreFabs/Button_HpUp.prefab
  artifactKey: Guid(a9fedcd1dfd762d4fbf8651aacfe6a4d) Importer(815301076,1909f56bfc062723c751e8b465ee728b)
Start importing Assets/PreFabs/Button_HpUp.prefab using Guid(a9fedcd1dfd762d4fbf8651aacfe6a4d) Importer(815301076,1909f56bfc062723c751e8b465ee728b)  -> (artifact id: '0a19855b2cf71d57e94309a2a5a6a1b1') in 0.025612 seconds
  Import took 0.031547 seconds .

========================================================================
Received Import Request.
  Time since last request: 0.000478 seconds.
  path: Assets/PreFabs/McCree.prefab
  artifactKey: Guid(fb69257244c8f6448abe002102354e8e) Importer(815301076,1909f56bfc062723c751e8b465ee728b)
Start importing Assets/PreFabs/McCree.prefab using Guid(fb69257244c8f6448abe002102354e8e) Importer(815301076,1909f56bfc062723c751e8b465ee728b)  -> (artifact id: 'c1a1487376f994ccf5230218931371ac') in 0.078073 seconds
  Import took 0.090716 seconds .

========================================================================
Received Import Request.
  Time since last request: 0.001353 seconds.
  path: Assets/PreFabs/Gun.prefab
  artifactKey: Guid(9e74a36cd12502546b117965144c3235) Importer(815301076,1909f56bfc062723c751e8b465ee728b)
Start importing Assets/PreFabs/Gun.prefab using Guid(9e74a36cd12502546b117965144c3235) Importer(815301076,1909f56bfc062723c751e8b465ee728b)  -> (artifact id: '7c9573a821f2266e78ea7fa19bf82fb0') in 0.054070 seconds
  Import took 0.068826 seconds .

========================================================================
Received Import Request.
  Time since last request: 0.000545 seconds.
  path: Assets/PreFabs/Enemy.prefab
  artifactKey: Guid(61a8f593c65de114aade586d8aeaa3be) Importer(815301076,1909f56bfc062723c751e8b465ee728b)
Start importing Assets/PreFabs/Enemy.prefab using Guid(61a8f593c65de114aade586d8aeaa3be) Importer(815301076,1909f56bfc062723c751e8b465ee728b)  -> (artifact id: 'bf82935f4bc46df6e230f15bb200833c') in 0.044571 seconds
  Import took 0.054340 seconds .

========================================================================
Received Import Request.
  Time since last request: 0.000614 seconds.
  path: Assets/PreFabs/Button_Addgun.prefab
  artifactKey: Guid(bac2e8f4b9d9aaa45bc6db7c8ef47266) Importer(815301076,1909f56bfc062723c751e8b465ee728b)
Start importing Assets/PreFabs/Button_Addgun.prefab using Guid(bac2e8f4b9d9aaa45bc6db7c8ef47266) Importer(815301076,1909f56bfc062723c751e8b465ee728b)  -> (artifact id: '4116361d871b5210ba93275fa153dd3f') in 0.022316 seconds
  Import took 0.032270 seconds .

========================================================================
Received Import Request.
  Time since last request: 0.000427 seconds.
  path: Assets/PreFabs/Button_FullHp.prefab
  artifactKey: Guid(8dd924e2c6851b947a0e22d13f8f4937) Importer(815301076,1909f56bfc062723c751e8b465ee728b)
Start importing Assets/PreFabs/Button_FullHp.prefab using Guid(8dd924e2c6851b947a0e22d13f8f4937) Importer(815301076,1909f56bfc062723c751e8b465ee728b)  -> (artifact id: '2697063288ae4d74f4010076d764255a') in 0.024791 seconds
  Import took 0.035526 seconds .

========================================================================
Received Import Request.
  Time since last request: 0.000438 seconds.
  path: Assets/PreFabs/Button_DelayUp.prefab
  artifactKey: Guid(63424b511e751af4bb967d5d99ec3015) Importer(815301076,1909f56bfc062723c751e8b465ee728b)
Start importing Assets/PreFabs/Button_DelayUp.prefab using Guid(63424b511e751af4bb967d5d99ec3015) Importer(815301076,1909f56bfc062723c751e8b465ee728b)  -> (artifact id: '1a18164eec3ceb72972fb3cf57b00526') in 0.018597 seconds
  Import took 0.025780 seconds .

========================================================================
Received Import Request.
  Time since last request: 0.000414 seconds.
  path: Assets/PreFabs/Explosion.prefab
  artifactKey: Guid(2c2ef8c0e21d5fa4298caa44330a17a6) Importer(815301076,1909f56bfc062723c751e8b465ee728b)
Start importing Assets/PreFabs/Explosion.prefab using Guid(2c2ef8c0e21d5fa4298caa44330a17a6) Importer(815301076,1909f56bfc062723c751e8b465ee728b)  -> (artifact id: 'ac0c9145384e29b427a75400241b588e') in 0.039816 seconds
  Import took 0.046998 seconds .

========================================================================
Received Import Request.
  Time since last request: 0.000841 seconds.
  path: Assets/PreFabs/Target.prefab
  artifactKey: Guid(40750acc271606b4a94bf67152ac77a1) Importer(815301076,1909f56bfc062723c751e8b465ee728b)
Start importing Assets/PreFabs/Target.prefab using Guid(40750acc271606b4a94bf67152ac77a1) Importer(815301076,1909f56bfc062723c751e8b465ee728b)  -> (artifact id: '8cbc12028600b8db96ab0f23965ca6d5') in 0.048591 seconds
  Import took 0.056371 seconds .

========================================================================
Received Import Request.
  Time since last request: 1.895073 seconds.
  path: Assets/PreFabs/RussianBullet.prefab
  artifactKey: Guid(38117aef2a7c58d4ab2ed6bc0b2e9f91) Importer(815301076,1909f56bfc062723c751e8b465ee728b)
Start importing Assets/PreFabs/RussianBullet.prefab using Guid(38117aef2a7c58d4ab2ed6bc0b2e9f91) Importer(815301076,1909f56bfc062723c751e8b465ee728b)  -> (artifact id: 'a0cae72ce6fad89d8b97cb20d57b3508') in 0.044129 seconds
  Import took 0.050434 seconds .

========================================================================
Received Import Request.
  Time since last request: 0.000709 seconds.
  path: Assets/PreFabs/RussianBullet.prefab
  artifactKey: Guid(38117aef2a7c58d4ab2ed6bc0b2e9f91) Importer(815301076,1909f56bfc062723c751e8b465ee728b)
Start importing Assets/PreFabs/RussianBullet.prefab using Guid(38117aef2a7c58d4ab2ed6bc0b2e9f91) Importer(815301076,1909f56bfc062723c751e8b465ee728b)  -> (artifact id: 'a0cae72ce6fad89d8b97cb20d57b3508') in 0.027446 seconds
  Import took 0.032666 seconds .

========================================================================
Received Prepare
Registering precompiled user dll's ...
Registered in 0.008982 seconds.
Begin MonoManager ReloadAssembly
Native extension for WindowsStandalone target not found
Refreshing native plugins compatible for Editor in 0.46 ms, found 1 plugins.
Preloading 0 native plugins for Editor in 0.00 ms.
Mono: successfully reloaded assembly
- Completed reload, in  1.925 seconds
Platform modules already initialized, skipping
Refreshing native plugins compatible for Editor in 0.72 ms, found 1 plugins.
Preloading 0 native plugins for Editor in 0.00 ms.
Unloading 1821 Unused Serialized files (Serialized files now loaded: 0)
System memory in use before: 89.2 MB.
System memory in use after: 89.2 MB.

Unloading 13 unused Assets to reduce memory usage. Loaded Objects now: 2414.
Total: 2.962300 ms (FindLiveObjects: 0.305000 ms CreateObjectMapping: 0.191400 ms MarkObjects: 2.328100 ms  DeleteObjects: 0.136100 ms)

========================================================================
Received Import Request.
  Time since last request: 42.912203 seconds.
  path: Assets/PreFabs/RussianBullet.prefab
  artifactKey: Guid(38117aef2a7c58d4ab2ed6bc0b2e9f91) Importer(815301076,1909f56bfc062723c751e8b465ee728b)
Start importing Assets/PreFabs/RussianBullet.prefab using Guid(38117aef2a7c58d4ab2ed6bc0b2e9f91) Importer(815301076,1909f56bfc062723c751e8b465ee728b)  -> (artifact id: '4694974a7067fb6432701cb0eba766b2') in 0.119517 seconds
  Import took 0.127742 seconds .

========================================================================
Received Prepare
Registering precompiled user dll's ...
Registered in 0.008881 seconds.
Begin MonoManager ReloadAssembly
Native extension for WindowsStandalone target not found
Refreshing native plugins compatible for Editor in 0.45 ms, found 1 plugins.
Preloading 0 native plugins for Editor in 0.00 ms.
Mono: successfully reloaded assembly
- Completed reload, in  2.076 seconds
Platform modules already initialized, skipping
Refreshing native plugins compatible for Editor in 0.77 ms, found 1 plugins.
Preloading 0 native plugins for Editor in 0.00 ms.
Unloading 1821 Unused Serialized files (Serialized files now loaded: 0)
System memory in use before: 89.2 MB.
System memory in use after: 89.2 MB.

Unloading 12 unused Assets to reduce memory usage. Loaded Objects now: 2419.
Total: 2.873300 ms (FindLiveObjects: 0.410700 ms CreateObjectMapping: 0.098700 ms MarkObjects: 2.223800 ms  DeleteObjects: 0.137400 ms)

========================================================================
Received Import Request.
  Time since last request: 28.868023 seconds.
  path: Assets/PreFabs/RussianBullet.prefab
  artifactKey: Guid(38117aef2a7c58d4ab2ed6bc0b2e9f91) Importer(815301076,1909f56bfc062723c751e8b465ee728b)
Start importing Assets/PreFabs/RussianBullet.prefab using Guid(38117aef2a7c58d4ab2ed6bc0b2e9f91) Importer(815301076,1909f56bfc062723c751e8b465ee728b)  -> (artifact id: 'ba664ccc9dfd92f8f3110d96274aea62') in 0.123967 seconds
  Import took 0.129793 seconds .

========================================================================
Received Import Request.
  Time since last request: 6.673361 seconds.
  path: Assets/PreFabs/RussianBullet.prefab
  artifactKey: Guid(38117aef2a7c58d4ab2ed6bc0b2e9f91) Importer(815301076,1909f56bfc062723c751e8b465ee728b)
Start importing Assets/PreFabs/RussianBullet.prefab using Guid(38117aef2a7c58d4ab2ed6bc0b2e9f91) Importer(815301076,1909f56bfc062723c751e8b465ee728b)  -> (artifact id: '48cc287675a40cb6742bd68a7446c785') in 0.032939 seconds
  Import took 0.042799 seconds .

========================================================================
Received Prepare
Registering precompiled user dll's ...
Registered in 0.005006 seconds.
Begin MonoManager ReloadAssembly
Native extension for WindowsStandalone target not found
Refreshing native plugins compatible for Editor in 0.48 ms, found 1 plugins.
Preloading 0 native plugins for Editor in 0.00 ms.
Mono: successfully reloaded assembly
- Completed reload, in  2.602 seconds
Platform modules already initialized, skipping
Refreshing native plugins compatible for Editor in 0.95 ms, found 1 plugins.
Preloading 0 native plugins for Editor in 0.00 ms.
Unloading 1821 Unused Serialized files (Serialized files now loaded: 0)
System memory in use before: 89.2 MB.
System memory in use after: 89.2 MB.

Unloading 12 unused Assets to reduce memory usage. Loaded Objects now: 2424.
Total: 16.217700 ms (FindLiveObjects: 1.898300 ms CreateObjectMapping: 0.660600 ms MarkObjects: 13.428800 ms  DeleteObjects: 0.227000 ms)

========================================================================
Received Prepare
Registering precompiled user dll's ...
Registered in 0.004984 seconds.
Begin MonoManager ReloadAssembly
Native extension for WindowsStandalone target not found
Refreshing native plugins compatible for Editor in 0.46 ms, found 1 plugins.
Preloading 0 native plugins for Editor in 0.00 ms.
Mono: successfully reloaded assembly
- Completed reload, in  2.199 seconds
Platform modules already initialized, skipping
Refreshing native plugins compatible for Editor in 1.00 ms, found 1 plugins.
Preloading 0 native plugins for Editor in 0.00 ms.
Unloading 1821 Unused Serialized files (Serialized files now loaded: 0)
System memory in use before: 89.2 MB.
System memory in use after: 89.2 MB.

Unloading 12 unused Assets to reduce memory usage. Loaded Objects now: 2428.
Total: 2.676500 ms (FindLiveObjects: 0.422700 ms CreateObjectMapping: 0.082800 ms MarkObjects: 2.027500 ms  DeleteObjects: 0.141400 ms)

========================================================================
Received Import Request.
  Time since last request: 81.907340 seconds.
  path: Assets/PreFabs/RussianBullet.prefab
  artifactKey: Guid(38117aef2a7c58d4ab2ed6bc0b2e9f91) Importer(815301076,1909f56bfc062723c751e8b465ee728b)
Start importing Assets/PreFabs/RussianBullet.prefab using Guid(38117aef2a7c58d4ab2ed6bc0b2e9f91) Importer(815301076,1909f56bfc062723c751e8b465ee728b)  -> (artifact id: 'df8650dff1c4a5644352926e3b852339') in 0.137410 seconds
  Import took 0.146721 seconds .

========================================================================
Received Import Request.
  Time since last request: 556.455658 seconds.
  path: Assets/PreFabs/russianEffect.prefab
  artifactKey: Guid(5d5d838206ca8a94fa4e3a7562aade39) Importer(815301076,1909f56bfc062723c751e8b465ee728b)
Start importing Assets/PreFabs/russianEffect.prefab using Guid(5d5d838206ca8a94fa4e3a7562aade39) Importer(815301076,1909f56bfc062723c751e8b465ee728b)  -> (artifact id: '97daf35a289d8e73a347ad23f370d1cb') in 0.125843 seconds
  Import took 0.135470 seconds .

========================================================================
Received Import Request.
  Time since last request: 0.002223 seconds.
  path: Assets/PreFabs/russianEffect.prefab
  artifactKey: Guid(5d5d838206ca8a94fa4e3a7562aade39) Importer(815301076,1909f56bfc062723c751e8b465ee728b)
Start importing Assets/PreFabs/russianEffect.prefab using Guid(5d5d838206ca8a94fa4e3a7562aade39) Importer(815301076,1909f56bfc062723c751e8b465ee728b)  -> (artifact id: '97daf35a289d8e73a347ad23f370d1cb') in 0.048762 seconds
  Import took 0.056612 seconds .

AssetImportWorkerClient::OnTransportError - code=2 error=End of file
